2022-02-09 18:09:19,977:facade_anonymus:DEBUG:Attempting Logging-in...
2022-02-09 18:09:20,051:facade_anonymus:INFO:Welcome, Admin l10r
2022-02-09 18:09:20,056:facade_anonymus:DEBUG:Attempting Logging-in...
2022-02-09 18:09:20,058:facade_anonymus:INFO:Welcome, Airline m4x1m
2022-02-09 18:09:20,063:facade_anonymus:DEBUG:Attempting Logging-in...
2022-02-09 18:09:20,066:facade_anonymus:INFO:Welcome, Customer 3m1l
2022-02-09 18:09:20,076:db_repo:WARNING:deleting all tables.
2022-02-09 18:09:20,076:db_repo:WARNING:deleting table countries.
2022-02-09 18:09:20,099:db_repo:WARNING:deleting table flights.
2022-02-09 18:09:20,104:db_repo:WARNING:deleting table tickets.
2022-02-09 18:09:20,115:db_repo:WARNING:deleting table airline_companies.
2022-02-09 18:09:20,123:db_repo:WARNING:deleting table administrators.
2022-02-09 18:09:20,134:db_repo:WARNING:deleting table customers.
2022-02-09 18:09:20,143:db_repo:WARNING:deleting table users.
2022-02-09 18:09:20,152:db_repo:WARNING:deleting table user_roles.
2022-02-09 18:09:20,285:db_repo:DEBUG:Reseting initial DB.
2022-02-09 18:09:20,615:db_repo:DEBUG:From C:\git\pyCodeBasement\FINAL_PROJECT\sp_file.sql - All SP were created.
2022-02-09 18:16:50,838:facade_anonymus:DEBUG:Attempting Logging-in...
2022-02-09 18:16:50,900:facade_anonymus:INFO:Welcome, Admin l10r
2022-02-09 18:16:50,906:facade_anonymus:DEBUG:Attempting Logging-in...
2022-02-09 18:16:50,908:facade_anonymus:INFO:Welcome, Airline m4x1m
2022-02-09 18:16:50,917:facade_anonymus:DEBUG:Attempting Logging-in...
2022-02-09 18:16:50,919:facade_anonymus:INFO:Welcome, Customer 3m1l
2022-02-09 18:16:50,928:db_repo:WARNING:deleting all tables.
2022-02-09 18:16:50,928:db_repo:WARNING:deleting table countries.
2022-02-09 18:16:50,937:db_repo:WARNING:deleting table flights.
2022-02-09 18:16:50,946:db_repo:WARNING:deleting table tickets.
2022-02-09 18:16:50,950:db_repo:WARNING:deleting table airline_companies.
2022-02-09 18:16:50,962:db_repo:WARNING:deleting table administrators.
2022-02-09 18:16:50,968:db_repo:WARNING:deleting table customers.
2022-02-09 18:16:50,980:db_repo:WARNING:deleting table users.
2022-02-09 18:16:50,990:db_repo:WARNING:deleting table user_roles.
2022-02-09 18:16:51,113:db_repo:DEBUG:Reseting initial DB.
2022-02-09 18:16:51,437:db_repo:DEBUG:From C:\git\pyCodeBasement\FINAL_PROJECT\sp_file.sql - All SP were created.
