2022-01-31 15:56:15,708:facade_anonymus:DEBUG:Attempting Logging-in...
2022-01-31 15:56:15,779:facade_anonymus:INFO:Welcome, Admin l10r
2022-01-31 15:56:15,785:facade_anonymus:DEBUG:Attempting Logging-in...
2022-01-31 15:56:15,789:facade_anonymus:INFO:Welcome, Airline m4x1m
2022-01-31 15:56:15,796:facade_anonymus:DEBUG:Attempting Logging-in...
2022-01-31 15:56:15,800:facade_anonymus:INFO:Welcome, Customer 3m1l
2022-01-31 15:56:15,808:db_repo:WARNING:deleting all tables.
2022-01-31 15:56:15,809:db_repo:WARNING:deleting table countries.
2022-01-31 15:56:15,827:db_repo:WARNING:deleting table flights.
2022-01-31 15:56:15,833:db_repo:WARNING:deleting table tickets.
2022-01-31 15:56:15,842:db_repo:WARNING:deleting table airline_companies.
2022-01-31 15:56:15,850:db_repo:WARNING:deleting table administrators.
2022-01-31 15:56:15,861:db_repo:WARNING:deleting table customers.
2022-01-31 15:56:15,870:db_repo:WARNING:deleting table users.
2022-01-31 15:56:15,881:db_repo:WARNING:deleting table user_roles.
2022-01-31 15:57:49,834:facade_anonymus:DEBUG:Attempting Logging-in...
2022-01-31 15:57:49,908:facade_anonymus:INFO:Welcome, Admin l10r
2022-01-31 15:57:49,915:facade_anonymus:DEBUG:Attempting Logging-in...
2022-01-31 15:57:49,919:facade_anonymus:INFO:Welcome, Airline m4x1m
2022-01-31 15:57:49,925:facade_anonymus:DEBUG:Attempting Logging-in...
2022-01-31 15:57:49,931:facade_anonymus:INFO:Welcome, Customer 3m1l
2022-01-31 15:57:49,938:db_repo:WARNING:deleting all tables.
2022-01-31 15:57:49,938:db_repo:WARNING:deleting table countries.
2022-01-31 15:57:49,951:db_repo:WARNING:deleting table flights.
2022-01-31 15:57:49,960:db_repo:WARNING:deleting table tickets.
2022-01-31 15:57:49,967:db_repo:WARNING:deleting table airline_companies.
2022-01-31 15:57:49,974:db_repo:WARNING:deleting table administrators.
2022-01-31 15:57:49,984:db_repo:WARNING:deleting table customers.
2022-01-31 15:57:49,996:db_repo:WARNING:deleting table users.
2022-01-31 15:57:50,004:db_repo:WARNING:deleting table user_roles.
2022-01-31 16:07:10,060:facade_anonymus:DEBUG:Attempting Logging-in...
2022-01-31 16:07:10,138:facade_anonymus:INFO:Welcome, Admin l10r
2022-01-31 16:07:10,145:facade_anonymus:DEBUG:Attempting Logging-in...
2022-01-31 16:07:10,151:facade_anonymus:INFO:Welcome, Airline m4x1m
2022-01-31 16:07:10,157:facade_anonymus:DEBUG:Attempting Logging-in...
2022-01-31 16:07:10,161:facade_anonymus:INFO:Welcome, Customer 3m1l
2022-01-31 16:07:10,170:db_repo:WARNING:deleting all tables.
2022-01-31 16:07:10,170:db_repo:WARNING:deleting table countries.
2022-01-31 16:07:10,184:db_repo:WARNING:deleting table flights.
2022-01-31 16:07:10,190:db_repo:WARNING:deleting table tickets.
2022-01-31 16:07:10,197:db_repo:WARNING:deleting table airline_companies.
2022-01-31 16:07:10,206:db_repo:WARNING:deleting table administrators.
2022-01-31 16:07:10,217:db_repo:WARNING:deleting table customers.
2022-01-31 16:07:10,225:db_repo:WARNING:deleting table users.
2022-01-31 16:07:10,234:db_repo:WARNING:deleting table user_roles.
2022-01-31 16:08:14,574:facade_anonymus:DEBUG:Attempting Logging-in...
2022-01-31 16:08:14,643:facade_anonymus:INFO:Welcome, Admin l10r
2022-01-31 16:08:14,651:facade_anonymus:DEBUG:Attempting Logging-in...
2022-01-31 16:08:14,655:facade_anonymus:INFO:Welcome, Airline m4x1m
2022-01-31 16:08:14,659:facade_anonymus:DEBUG:Attempting Logging-in...
2022-01-31 16:08:14,663:facade_anonymus:INFO:Welcome, Customer 3m1l
2022-01-31 16:08:14,672:db_repo:WARNING:deleting all tables.
2022-01-31 16:08:14,672:db_repo:WARNING:deleting table countries.
2022-01-31 16:08:14,684:db_repo:WARNING:deleting table flights.
2022-01-31 16:08:14,689:db_repo:WARNING:deleting table tickets.
2022-01-31 16:08:14,695:db_repo:WARNING:deleting table airline_companies.
2022-01-31 16:08:14,705:db_repo:WARNING:deleting table administrators.
2022-01-31 16:08:14,711:db_repo:WARNING:deleting table customers.
2022-01-31 16:08:14,723:db_repo:WARNING:deleting table users.
2022-01-31 16:08:14,730:db_repo:WARNING:deleting table user_roles.
2022-01-31 16:08:15,161:db_repo:DEBUG:From C:\git\pyCodeBasement\FINAL_PROJECT\sp_file.sql - All SP were created.
2022-01-31 16:10:20,041:facade_anonymus:DEBUG:Attempting Logging-in...
2022-01-31 16:10:20,104:facade_anonymus:INFO:Welcome, Admin l10r
2022-01-31 16:10:20,108:facade_anonymus:DEBUG:Attempting Logging-in...
2022-01-31 16:10:20,113:facade_anonymus:INFO:Welcome, Airline m4x1m
2022-01-31 16:10:20,120:facade_anonymus:DEBUG:Attempting Logging-in...
2022-01-31 16:10:20,125:facade_anonymus:INFO:Welcome, Customer 3m1l
2022-01-31 16:10:20,133:db_repo:WARNING:deleting all tables.
2022-01-31 16:10:20,133:db_repo:WARNING:deleting table countries.
2022-01-31 16:10:20,144:db_repo:WARNING:deleting table flights.
2022-01-31 16:10:20,150:db_repo:WARNING:deleting table tickets.
2022-01-31 16:10:20,155:db_repo:WARNING:deleting table airline_companies.
2022-01-31 16:10:20,164:db_repo:WARNING:deleting table administrators.
2022-01-31 16:10:20,170:db_repo:WARNING:deleting table customers.
2022-01-31 16:10:20,181:db_repo:WARNING:deleting table users.
2022-01-31 16:10:20,188:db_repo:WARNING:deleting table user_roles.
2022-01-31 16:10:20,595:db_repo:DEBUG:From C:\git\pyCodeBasement\FINAL_PROJECT\sp_file.sql - All SP were created.
2022-01-31 16:10:42,658:facade_anonymus:DEBUG:Attempting Logging-in...
2022-01-31 16:10:42,729:facade_anonymus:INFO:Welcome, Admin l10r
2022-01-31 16:10:42,735:facade_anonymus:DEBUG:Attempting Logging-in...
2022-01-31 16:10:42,739:facade_anonymus:INFO:Welcome, Airline m4x1m
2022-01-31 16:10:42,746:facade_anonymus:DEBUG:Attempting Logging-in...
2022-01-31 16:10:42,749:facade_anonymus:INFO:Welcome, Customer 3m1l
2022-01-31 16:10:42,756:db_repo:WARNING:deleting all tables.
2022-01-31 16:10:42,756:db_repo:WARNING:deleting table countries.
2022-01-31 16:10:42,767:db_repo:WARNING:deleting table flights.
2022-01-31 16:10:42,772:db_repo:WARNING:deleting table tickets.
2022-01-31 16:10:42,779:db_repo:WARNING:deleting table airline_companies.
2022-01-31 16:10:42,785:db_repo:WARNING:deleting table administrators.
2022-01-31 16:10:42,793:db_repo:WARNING:deleting table customers.
2022-01-31 16:10:42,801:db_repo:WARNING:deleting table users.
2022-01-31 16:10:42,810:db_repo:WARNING:deleting table user_roles.
2022-01-31 16:10:43,212:db_repo:DEBUG:From C:\git\pyCodeBasement\FINAL_PROJECT\sp_file.sql - All SP were created.
