2022-05-25 18:40:04,702:facade_anonymus:DEBUG:Attempting Logging-in...
2022-05-25 18:44:47,838:facade_anonymus:DEBUG:Attempting Logging-in...
2022-05-25 18:45:25,111:facade_anonymus:DEBUG:Attempting Logging-in...
2022-05-25 18:45:25,388:facade_anonymus:INFO:Welcome, l10r
2022-05-25 18:45:25,388:facade_anonymus:DEBUG:Attempting Logging-in...
2022-05-25 18:45:25,469:facade_anonymus:INFO:Welcome, m4x1m
2022-05-25 18:45:25,469:facade_anonymus:DEBUG:Attempting Logging-in...
2022-05-25 18:45:25,549:facade_anonymus:INFO:Welcome, 3m1l
2022-05-25 18:45:25,549:db_repo:DEBUG:Reseting initial DB.
2022-05-25 18:45:25,549:db_repo:WARNING:deleting all tables.
2022-05-25 18:45:25,549:db_repo:WARNING:deleting table countries.
2022-05-25 18:45:25,599:db_repo:WARNING:deleting table flights.
2022-05-25 18:45:25,607:db_repo:WARNING:deleting table tickets.
2022-05-25 18:45:25,615:db_repo:WARNING:deleting table airline_companies.
2022-05-25 18:45:25,623:db_repo:WARNING:deleting table administrators.
2022-05-25 18:45:25,639:db_repo:WARNING:deleting table customers.
2022-05-25 18:45:25,655:db_repo:WARNING:deleting table users.
2022-05-25 18:45:25,670:db_repo:WARNING:deleting table user_roles.
2022-05-25 18:45:26,125:db_repo:DEBUG:Adding An Entry to DB.
2022-05-25 18:45:26,154:db_repo:DEBUG:Adding An Entry to DB.
2022-05-25 18:45:26,165:db_repo:DEBUG:Adding An Entry to DB.
2022-05-25 18:45:26,165:db_repo:DEBUG:Adding An Entry to DB.
2022-05-25 18:45:26,173:db_repo:DEBUG:Adding An Entry to DB.
2022-05-25 18:45:26,177:db_repo:DEBUG:Adding An Entry to DB.
2022-05-25 18:45:26,177:db_repo:DEBUG:Adding An Entry to DB.
2022-05-25 18:45:26,185:db_repo:DEBUG:Adding An Entry to DB.
2022-05-25 18:45:26,185:db_repo:DEBUG:Adding An Entry to DB.
2022-05-25 18:45:26,193:db_repo:DEBUG:Adding An Entry to DB.
2022-05-25 18:45:26,193:db_repo:DEBUG:Adding An Entry to DB.
2022-05-25 18:45:26,193:db_repo:DEBUG:Adding An Entry to DB.
2022-05-25 18:45:26,200:db_repo:DEBUG:Adding An Entry to DB.
2022-05-25 18:45:26,200:db_repo:DEBUG:Adding An Entry to DB.
2022-05-25 18:45:26,200:db_repo:DEBUG:Adding An Entry to DB.
2022-05-25 18:45:26,208:db_repo:DEBUG:Adding An Entry to DB.
2022-05-25 18:45:26,208:db_repo:DEBUG:Adding An Entry to DB.
2022-05-25 18:45:26,216:db_repo:DEBUG:Adding An Entry to DB.
2022-05-25 18:45:26,235:db_repo:DEBUG:Adding An Entry to DB.
2022-05-25 18:45:26,243:db_repo:DEBUG:Adding An Entry to DB.
2022-05-25 18:45:26,249:db_repo:DEBUG:Adding An Entry to DB.
2022-05-25 18:45:26,253:db_repo:DEBUG:Adding An Entry to DB.
2022-05-25 18:45:26,256:db_repo:DEBUG:Adding An Entry to DB.
2022-05-25 18:45:26,259:db_repo:DEBUG:Adding An Entry to DB.
2022-05-25 18:45:26,262:db_repo:DEBUG:Adding An Entry to DB.
2022-05-25 18:45:26,265:db_repo:DEBUG:Adding An Entry to DB.
2022-05-25 18:45:26,268:db_repo:DEBUG:Adding An Entry to DB.
2022-05-25 18:45:26,271:db_repo:DEBUG:Adding An Entry to DB.
2022-05-25 18:45:26,274:db_repo:DEBUG:Adding An Entry to DB.
2022-05-25 18:45:26,275:db_repo:DEBUG:Adding An Entry to DB.
2022-05-25 18:45:26,275:db_repo:DEBUG:Adding An Entry to DB.
2022-05-25 18:45:26,283:db_repo:DEBUG:Adding An Entry to DB.
2022-05-25 18:45:26,283:db_repo:DEBUG:Adding An Entry to DB.
2022-05-25 18:45:26,283:db_repo:DEBUG:Adding An Entry to DB.
2022-05-25 18:45:26,292:db_repo:DEBUG:Adding An Entry to DB.
2022-05-25 18:45:26,292:db_repo:DEBUG:Adding An Entry to DB.
2022-05-25 18:45:26,292:db_repo:DEBUG:Adding An Entry to DB.
2022-05-25 18:45:26,299:db_repo:DEBUG:Adding An Entry to DB.
2022-05-25 18:45:26,299:db_repo:DEBUG:Adding An Entry to DB.
2022-05-25 18:45:26,299:db_repo:DEBUG:Adding An Entry to DB.
2022-05-25 18:45:26,299:db_repo:DEBUG:Adding An Entry to DB.
2022-05-25 18:45:26,307:db_repo:DEBUG:Adding An Entry to DB.
2022-05-25 18:45:26,307:db_repo:DEBUG:Adding An Entry to DB.
2022-05-25 18:45:26,307:db_repo:DEBUG:Adding An Entry to DB.
2022-05-25 18:45:26,315:db_repo:DEBUG:Adding An Entry to DB.
2022-05-25 18:45:26,315:db_repo:DEBUG:Adding An Entry to DB.
2022-05-25 18:45:26,315:db_repo:DEBUG:Adding An Entry to DB.
2022-05-25 18:45:26,315:db_repo:DEBUG:Adding An Entry to DB.
2022-05-25 18:45:26,324:db_repo:DEBUG:Adding An Entry to DB.
2022-05-25 18:45:26,324:db_repo:DEBUG:Adding An Entry to DB.
2022-05-25 18:45:26,328:db_repo:DEBUG:Adding An Entry to DB.
2022-05-25 18:45:26,329:db_repo:DEBUG:Adding An Entry to DB.
2022-05-25 18:45:26,329:db_repo:DEBUG:Adding An Entry to DB.
2022-05-25 18:45:26,337:db_repo:DEBUG:Adding An Entry to DB.
2022-05-25 18:45:26,337:db_repo:DEBUG:Adding An Entry to DB.
2022-05-25 18:45:26,337:db_repo:DEBUG:Adding An Entry to DB.
2022-05-25 18:45:26,337:db_repo:DEBUG:Adding An Entry to DB.
2022-05-25 18:45:26,345:db_repo:DEBUG:Adding An Entry to DB.
2022-05-25 18:45:26,345:db_repo:DEBUG:Adding An Entry to DB.
2022-05-25 18:45:26,345:db_repo:DEBUG:Adding An Entry to DB.
2022-05-25 18:45:26,353:db_repo:DEBUG:Adding An Entry to DB.
2022-05-25 18:45:26,353:db_repo:DEBUG:Adding An Entry to DB.
2022-05-25 18:45:26,353:db_repo:DEBUG:Adding An Entry to DB.
2022-05-25 18:45:26,359:db_repo:DEBUG:Adding An Entry to DB.
2022-05-25 18:45:26,359:db_repo:DEBUG:Adding An Entry to DB.
2022-05-25 18:45:26,367:db_repo:DEBUG:Adding An Entry to DB.
2022-05-25 18:45:26,369:db_repo:DEBUG:Adding An Entry to DB.
2022-05-25 18:45:26,369:db_repo:DEBUG:Adding An Entry to DB.
2022-05-25 18:45:26,373:db_repo:DEBUG:Adding An Entry to DB.
2022-05-25 18:45:26,373:db_repo:DEBUG:Adding An Entry to DB.
2022-05-25 18:45:26,373:db_repo:DEBUG:Adding An Entry to DB.
2022-05-25 18:45:26,373:db_repo:DEBUG:Adding An Entry to DB.
2022-05-25 18:45:26,381:db_repo:DEBUG:Adding An Entry to DB.
2022-05-25 18:45:26,381:db_repo:DEBUG:Adding An Entry to DB.
2022-05-25 18:45:26,381:db_repo:DEBUG:Adding An Entry to DB.
2022-05-25 18:45:26,389:db_repo:DEBUG:Adding An Entry to DB.
2022-05-25 18:45:26,389:db_repo:DEBUG:Adding An Entry to DB.
2022-05-25 18:45:26,389:db_repo:DEBUG:Adding An Entry to DB.
2022-05-25 18:45:26,389:db_repo:DEBUG:Adding An Entry to DB.
2022-05-25 18:45:26,398:db_repo:DEBUG:Adding An Entry to DB.
2022-05-25 18:45:26,401:db_repo:DEBUG:Adding An Entry to DB.
2022-05-25 18:45:26,401:db_repo:DEBUG:Adding An Entry to DB.
2022-05-25 18:45:26,401:db_repo:DEBUG:Adding An Entry to DB.
2022-05-25 18:45:26,401:db_repo:DEBUG:Adding An Entry to DB.
2022-05-25 18:45:26,401:db_repo:DEBUG:Adding An Entry to DB.
2022-05-25 18:45:26,410:db_repo:DEBUG:Adding An Entry to DB.
2022-05-25 18:45:26,410:db_repo:DEBUG:Adding An Entry to DB.
2022-05-25 18:45:26,410:db_repo:DEBUG:Adding An Entry to DB.
2022-05-25 18:45:26,418:db_repo:DEBUG:Adding An Entry to DB.
2022-05-25 18:45:26,418:db_repo:DEBUG:Adding An Entry to DB.
2022-05-25 18:45:26,418:db_repo:DEBUG:Adding An Entry to DB.
2022-05-25 18:45:26,418:db_repo:DEBUG:Adding An Entry to DB.
2022-05-25 18:45:26,418:db_repo:DEBUG:Adding An Entry to DB.
2022-05-25 18:45:26,426:db_repo:DEBUG:Adding An Entry to DB.
2022-05-25 18:45:26,426:db_repo:DEBUG:Adding An Entry to DB.
2022-05-25 18:45:26,434:db_repo:DEBUG:Adding An Entry to DB.
2022-05-25 18:45:26,434:db_repo:DEBUG:Adding An Entry to DB.
2022-05-25 18:45:26,434:db_repo:DEBUG:Adding An Entry to DB.
2022-05-25 18:45:26,434:db_repo:DEBUG:Adding An Entry to DB.
2022-05-25 18:45:26,443:db_repo:DEBUG:Adding An Entry to DB.
2022-05-25 18:45:26,444:db_repo:DEBUG:Adding An Entry to DB.
2022-05-25 18:45:26,444:db_repo:DEBUG:Adding An Entry to DB.
2022-05-25 18:45:26,444:db_repo:DEBUG:Adding An Entry to DB.
2022-05-25 18:45:26,452:db_repo:DEBUG:Adding An Entry to DB.
2022-05-25 18:45:26,452:db_repo:DEBUG:Adding An Entry to DB.
2022-05-25 18:45:26,452:db_repo:DEBUG:Adding An Entry to DB.
2022-05-25 18:45:26,452:db_repo:DEBUG:Adding An Entry to DB.
2022-05-25 18:45:26,461:db_repo:DEBUG:Adding An Entry to DB.
2022-05-25 18:45:26,466:db_repo:DEBUG:Adding An Entry to DB.
2022-05-25 18:45:26,466:db_repo:DEBUG:Adding An Entry to DB.
2022-05-25 18:45:26,466:db_repo:DEBUG:Adding An Entry to DB.
2022-05-25 18:45:26,466:db_repo:DEBUG:Adding An Entry to DB.
2022-05-25 18:45:26,474:db_repo:DEBUG:Adding An Entry to DB.
2022-05-25 18:45:26,474:db_repo:DEBUG:Adding An Entry to DB.
2022-05-25 18:45:26,474:db_repo:DEBUG:Adding An Entry to DB.
2022-05-25 18:45:26,482:db_repo:DEBUG:Adding An Entry to DB.
2022-05-25 18:45:26,482:db_repo:DEBUG:Adding An Entry to DB.
2022-05-25 18:45:26,482:db_repo:DEBUG:Adding An Entry to DB.
2022-05-25 18:45:26,490:db_repo:DEBUG:Adding An Entry to DB.
2022-05-25 18:45:26,493:db_repo:DEBUG:Adding An Entry to DB.
2022-05-25 18:45:26,497:db_repo:DEBUG:Adding An Entry to DB.
2022-05-25 18:45:26,497:db_repo:DEBUG:Adding An Entry to DB.
2022-05-25 18:45:26,512:db_repo:DEBUG:Adding An Entry to DB.
2022-05-25 18:45:26,512:db_repo:DEBUG:Adding An Entry to DB.
2022-05-25 18:45:26,512:db_repo:DEBUG:Adding An Entry to DB.
2022-05-25 18:45:26,519:db_repo:DEBUG:Adding An Entry to DB.
2022-05-25 18:45:26,519:db_repo:DEBUG:Adding An Entry to DB.
2022-05-25 18:45:26,519:db_repo:DEBUG:Adding An Entry to DB.
2022-05-25 18:45:26,527:db_repo:DEBUG:Adding An Entry to DB.
2022-05-25 18:45:26,527:db_repo:DEBUG:Adding An Entry to DB.
2022-05-25 18:45:26,527:db_repo:DEBUG:Adding An Entry to DB.
2022-05-25 18:45:26,535:db_repo:DEBUG:Adding An Entry to DB.
2022-05-25 18:45:26,535:db_repo:DEBUG:Adding An Entry to DB.
2022-05-25 18:45:26,543:db_repo:DEBUG:Adding An Entry to DB.
2022-05-25 18:45:26,545:db_repo:DEBUG:Adding An Entry to DB.
2022-05-25 18:45:26,545:db_repo:DEBUG:Adding An Entry to DB.
2022-05-25 18:45:26,553:db_repo:DEBUG:Adding An Entry to DB.
2022-05-25 18:45:26,555:db_repo:DEBUG:Adding An Entry to DB.
2022-05-25 18:45:26,558:db_repo:DEBUG:Adding An Entry to DB.
2022-05-25 18:45:26,559:db_repo:DEBUG:Adding An Entry to DB.
2022-05-25 18:45:26,559:db_repo:DEBUG:Adding An Entry to DB.
2022-05-25 18:45:26,567:db_repo:DEBUG:Adding An Entry to DB.
2022-05-25 18:45:26,570:db_repo:DEBUG:Adding An Entry to DB.
2022-05-25 18:45:26,570:db_repo:DEBUG:Adding An Entry to DB.
2022-05-25 18:45:26,570:db_repo:DEBUG:Adding An Entry to DB.
2022-05-25 18:45:26,570:db_repo:DEBUG:Adding An Entry to DB.
2022-05-25 18:45:26,578:db_repo:DEBUG:Adding An Entry to DB.
2022-05-25 18:45:26,578:db_repo:DEBUG:Adding An Entry to DB.
2022-05-25 18:45:26,578:db_repo:DEBUG:Adding An Entry to DB.
2022-05-25 18:45:26,586:db_repo:DEBUG:Adding An Entry to DB.
2022-05-25 18:45:26,586:db_repo:DEBUG:Adding An Entry to DB.
2022-05-25 18:45:26,586:db_repo:DEBUG:Adding An Entry to DB.
2022-05-25 18:45:26,586:db_repo:DEBUG:Adding An Entry to DB.
2022-05-25 18:45:26,594:db_repo:DEBUG:Adding An Entry to DB.
2022-05-25 18:45:26,595:db_repo:DEBUG:Adding An Entry to DB.
2022-05-25 18:45:26,595:db_repo:DEBUG:Adding An Entry to DB.
2022-05-25 18:45:26,603:db_repo:DEBUG:Adding An Entry to DB.
2022-05-25 18:45:26,605:db_repo:DEBUG:Adding An Entry to DB.
2022-05-25 18:45:26,605:db_repo:DEBUG:Adding An Entry to DB.
2022-05-25 18:45:26,605:db_repo:DEBUG:Adding An Entry to DB.
2022-05-25 18:45:26,612:db_repo:DEBUG:Adding An Entry to DB.
2022-05-25 18:45:26,612:db_repo:DEBUG:Adding An Entry to DB.
2022-05-25 18:45:26,612:db_repo:DEBUG:Adding An Entry to DB.
2022-05-25 18:45:26,620:db_repo:DEBUG:Adding An Entry to DB.
2022-05-25 18:45:26,620:db_repo:DEBUG:Adding An Entry to DB.
2022-05-25 18:45:26,620:db_repo:DEBUG:Adding An Entry to DB.
2022-05-25 18:45:26,628:db_repo:DEBUG:Adding An Entry to DB.
2022-05-25 18:45:26,628:db_repo:DEBUG:Adding An Entry to DB.
2022-05-25 18:45:26,628:db_repo:DEBUG:Adding An Entry to DB.
2022-05-25 18:45:26,636:db_repo:DEBUG:Adding An Entry to DB.
2022-05-25 18:45:26,636:db_repo:DEBUG:Adding An Entry to DB.
2022-05-25 18:45:26,636:db_repo:DEBUG:Adding An Entry to DB.
2022-05-25 18:45:26,636:db_repo:DEBUG:Adding An Entry to DB.
2022-05-25 18:45:26,636:db_repo:DEBUG:Adding An Entry to DB.
2022-05-25 18:45:26,644:db_repo:DEBUG:Adding An Entry to DB.
2022-05-25 18:45:26,644:db_repo:DEBUG:Adding An Entry to DB.
2022-05-25 18:45:26,644:db_repo:DEBUG:Adding An Entry to DB.
2022-05-25 18:45:26,652:db_repo:DEBUG:Adding An Entry to DB.
2022-05-25 18:45:26,654:db_repo:DEBUG:Adding An Entry to DB.
2022-05-25 18:45:26,654:db_repo:DEBUG:Adding An Entry to DB.
2022-05-25 18:45:26,654:db_repo:DEBUG:Adding An Entry to DB.
2022-05-25 18:45:26,654:db_repo:DEBUG:Adding An Entry to DB.
2022-05-25 18:45:26,664:db_repo:DEBUG:Adding An Entry to DB.
2022-05-25 18:45:26,664:db_repo:DEBUG:Adding An Entry to DB.
2022-05-25 18:45:26,667:db_repo:DEBUG:Adding An Entry to DB.
2022-05-25 18:45:26,667:db_repo:DEBUG:Adding An Entry to DB.
2022-05-25 18:45:26,667:db_repo:DEBUG:Adding An Entry to DB.
2022-05-25 18:45:26,667:db_repo:DEBUG:Adding An Entry to DB.
2022-05-25 18:45:26,667:db_repo:DEBUG:Adding An Entry to DB.
2022-05-25 18:45:26,675:db_repo:DEBUG:Adding An Entry to DB.
2022-05-25 18:45:26,678:db_repo:DEBUG:Adding An Entry to DB.
2022-05-25 18:45:26,678:db_repo:DEBUG:Adding An Entry to DB.
2022-05-25 18:45:26,678:db_repo:DEBUG:Adding An Entry to DB.
2022-05-25 18:45:26,687:db_repo:DEBUG:Adding An Entry to DB.
2022-05-25 18:45:26,689:db_repo:DEBUG:Adding An Entry to DB.
2022-05-25 18:45:26,689:db_repo:DEBUG:Adding An Entry to DB.
2022-05-25 18:45:26,692:db_repo:DEBUG:Adding An Entry to DB.
2022-05-25 18:45:26,694:db_repo:DEBUG:Adding An Entry to DB.
2022-05-25 18:45:26,698:db_repo:DEBUG:Adding An Entry to DB.
2022-05-25 18:45:26,698:db_repo:DEBUG:Adding An Entry to DB.
2022-05-25 18:45:26,698:db_repo:DEBUG:Adding An Entry to DB.
2022-05-25 18:45:26,698:db_repo:DEBUG:Adding An Entry to DB.
2022-05-25 18:45:26,706:db_repo:DEBUG:Adding An Entry to DB.
2022-05-25 18:45:26,706:db_repo:DEBUG:Adding An Entry to DB.
2022-05-25 18:45:26,706:db_repo:DEBUG:Adding An Entry to DB.
2022-05-25 18:45:26,706:db_repo:DEBUG:Adding An Entry to DB.
2022-05-25 18:45:26,714:db_repo:DEBUG:Adding An Entry to DB.
2022-05-25 18:45:26,714:db_repo:DEBUG:Adding An Entry to DB.
2022-05-25 18:45:26,714:db_repo:DEBUG:Adding An Entry to DB.
2022-05-25 18:45:26,722:db_repo:DEBUG:Adding An Entry to DB.
2022-05-25 18:45:26,722:db_repo:DEBUG:Adding An Entry to DB.
2022-05-25 18:45:26,722:db_repo:DEBUG:Adding An Entry to DB.
2022-05-25 18:45:26,722:db_repo:DEBUG:Adding An Entry to DB.
2022-05-25 18:45:26,730:db_repo:DEBUG:Adding An Entry to DB.
2022-05-25 18:45:26,730:db_repo:DEBUG:Adding An Entry to DB.
2022-05-25 18:45:26,730:db_repo:DEBUG:Adding An Entry to DB.
2022-05-25 18:45:26,730:db_repo:DEBUG:Adding An Entry to DB.
2022-05-25 18:45:26,738:db_repo:DEBUG:Adding An Entry to DB.
2022-05-25 18:45:26,738:db_repo:DEBUG:Adding An Entry to DB.
2022-05-25 18:45:26,738:db_repo:DEBUG:Adding An Entry to DB.
2022-05-25 18:45:26,738:db_repo:DEBUG:Adding An Entry to DB.
2022-05-25 18:45:26,746:db_repo:DEBUG:Adding An Entry to DB.
2022-05-25 18:45:26,746:db_repo:DEBUG:Adding An Entry to DB.
2022-05-25 18:45:26,746:db_repo:DEBUG:Adding An Entry to DB.
2022-05-25 18:45:26,746:db_repo:DEBUG:Adding An Entry to DB.
2022-05-25 18:45:26,754:db_repo:DEBUG:Adding An Entry to DB.
2022-05-25 18:45:26,754:db_repo:DEBUG:Adding An Entry to DB.
2022-05-25 18:45:26,754:db_repo:DEBUG:Adding An Entry to DB.
2022-05-25 18:45:26,754:db_repo:DEBUG:Adding An Entry to DB.
2022-05-25 18:45:26,761:db_repo:DEBUG:Adding An Entry to DB.
2022-05-25 18:45:26,764:db_repo:DEBUG:Adding An Entry to DB.
2022-05-25 18:45:26,764:db_repo:DEBUG:Adding An Entry to DB.
2022-05-25 18:45:26,767:db_repo:DEBUG:Adding An Entry to DB.
2022-05-25 18:45:26,767:db_repo:DEBUG:Adding An Entry to DB.
2022-05-25 18:45:26,767:db_repo:DEBUG:Adding An Entry to DB.
2022-05-25 18:45:26,767:db_repo:DEBUG:Adding An Entry to DB.
2022-05-25 18:45:26,767:db_repo:DEBUG:Adding An Entry to DB.
2022-05-25 18:45:26,775:db_repo:DEBUG:Adding An Entry to DB.
2022-05-25 18:45:26,779:db_repo:DEBUG:Adding An Entry to DB.
2022-05-25 18:45:26,779:db_repo:DEBUG:Adding An Entry to DB.
2022-05-25 18:45:26,779:db_repo:DEBUG:Adding An Entry to DB.
2022-05-25 18:45:26,779:db_repo:DEBUG:Adding An Entry to DB.
2022-05-25 18:45:26,787:db_repo:DEBUG:Adding An Entry to DB.
2022-05-25 18:45:26,787:db_repo:DEBUG:Adding An Entry to DB.
2022-05-25 18:45:26,787:db_repo:DEBUG:Adding Multiple Entries to DB.
2022-05-25 18:45:27,337:db_repo:DEBUG:Adding Multiple Entries to DB.
2022-05-25 18:45:27,366:db_repo:DEBUG:Adding Multiple Entries to DB.
2022-05-25 18:45:27,383:db_repo:DEBUG:Adding Multiple Entries to DB.
2022-05-25 18:45:27,395:db_repo:DEBUG:Adding Multiple Entries to DB.
2022-05-25 18:45:27,407:db_repo:DEBUG:Adding Multiple Entries to DB.
2022-05-25 18:45:27,411:db_repo:DEBUG:Adding Multiple Entries to DB.
2022-05-25 18:45:27,479:db_repo:DEBUG:From C:\git\pyCodeBasement\FINAL_PROJECT\db_files\sp_file.sql - All SP were created.
2022-05-25 18:45:47,641:facade_anonymus:DEBUG:Attempting Logging-in...
2022-05-25 18:45:47,792:facade_anonymus:INFO:Welcome, l10r
2022-05-25 18:45:47,792:facade_anonymus:DEBUG:Attempting Logging-in...
2022-05-25 18:45:47,887:facade_anonymus:INFO:Welcome, m4x1m
2022-05-25 18:45:47,887:facade_anonymus:DEBUG:Attempting Logging-in...
2022-05-25 18:45:47,972:facade_anonymus:INFO:Welcome, 3m1l
2022-05-25 18:45:47,972:db_repo:DEBUG:Reseting initial DB.
2022-05-25 18:45:47,972:db_repo:WARNING:deleting all tables.
2022-05-25 18:45:47,972:db_repo:WARNING:deleting table countries.
2022-05-25 18:45:47,983:db_repo:WARNING:deleting table flights.
2022-05-25 18:45:47,991:db_repo:WARNING:deleting table tickets.
2022-05-25 18:45:47,998:db_repo:WARNING:deleting table airline_companies.
2022-05-25 18:45:48,007:db_repo:WARNING:deleting table administrators.
2022-05-25 18:45:48,025:db_repo:WARNING:deleting table customers.
2022-05-25 18:45:48,033:db_repo:WARNING:deleting table users.
2022-05-25 18:45:48,041:db_repo:WARNING:deleting table user_roles.
2022-05-25 18:45:48,444:db_repo:DEBUG:Adding An Entry to DB.
2022-05-25 18:45:48,475:db_repo:DEBUG:Adding An Entry to DB.
2022-05-25 18:45:48,479:db_repo:DEBUG:Adding An Entry to DB.
2022-05-25 18:45:48,479:db_repo:DEBUG:Adding An Entry to DB.
2022-05-25 18:45:48,488:db_repo:DEBUG:Adding An Entry to DB.
2022-05-25 18:45:48,488:db_repo:DEBUG:Adding An Entry to DB.
2022-05-25 18:45:48,496:db_repo:DEBUG:Adding An Entry to DB.
2022-05-25 18:45:48,496:db_repo:DEBUG:Adding An Entry to DB.
2022-05-25 18:45:48,504:db_repo:DEBUG:Adding An Entry to DB.
2022-05-25 18:45:48,504:db_repo:DEBUG:Adding An Entry to DB.
2022-05-25 18:45:48,512:db_repo:DEBUG:Adding An Entry to DB.
2022-05-25 18:45:48,514:db_repo:DEBUG:Adding An Entry to DB.
2022-05-25 18:45:48,514:db_repo:DEBUG:Adding An Entry to DB.
2022-05-25 18:45:48,523:db_repo:DEBUG:Adding An Entry to DB.
2022-05-25 18:45:48,523:db_repo:DEBUG:Adding An Entry to DB.
2022-05-25 18:45:48,531:db_repo:DEBUG:Adding An Entry to DB.
2022-05-25 18:45:48,531:db_repo:DEBUG:Adding An Entry to DB.
2022-05-25 18:45:48,539:db_repo:DEBUG:Adding An Entry to DB.
2022-05-25 18:45:48,541:db_repo:DEBUG:Adding An Entry to DB.
2022-05-25 18:45:48,541:db_repo:DEBUG:Adding An Entry to DB.
2022-05-25 18:45:48,541:db_repo:DEBUG:Adding An Entry to DB.
2022-05-25 18:45:48,550:db_repo:DEBUG:Adding An Entry to DB.
2022-05-25 18:45:48,558:db_repo:DEBUG:Adding An Entry to DB.
2022-05-25 18:45:48,560:db_repo:DEBUG:Adding An Entry to DB.
2022-05-25 18:45:48,560:db_repo:DEBUG:Adding An Entry to DB.
2022-05-25 18:45:48,568:db_repo:DEBUG:Adding An Entry to DB.
2022-05-25 18:45:48,568:db_repo:DEBUG:Adding An Entry to DB.
2022-05-25 18:45:48,568:db_repo:DEBUG:Adding An Entry to DB.
2022-05-25 18:45:48,576:db_repo:DEBUG:Adding An Entry to DB.
2022-05-25 18:45:48,576:db_repo:DEBUG:Adding An Entry to DB.
2022-05-25 18:45:48,584:db_repo:DEBUG:Adding An Entry to DB.
2022-05-25 18:45:48,584:db_repo:DEBUG:Adding An Entry to DB.
2022-05-25 18:45:48,584:db_repo:DEBUG:Adding An Entry to DB.
2022-05-25 18:45:48,592:db_repo:DEBUG:Adding An Entry to DB.
2022-05-25 18:45:48,592:db_repo:DEBUG:Adding An Entry to DB.
2022-05-25 18:45:48,592:db_repo:DEBUG:Adding An Entry to DB.
2022-05-25 18:45:48,600:db_repo:DEBUG:Adding An Entry to DB.
2022-05-25 18:45:48,600:db_repo:DEBUG:Adding An Entry to DB.
2022-05-25 18:45:48,609:db_repo:DEBUG:Adding An Entry to DB.
2022-05-25 18:45:48,609:db_repo:DEBUG:Adding An Entry to DB.
2022-05-25 18:45:48,617:db_repo:DEBUG:Adding An Entry to DB.
2022-05-25 18:45:48,617:db_repo:DEBUG:Adding An Entry to DB.
2022-05-25 18:45:48,623:db_repo:DEBUG:Adding An Entry to DB.
2022-05-25 18:45:48,627:db_repo:DEBUG:Adding An Entry to DB.
2022-05-25 18:45:48,631:db_repo:DEBUG:Adding An Entry to DB.
2022-05-25 18:45:48,631:db_repo:DEBUG:Adding An Entry to DB.
2022-05-25 18:45:48,631:db_repo:DEBUG:Adding An Entry to DB.
2022-05-25 18:45:48,631:db_repo:DEBUG:Adding An Entry to DB.
2022-05-25 18:45:48,641:db_repo:DEBUG:Adding An Entry to DB.
2022-05-25 18:45:48,646:db_repo:DEBUG:Adding An Entry to DB.
2022-05-25 18:45:48,646:db_repo:DEBUG:Adding An Entry to DB.
2022-05-25 18:45:48,646:db_repo:DEBUG:Adding An Entry to DB.
2022-05-25 18:45:48,655:db_repo:DEBUG:Adding An Entry to DB.
2022-05-25 18:45:48,655:db_repo:DEBUG:Adding An Entry to DB.
2022-05-25 18:45:48,665:db_repo:DEBUG:Adding An Entry to DB.
2022-05-25 18:45:48,665:db_repo:DEBUG:Adding An Entry to DB.
2022-05-25 18:45:48,665:db_repo:DEBUG:Adding An Entry to DB.
2022-05-25 18:45:48,673:db_repo:DEBUG:Adding An Entry to DB.
2022-05-25 18:45:48,673:db_repo:DEBUG:Adding An Entry to DB.
2022-05-25 18:45:48,681:db_repo:DEBUG:Adding An Entry to DB.
2022-05-25 18:45:48,681:db_repo:DEBUG:Adding An Entry to DB.
2022-05-25 18:45:48,681:db_repo:DEBUG:Adding An Entry to DB.
2022-05-25 18:45:48,681:db_repo:DEBUG:Adding An Entry to DB.
2022-05-25 18:45:48,689:db_repo:DEBUG:Adding An Entry to DB.
2022-05-25 18:45:48,689:db_repo:DEBUG:Adding An Entry to DB.
2022-05-25 18:45:48,689:db_repo:DEBUG:Adding An Entry to DB.
2022-05-25 18:45:48,698:db_repo:DEBUG:Adding An Entry to DB.
2022-05-25 18:45:48,698:db_repo:DEBUG:Adding An Entry to DB.
2022-05-25 18:45:48,698:db_repo:DEBUG:Adding An Entry to DB.
2022-05-25 18:45:48,698:db_repo:DEBUG:Adding An Entry to DB.
2022-05-25 18:45:48,706:db_repo:DEBUG:Adding An Entry to DB.
2022-05-25 18:45:48,706:db_repo:DEBUG:Adding An Entry to DB.
2022-05-25 18:45:48,712:db_repo:DEBUG:Adding An Entry to DB.
2022-05-25 18:45:48,712:db_repo:DEBUG:Adding An Entry to DB.
2022-05-25 18:45:48,712:db_repo:DEBUG:Adding An Entry to DB.
2022-05-25 18:45:48,720:db_repo:DEBUG:Adding An Entry to DB.
2022-05-25 18:45:48,720:db_repo:DEBUG:Adding An Entry to DB.
2022-05-25 18:45:48,720:db_repo:DEBUG:Adding An Entry to DB.
2022-05-25 18:45:48,720:db_repo:DEBUG:Adding An Entry to DB.
2022-05-25 18:45:48,728:db_repo:DEBUG:Adding An Entry to DB.
2022-05-25 18:45:48,728:db_repo:DEBUG:Adding An Entry to DB.
2022-05-25 18:45:48,728:db_repo:DEBUG:Adding An Entry to DB.
2022-05-25 18:45:48,736:db_repo:DEBUG:Adding An Entry to DB.
2022-05-25 18:45:48,736:db_repo:DEBUG:Adding An Entry to DB.
2022-05-25 18:45:48,736:db_repo:DEBUG:Adding An Entry to DB.
2022-05-25 18:45:48,736:db_repo:DEBUG:Adding An Entry to DB.
2022-05-25 18:45:48,744:db_repo:DEBUG:Adding An Entry to DB.
2022-05-25 18:45:48,744:db_repo:DEBUG:Adding An Entry to DB.
2022-05-25 18:45:48,744:db_repo:DEBUG:Adding An Entry to DB.
2022-05-25 18:45:48,753:db_repo:DEBUG:Adding An Entry to DB.
2022-05-25 18:45:48,753:db_repo:DEBUG:Adding An Entry to DB.
2022-05-25 18:45:48,753:db_repo:DEBUG:Adding An Entry to DB.
2022-05-25 18:45:48,753:db_repo:DEBUG:Adding An Entry to DB.
2022-05-25 18:45:48,762:db_repo:DEBUG:Adding An Entry to DB.
2022-05-25 18:45:48,762:db_repo:DEBUG:Adding An Entry to DB.
2022-05-25 18:45:48,762:db_repo:DEBUG:Adding An Entry to DB.
2022-05-25 18:45:48,762:db_repo:DEBUG:Adding An Entry to DB.
2022-05-25 18:45:48,770:db_repo:DEBUG:Adding An Entry to DB.
2022-05-25 18:45:48,770:db_repo:DEBUG:Adding An Entry to DB.
2022-05-25 18:45:48,770:db_repo:DEBUG:Adding An Entry to DB.
2022-05-25 18:45:48,778:db_repo:DEBUG:Adding An Entry to DB.
2022-05-25 18:45:48,779:db_repo:DEBUG:Adding An Entry to DB.
2022-05-25 18:45:48,779:db_repo:DEBUG:Adding An Entry to DB.
2022-05-25 18:45:48,779:db_repo:DEBUG:Adding An Entry to DB.
2022-05-25 18:45:48,788:db_repo:DEBUG:Adding An Entry to DB.
2022-05-25 18:45:48,788:db_repo:DEBUG:Adding An Entry to DB.
2022-05-25 18:45:48,788:db_repo:DEBUG:Adding An Entry to DB.
2022-05-25 18:45:48,788:db_repo:DEBUG:Adding An Entry to DB.
2022-05-25 18:45:48,798:db_repo:DEBUG:Adding An Entry to DB.
2022-05-25 18:45:48,798:db_repo:DEBUG:Adding An Entry to DB.
2022-05-25 18:45:48,798:db_repo:DEBUG:Adding An Entry to DB.
2022-05-25 18:45:48,803:db_repo:DEBUG:Adding An Entry to DB.
2022-05-25 18:45:48,803:db_repo:DEBUG:Adding An Entry to DB.
2022-05-25 18:45:48,803:db_repo:DEBUG:Adding An Entry to DB.
2022-05-25 18:45:48,812:db_repo:DEBUG:Adding An Entry to DB.
2022-05-25 18:45:48,812:db_repo:DEBUG:Adding An Entry to DB.
2022-05-25 18:45:48,812:db_repo:DEBUG:Adding An Entry to DB.
2022-05-25 18:45:48,820:db_repo:DEBUG:Adding An Entry to DB.
2022-05-25 18:45:48,820:db_repo:DEBUG:Adding An Entry to DB.
2022-05-25 18:45:48,820:db_repo:DEBUG:Adding An Entry to DB.
2022-05-25 18:45:48,820:db_repo:DEBUG:Adding An Entry to DB.
2022-05-25 18:45:48,828:db_repo:DEBUG:Adding An Entry to DB.
2022-05-25 18:45:48,828:db_repo:DEBUG:Adding An Entry to DB.
2022-05-25 18:45:48,833:db_repo:DEBUG:Adding An Entry to DB.
2022-05-25 18:45:48,833:db_repo:DEBUG:Adding An Entry to DB.
2022-05-25 18:45:48,833:db_repo:DEBUG:Adding An Entry to DB.
2022-05-25 18:45:48,833:db_repo:DEBUG:Adding An Entry to DB.
2022-05-25 18:45:48,833:db_repo:DEBUG:Adding An Entry to DB.
2022-05-25 18:45:48,842:db_repo:DEBUG:Adding An Entry to DB.
2022-05-25 18:45:48,842:db_repo:DEBUG:Adding An Entry to DB.
2022-05-25 18:45:48,850:db_repo:DEBUG:Adding An Entry to DB.
2022-05-25 18:45:48,850:db_repo:DEBUG:Adding An Entry to DB.
2022-05-25 18:45:48,850:db_repo:DEBUG:Adding An Entry to DB.
2022-05-25 18:45:48,850:db_repo:DEBUG:Adding An Entry to DB.
2022-05-25 18:45:48,850:db_repo:DEBUG:Adding An Entry to DB.
2022-05-25 18:45:48,858:db_repo:DEBUG:Adding An Entry to DB.
2022-05-25 18:45:48,858:db_repo:DEBUG:Adding An Entry to DB.
2022-05-25 18:45:48,865:db_repo:DEBUG:Adding An Entry to DB.
2022-05-25 18:45:48,866:db_repo:DEBUG:Adding An Entry to DB.
2022-05-25 18:45:48,866:db_repo:DEBUG:Adding An Entry to DB.
2022-05-25 18:45:48,866:db_repo:DEBUG:Adding An Entry to DB.
2022-05-25 18:45:48,876:db_repo:DEBUG:Adding An Entry to DB.
2022-05-25 18:45:48,876:db_repo:DEBUG:Adding An Entry to DB.
2022-05-25 18:45:48,884:db_repo:DEBUG:Adding An Entry to DB.
2022-05-25 18:45:48,887:db_repo:DEBUG:Adding An Entry to DB.
2022-05-25 18:45:48,890:db_repo:DEBUG:Adding An Entry to DB.
2022-05-25 18:45:48,895:db_repo:DEBUG:Adding An Entry to DB.
2022-05-25 18:45:48,895:db_repo:DEBUG:Adding An Entry to DB.
2022-05-25 18:45:48,895:db_repo:DEBUG:Adding An Entry to DB.
2022-05-25 18:45:48,905:db_repo:DEBUG:Adding An Entry to DB.
2022-05-25 18:45:48,919:db_repo:DEBUG:Adding An Entry to DB.
2022-05-25 18:45:48,923:db_repo:DEBUG:Adding An Entry to DB.
2022-05-25 18:45:48,927:db_repo:DEBUG:Adding An Entry to DB.
2022-05-25 18:45:48,927:db_repo:DEBUG:Adding An Entry to DB.
2022-05-25 18:45:48,927:db_repo:DEBUG:Adding An Entry to DB.
2022-05-25 18:45:48,935:db_repo:DEBUG:Adding An Entry to DB.
2022-05-25 18:45:48,935:db_repo:DEBUG:Adding An Entry to DB.
2022-05-25 18:45:48,935:db_repo:DEBUG:Adding An Entry to DB.
2022-05-25 18:45:48,944:db_repo:DEBUG:Adding An Entry to DB.
2022-05-25 18:45:48,948:db_repo:DEBUG:Adding An Entry to DB.
2022-05-25 18:45:48,948:db_repo:DEBUG:Adding An Entry to DB.
2022-05-25 18:45:48,948:db_repo:DEBUG:Adding An Entry to DB.
2022-05-25 18:45:48,948:db_repo:DEBUG:Adding An Entry to DB.
2022-05-25 18:45:48,956:db_repo:DEBUG:Adding An Entry to DB.
2022-05-25 18:45:48,962:db_repo:DEBUG:Adding An Entry to DB.
2022-05-25 18:45:48,965:db_repo:DEBUG:Adding An Entry to DB.
2022-05-25 18:45:48,965:db_repo:DEBUG:Adding An Entry to DB.
2022-05-25 18:45:48,965:db_repo:DEBUG:Adding An Entry to DB.
2022-05-25 18:45:48,965:db_repo:DEBUG:Adding An Entry to DB.
2022-05-25 18:45:48,973:db_repo:DEBUG:Adding An Entry to DB.
2022-05-25 18:45:48,977:db_repo:DEBUG:Adding An Entry to DB.
2022-05-25 18:45:48,978:db_repo:DEBUG:Adding An Entry to DB.
2022-05-25 18:45:48,978:db_repo:DEBUG:Adding An Entry to DB.
2022-05-25 18:45:48,978:db_repo:DEBUG:Adding An Entry to DB.
2022-05-25 18:45:48,986:db_repo:DEBUG:Adding An Entry to DB.
2022-05-25 18:45:48,989:db_repo:DEBUG:Adding An Entry to DB.
2022-05-25 18:45:48,989:db_repo:DEBUG:Adding An Entry to DB.
2022-05-25 18:45:48,995:db_repo:DEBUG:Adding An Entry to DB.
2022-05-25 18:45:48,998:db_repo:DEBUG:Adding An Entry to DB.
2022-05-25 18:45:48,998:db_repo:DEBUG:Adding An Entry to DB.
2022-05-25 18:45:48,998:db_repo:DEBUG:Adding An Entry to DB.
2022-05-25 18:45:48,998:db_repo:DEBUG:Adding An Entry to DB.
2022-05-25 18:45:48,998:db_repo:DEBUG:Adding An Entry to DB.
2022-05-25 18:45:49,006:db_repo:DEBUG:Adding An Entry to DB.
2022-05-25 18:45:49,006:db_repo:DEBUG:Adding An Entry to DB.
2022-05-25 18:45:49,011:db_repo:DEBUG:Adding An Entry to DB.
2022-05-25 18:45:49,011:db_repo:DEBUG:Adding An Entry to DB.
2022-05-25 18:45:49,011:db_repo:DEBUG:Adding An Entry to DB.
2022-05-25 18:45:49,011:db_repo:DEBUG:Adding An Entry to DB.
2022-05-25 18:45:49,020:db_repo:DEBUG:Adding An Entry to DB.
2022-05-25 18:45:49,020:db_repo:DEBUG:Adding An Entry to DB.
2022-05-25 18:45:49,020:db_repo:DEBUG:Adding An Entry to DB.
2022-05-25 18:45:49,028:db_repo:DEBUG:Adding An Entry to DB.
2022-05-25 18:45:49,030:db_repo:DEBUG:Adding An Entry to DB.
2022-05-25 18:45:49,030:db_repo:DEBUG:Adding An Entry to DB.
2022-05-25 18:45:49,030:db_repo:DEBUG:Adding An Entry to DB.
2022-05-25 18:45:49,030:db_repo:DEBUG:Adding An Entry to DB.
2022-05-25 18:45:49,038:db_repo:DEBUG:Adding An Entry to DB.
2022-05-25 18:45:49,040:db_repo:DEBUG:Adding An Entry to DB.
2022-05-25 18:45:49,042:db_repo:DEBUG:Adding An Entry to DB.
2022-05-25 18:45:49,042:db_repo:DEBUG:Adding An Entry to DB.
2022-05-25 18:45:49,042:db_repo:DEBUG:Adding An Entry to DB.
2022-05-25 18:45:49,050:db_repo:DEBUG:Adding An Entry to DB.
2022-05-25 18:45:49,050:db_repo:DEBUG:Adding An Entry to DB.
2022-05-25 18:45:49,050:db_repo:DEBUG:Adding An Entry to DB.
2022-05-25 18:45:49,050:db_repo:DEBUG:Adding An Entry to DB.
2022-05-25 18:45:49,050:db_repo:DEBUG:Adding An Entry to DB.
2022-05-25 18:45:49,058:db_repo:DEBUG:Adding An Entry to DB.
2022-05-25 18:45:49,058:db_repo:DEBUG:Adding An Entry to DB.
2022-05-25 18:45:49,058:db_repo:DEBUG:Adding An Entry to DB.
2022-05-25 18:45:49,066:db_repo:DEBUG:Adding An Entry to DB.
2022-05-25 18:45:49,066:db_repo:DEBUG:Adding An Entry to DB.
2022-05-25 18:45:49,066:db_repo:DEBUG:Adding An Entry to DB.
2022-05-25 18:45:49,066:db_repo:DEBUG:Adding An Entry to DB.
2022-05-25 18:45:49,066:db_repo:DEBUG:Adding An Entry to DB.
2022-05-25 18:45:49,074:db_repo:DEBUG:Adding An Entry to DB.
2022-05-25 18:45:49,077:db_repo:DEBUG:Adding An Entry to DB.
2022-05-25 18:45:49,077:db_repo:DEBUG:Adding An Entry to DB.
2022-05-25 18:45:49,077:db_repo:DEBUG:Adding An Entry to DB.
2022-05-25 18:45:49,077:db_repo:DEBUG:Adding An Entry to DB.
2022-05-25 18:45:49,085:db_repo:DEBUG:Adding An Entry to DB.
2022-05-25 18:45:49,085:db_repo:DEBUG:Adding An Entry to DB.
2022-05-25 18:45:49,085:db_repo:DEBUG:Adding An Entry to DB.
2022-05-25 18:45:49,085:db_repo:DEBUG:Adding An Entry to DB.
2022-05-25 18:45:49,094:db_repo:DEBUG:Adding An Entry to DB.
2022-05-25 18:45:49,094:db_repo:DEBUG:Adding An Entry to DB.
2022-05-25 18:45:49,094:db_repo:DEBUG:Adding An Entry to DB.
2022-05-25 18:45:49,094:db_repo:DEBUG:Adding An Entry to DB.
2022-05-25 18:45:49,102:db_repo:DEBUG:Adding An Entry to DB.
2022-05-25 18:45:49,102:db_repo:DEBUG:Adding An Entry to DB.
2022-05-25 18:45:49,102:db_repo:DEBUG:Adding An Entry to DB.
2022-05-25 18:45:49,102:db_repo:DEBUG:Adding An Entry to DB.
2022-05-25 18:45:49,110:db_repo:DEBUG:Adding An Entry to DB.
2022-05-25 18:45:49,113:db_repo:DEBUG:Adding An Entry to DB.
2022-05-25 18:45:49,113:db_repo:DEBUG:Adding An Entry to DB.
2022-05-25 18:45:49,113:db_repo:DEBUG:Adding An Entry to DB.
2022-05-25 18:45:49,113:db_repo:DEBUG:Adding An Entry to DB.
2022-05-25 18:45:49,113:db_repo:DEBUG:Adding An Entry to DB.
2022-05-25 18:45:49,121:db_repo:DEBUG:Adding An Entry to DB.
2022-05-25 18:45:49,121:db_repo:DEBUG:Adding An Entry to DB.
2022-05-25 18:45:49,121:db_repo:DEBUG:Adding An Entry to DB.
2022-05-25 18:45:49,129:db_repo:DEBUG:Adding An Entry to DB.
2022-05-25 18:45:49,129:db_repo:DEBUG:Adding An Entry to DB.
2022-05-25 18:45:49,129:db_repo:DEBUG:Adding An Entry to DB.
2022-05-25 18:45:49,129:db_repo:DEBUG:Adding Multiple Entries to DB.
2022-05-25 18:45:49,677:db_repo:DEBUG:Adding Multiple Entries to DB.
2022-05-25 18:45:49,702:db_repo:DEBUG:Adding Multiple Entries to DB.
2022-05-25 18:45:49,713:db_repo:DEBUG:Adding Multiple Entries to DB.
2022-05-25 18:45:49,721:db_repo:DEBUG:Adding Multiple Entries to DB.
2022-05-25 18:45:49,733:db_repo:DEBUG:Adding Multiple Entries to DB.
2022-05-25 18:45:49,742:db_repo:DEBUG:Adding Multiple Entries to DB.
2022-05-25 18:45:49,774:db_repo:DEBUG:From C:\git\pyCodeBasement\FINAL_PROJECT\db_files\sp_file.sql - All SP were created.
2022-05-25 18:46:20,852:facade_anonymus:DEBUG:Attempting Logging-in...
2022-05-25 18:46:21,010:facade_anonymus:INFO:Welcome, l10r
2022-05-25 18:46:21,018:facade_anonymus:DEBUG:Attempting Logging-in...
2022-05-25 18:46:21,094:facade_anonymus:INFO:Welcome, m4x1m
2022-05-25 18:46:21,102:facade_anonymus:DEBUG:Attempting Logging-in...
2022-05-25 18:46:21,182:facade_anonymus:INFO:Welcome, 3m1l
2022-05-25 18:46:21,190:db_repo:DEBUG:Reseting initial DB.
2022-05-25 18:46:21,190:db_repo:WARNING:deleting all tables.
2022-05-25 18:46:21,190:db_repo:WARNING:deleting table countries.
2022-05-25 18:46:21,201:db_repo:WARNING:deleting table flights.
2022-05-25 18:46:21,207:db_repo:WARNING:deleting table tickets.
2022-05-25 18:46:21,216:db_repo:WARNING:deleting table airline_companies.
2022-05-25 18:46:21,231:db_repo:WARNING:deleting table administrators.
2022-05-25 18:46:21,245:db_repo:WARNING:deleting table customers.
2022-05-25 18:46:21,253:db_repo:WARNING:deleting table users.
2022-05-25 18:46:21,269:db_repo:WARNING:deleting table user_roles.
2022-05-25 18:46:21,645:db_repo:DEBUG:Adding An Entry to DB.
2022-05-25 18:46:21,678:db_repo:DEBUG:Adding An Entry to DB.
2022-05-25 18:46:21,691:db_repo:DEBUG:Adding An Entry to DB.
2022-05-25 18:46:21,691:db_repo:DEBUG:Adding An Entry to DB.
2022-05-25 18:46:21,699:db_repo:DEBUG:Adding An Entry to DB.
2022-05-25 18:46:21,699:db_repo:DEBUG:Adding An Entry to DB.
2022-05-25 18:46:21,707:db_repo:DEBUG:Adding An Entry to DB.
2022-05-25 18:46:21,707:db_repo:DEBUG:Adding An Entry to DB.
2022-05-25 18:46:21,715:db_repo:DEBUG:Adding An Entry to DB.
2022-05-25 18:46:21,715:db_repo:DEBUG:Adding An Entry to DB.
2022-05-25 18:46:21,723:db_repo:DEBUG:Adding An Entry to DB.
2022-05-25 18:46:21,723:db_repo:DEBUG:Adding An Entry to DB.
2022-05-25 18:46:21,732:db_repo:DEBUG:Adding An Entry to DB.
2022-05-25 18:46:21,732:db_repo:DEBUG:Adding An Entry to DB.
2022-05-25 18:46:21,740:db_repo:DEBUG:Adding An Entry to DB.
2022-05-25 18:46:21,740:db_repo:DEBUG:Adding An Entry to DB.
2022-05-25 18:46:21,748:db_repo:DEBUG:Adding An Entry to DB.
2022-05-25 18:46:21,753:db_repo:DEBUG:Adding An Entry to DB.
2022-05-25 18:46:21,754:db_repo:DEBUG:Adding An Entry to DB.
2022-05-25 18:46:21,763:db_repo:DEBUG:Adding An Entry to DB.
2022-05-25 18:46:21,763:db_repo:DEBUG:Adding An Entry to DB.
2022-05-25 18:46:21,771:db_repo:DEBUG:Adding An Entry to DB.
2022-05-25 18:46:21,773:db_repo:DEBUG:Adding An Entry to DB.
2022-05-25 18:46:21,773:db_repo:DEBUG:Adding An Entry to DB.
2022-05-25 18:46:21,782:db_repo:DEBUG:Adding An Entry to DB.
2022-05-25 18:46:21,784:db_repo:DEBUG:Adding An Entry to DB.
2022-05-25 18:46:21,784:db_repo:DEBUG:Adding An Entry to DB.
2022-05-25 18:46:21,792:db_repo:DEBUG:Adding An Entry to DB.
2022-05-25 18:46:21,800:db_repo:DEBUG:Adding An Entry to DB.
2022-05-25 18:46:21,800:db_repo:DEBUG:Adding An Entry to DB.
2022-05-25 18:46:21,808:db_repo:DEBUG:Adding An Entry to DB.
2022-05-25 18:46:21,808:db_repo:DEBUG:Adding An Entry to DB.
2022-05-25 18:46:21,808:db_repo:DEBUG:Adding An Entry to DB.
2022-05-25 18:46:21,846:db_repo:DEBUG:Adding An Entry to DB.
2022-05-25 18:46:21,854:db_repo:DEBUG:Adding An Entry to DB.
2022-05-25 18:46:21,854:db_repo:DEBUG:Adding An Entry to DB.
2022-05-25 18:46:21,864:db_repo:DEBUG:Adding An Entry to DB.
2022-05-25 18:46:21,866:db_repo:DEBUG:Adding An Entry to DB.
2022-05-25 18:46:21,871:db_repo:DEBUG:Adding An Entry to DB.
2022-05-25 18:46:21,873:db_repo:DEBUG:Adding An Entry to DB.
2022-05-25 18:46:21,873:db_repo:DEBUG:Adding An Entry to DB.
2022-05-25 18:46:21,881:db_repo:DEBUG:Adding An Entry to DB.
2022-05-25 18:46:21,881:db_repo:DEBUG:Adding An Entry to DB.
2022-05-25 18:46:21,881:db_repo:DEBUG:Adding An Entry to DB.
2022-05-25 18:46:21,892:db_repo:DEBUG:Adding An Entry to DB.
2022-05-25 18:46:21,892:db_repo:DEBUG:Adding An Entry to DB.
2022-05-25 18:46:21,892:db_repo:DEBUG:Adding An Entry to DB.
2022-05-25 18:46:21,892:db_repo:DEBUG:Adding An Entry to DB.
2022-05-25 18:46:21,899:db_repo:DEBUG:Adding An Entry to DB.
2022-05-25 18:46:21,903:db_repo:DEBUG:Adding An Entry to DB.
2022-05-25 18:46:21,903:db_repo:DEBUG:Adding An Entry to DB.
2022-05-25 18:46:21,903:db_repo:DEBUG:Adding An Entry to DB.
2022-05-25 18:46:21,903:db_repo:DEBUG:Adding An Entry to DB.
2022-05-25 18:46:21,912:db_repo:DEBUG:Adding An Entry to DB.
2022-05-25 18:46:21,912:db_repo:DEBUG:Adding An Entry to DB.
2022-05-25 18:46:21,912:db_repo:DEBUG:Adding An Entry to DB.
2022-05-25 18:46:21,919:db_repo:DEBUG:Adding An Entry to DB.
2022-05-25 18:46:21,919:db_repo:DEBUG:Adding An Entry to DB.
2022-05-25 18:46:21,927:db_repo:DEBUG:Adding An Entry to DB.
2022-05-25 18:46:21,930:db_repo:DEBUG:Adding An Entry to DB.
2022-05-25 18:46:21,935:db_repo:DEBUG:Adding An Entry to DB.
2022-05-25 18:46:21,938:db_repo:DEBUG:Adding An Entry to DB.
2022-05-25 18:46:21,940:db_repo:DEBUG:Adding An Entry to DB.
2022-05-25 18:46:21,945:db_repo:DEBUG:Adding An Entry to DB.
2022-05-25 18:46:21,949:db_repo:DEBUG:Adding An Entry to DB.
2022-05-25 18:46:21,951:db_repo:DEBUG:Adding An Entry to DB.
2022-05-25 18:46:21,955:db_repo:DEBUG:Adding An Entry to DB.
2022-05-25 18:46:21,960:db_repo:DEBUG:Adding An Entry to DB.
2022-05-25 18:46:21,964:db_repo:DEBUG:Adding An Entry to DB.
2022-05-25 18:46:21,966:db_repo:DEBUG:Adding An Entry to DB.
2022-05-25 18:46:21,969:db_repo:DEBUG:Adding An Entry to DB.
2022-05-25 18:46:21,971:db_repo:DEBUG:Adding An Entry to DB.
2022-05-25 18:46:21,971:db_repo:DEBUG:Adding An Entry to DB.
2022-05-25 18:46:21,979:db_repo:DEBUG:Adding An Entry to DB.
2022-05-25 18:46:21,983:db_repo:DEBUG:Adding An Entry to DB.
2022-05-25 18:46:21,986:db_repo:DEBUG:Adding An Entry to DB.
2022-05-25 18:46:21,989:db_repo:DEBUG:Adding An Entry to DB.
2022-05-25 18:46:21,989:db_repo:DEBUG:Adding An Entry to DB.
2022-05-25 18:46:21,989:db_repo:DEBUG:Adding An Entry to DB.
2022-05-25 18:46:21,997:db_repo:DEBUG:Adding An Entry to DB.
2022-05-25 18:46:21,997:db_repo:DEBUG:Adding An Entry to DB.
2022-05-25 18:46:22,004:db_repo:DEBUG:Adding An Entry to DB.
2022-05-25 18:46:22,010:db_repo:DEBUG:Adding An Entry to DB.
2022-05-25 18:46:22,013:db_repo:DEBUG:Adding An Entry to DB.
2022-05-25 18:46:22,016:db_repo:DEBUG:Adding An Entry to DB.
2022-05-25 18:46:22,019:db_repo:DEBUG:Adding An Entry to DB.
2022-05-25 18:46:22,022:db_repo:DEBUG:Adding An Entry to DB.
2022-05-25 18:46:22,027:db_repo:DEBUG:Adding An Entry to DB.
2022-05-25 18:46:22,029:db_repo:DEBUG:Adding An Entry to DB.
2022-05-25 18:46:22,032:db_repo:DEBUG:Adding An Entry to DB.
2022-05-25 18:46:22,035:db_repo:DEBUG:Adding An Entry to DB.
2022-05-25 18:46:22,037:db_repo:DEBUG:Adding An Entry to DB.
2022-05-25 18:46:22,041:db_repo:DEBUG:Adding An Entry to DB.
2022-05-25 18:46:22,045:db_repo:DEBUG:Adding An Entry to DB.
2022-05-25 18:46:22,047:db_repo:DEBUG:Adding An Entry to DB.
2022-05-25 18:46:22,049:db_repo:DEBUG:Adding An Entry to DB.
2022-05-25 18:46:22,049:db_repo:DEBUG:Adding An Entry to DB.
2022-05-25 18:46:22,059:db_repo:DEBUG:Adding An Entry to DB.
2022-05-25 18:46:22,060:db_repo:DEBUG:Adding An Entry to DB.
2022-05-25 18:46:22,065:db_repo:DEBUG:Adding An Entry to DB.
2022-05-25 18:46:22,069:db_repo:DEBUG:Adding An Entry to DB.
2022-05-25 18:46:22,074:db_repo:DEBUG:Adding An Entry to DB.
2022-05-25 18:46:22,080:db_repo:DEBUG:Adding An Entry to DB.
2022-05-25 18:46:22,081:db_repo:DEBUG:Adding An Entry to DB.
2022-05-25 18:46:22,081:db_repo:DEBUG:Adding An Entry to DB.
2022-05-25 18:46:22,087:db_repo:DEBUG:Adding An Entry to DB.
2022-05-25 18:46:22,092:db_repo:DEBUG:Adding An Entry to DB.
2022-05-25 18:46:22,095:db_repo:DEBUG:Adding An Entry to DB.
2022-05-25 18:46:22,097:db_repo:DEBUG:Adding An Entry to DB.
2022-05-25 18:46:22,100:db_repo:DEBUG:Adding An Entry to DB.
2022-05-25 18:46:22,101:db_repo:DEBUG:Adding An Entry to DB.
2022-05-25 18:46:22,105:db_repo:DEBUG:Adding An Entry to DB.
2022-05-25 18:46:22,111:db_repo:DEBUG:Adding An Entry to DB.
2022-05-25 18:46:22,112:db_repo:DEBUG:Adding An Entry to DB.
2022-05-25 18:46:22,117:db_repo:DEBUG:Adding An Entry to DB.
2022-05-25 18:46:22,120:db_repo:DEBUG:Adding An Entry to DB.
2022-05-25 18:46:22,124:db_repo:DEBUG:Adding An Entry to DB.
2022-05-25 18:46:22,129:db_repo:DEBUG:Adding An Entry to DB.
2022-05-25 18:46:22,133:db_repo:DEBUG:Adding An Entry to DB.
2022-05-25 18:46:22,136:db_repo:DEBUG:Adding An Entry to DB.
2022-05-25 18:46:22,139:db_repo:DEBUG:Adding An Entry to DB.
2022-05-25 18:46:22,140:db_repo:DEBUG:Adding An Entry to DB.
2022-05-25 18:46:22,140:db_repo:DEBUG:Adding An Entry to DB.
2022-05-25 18:46:22,149:db_repo:DEBUG:Adding An Entry to DB.
2022-05-25 18:46:22,149:db_repo:DEBUG:Adding An Entry to DB.
2022-05-25 18:46:22,149:db_repo:DEBUG:Adding An Entry to DB.
2022-05-25 18:46:22,158:db_repo:DEBUG:Adding An Entry to DB.
2022-05-25 18:46:22,161:db_repo:DEBUG:Adding An Entry to DB.
2022-05-25 18:46:22,169:db_repo:DEBUG:Adding An Entry to DB.
2022-05-25 18:46:22,173:db_repo:DEBUG:Adding An Entry to DB.
2022-05-25 18:46:22,178:db_repo:DEBUG:Adding An Entry to DB.
2022-05-25 18:46:22,181:db_repo:DEBUG:Adding An Entry to DB.
2022-05-25 18:46:22,183:db_repo:DEBUG:Adding An Entry to DB.
2022-05-25 18:46:22,187:db_repo:DEBUG:Adding An Entry to DB.
2022-05-25 18:46:22,190:db_repo:DEBUG:Adding An Entry to DB.
2022-05-25 18:46:22,194:db_repo:DEBUG:Adding An Entry to DB.
2022-05-25 18:46:22,197:db_repo:DEBUG:Adding An Entry to DB.
2022-05-25 18:46:22,200:db_repo:DEBUG:Adding An Entry to DB.
2022-05-25 18:46:22,203:db_repo:DEBUG:Adding An Entry to DB.
2022-05-25 18:46:22,204:db_repo:DEBUG:Adding An Entry to DB.
2022-05-25 18:46:22,211:db_repo:DEBUG:Adding An Entry to DB.
2022-05-25 18:46:22,215:db_repo:DEBUG:Adding An Entry to DB.
2022-05-25 18:46:22,218:db_repo:DEBUG:Adding An Entry to DB.
2022-05-25 18:46:22,225:db_repo:DEBUG:Adding An Entry to DB.
2022-05-25 18:46:22,228:db_repo:DEBUG:Adding An Entry to DB.
2022-05-25 18:46:22,231:db_repo:DEBUG:Adding An Entry to DB.
2022-05-25 18:46:22,237:db_repo:DEBUG:Adding An Entry to DB.
2022-05-25 18:46:22,237:db_repo:DEBUG:Adding An Entry to DB.
2022-05-25 18:46:22,241:db_repo:DEBUG:Adding An Entry to DB.
2022-05-25 18:46:22,243:db_repo:DEBUG:Adding An Entry to DB.
2022-05-25 18:46:22,248:db_repo:DEBUG:Adding An Entry to DB.
2022-05-25 18:46:22,253:db_repo:DEBUG:Adding An Entry to DB.
2022-05-25 18:46:22,257:db_repo:DEBUG:Adding An Entry to DB.
2022-05-25 18:46:22,260:db_repo:DEBUG:Adding An Entry to DB.
2022-05-25 18:46:22,262:db_repo:DEBUG:Adding An Entry to DB.
2022-05-25 18:46:22,263:db_repo:DEBUG:Adding An Entry to DB.
2022-05-25 18:46:22,272:db_repo:DEBUG:Adding An Entry to DB.
2022-05-25 18:46:22,272:db_repo:DEBUG:Adding An Entry to DB.
2022-05-25 18:46:22,272:db_repo:DEBUG:Adding An Entry to DB.
2022-05-25 18:46:22,272:db_repo:DEBUG:Adding An Entry to DB.
2022-05-25 18:46:22,272:db_repo:DEBUG:Adding An Entry to DB.
2022-05-25 18:46:22,281:db_repo:DEBUG:Adding An Entry to DB.
2022-05-25 18:46:22,281:db_repo:DEBUG:Adding An Entry to DB.
2022-05-25 18:46:22,281:db_repo:DEBUG:Adding An Entry to DB.
2022-05-25 18:46:22,289:db_repo:DEBUG:Adding An Entry to DB.
2022-05-25 18:46:22,289:db_repo:DEBUG:Adding An Entry to DB.
2022-05-25 18:46:22,289:db_repo:DEBUG:Adding An Entry to DB.
2022-05-25 18:46:22,289:db_repo:DEBUG:Adding An Entry to DB.
2022-05-25 18:46:22,289:db_repo:DEBUG:Adding An Entry to DB.
2022-05-25 18:46:22,297:db_repo:DEBUG:Adding An Entry to DB.
2022-05-25 18:46:22,297:db_repo:DEBUG:Adding An Entry to DB.
2022-05-25 18:46:22,297:db_repo:DEBUG:Adding An Entry to DB.
2022-05-25 18:46:22,305:db_repo:DEBUG:Adding An Entry to DB.
2022-05-25 18:46:22,305:db_repo:DEBUG:Adding An Entry to DB.
2022-05-25 18:46:22,305:db_repo:DEBUG:Adding An Entry to DB.
2022-05-25 18:46:22,305:db_repo:DEBUG:Adding An Entry to DB.
2022-05-25 18:46:22,305:db_repo:DEBUG:Adding An Entry to DB.
2022-05-25 18:46:22,313:db_repo:DEBUG:Adding An Entry to DB.
2022-05-25 18:46:22,313:db_repo:DEBUG:Adding An Entry to DB.
2022-05-25 18:46:22,313:db_repo:DEBUG:Adding An Entry to DB.
2022-05-25 18:46:22,321:db_repo:DEBUG:Adding An Entry to DB.
2022-05-25 18:46:22,323:db_repo:DEBUG:Adding An Entry to DB.
2022-05-25 18:46:22,325:db_repo:DEBUG:Adding An Entry to DB.
2022-05-25 18:46:22,325:db_repo:DEBUG:Adding An Entry to DB.
2022-05-25 18:46:22,325:db_repo:DEBUG:Adding An Entry to DB.
2022-05-25 18:46:22,325:db_repo:DEBUG:Adding An Entry to DB.
2022-05-25 18:46:22,332:db_repo:DEBUG:Adding An Entry to DB.
2022-05-25 18:46:22,332:db_repo:DEBUG:Adding An Entry to DB.
2022-05-25 18:46:22,332:db_repo:DEBUG:Adding An Entry to DB.
2022-05-25 18:46:22,341:db_repo:DEBUG:Adding An Entry to DB.
2022-05-25 18:46:22,341:db_repo:DEBUG:Adding An Entry to DB.
2022-05-25 18:46:22,341:db_repo:DEBUG:Adding An Entry to DB.
2022-05-25 18:46:22,341:db_repo:DEBUG:Adding An Entry to DB.
2022-05-25 18:46:22,349:db_repo:DEBUG:Adding An Entry to DB.
2022-05-25 18:46:22,349:db_repo:DEBUG:Adding An Entry to DB.
2022-05-25 18:46:22,349:db_repo:DEBUG:Adding An Entry to DB.
2022-05-25 18:46:22,349:db_repo:DEBUG:Adding An Entry to DB.
2022-05-25 18:46:22,358:db_repo:DEBUG:Adding An Entry to DB.
2022-05-25 18:46:22,358:db_repo:DEBUG:Adding An Entry to DB.
2022-05-25 18:46:22,358:db_repo:DEBUG:Adding An Entry to DB.
2022-05-25 18:46:22,358:db_repo:DEBUG:Adding An Entry to DB.
2022-05-25 18:46:22,358:db_repo:DEBUG:Adding An Entry to DB.
2022-05-25 18:46:22,366:db_repo:DEBUG:Adding An Entry to DB.
2022-05-25 18:46:22,371:db_repo:DEBUG:Adding An Entry to DB.
2022-05-25 18:46:22,373:db_repo:DEBUG:Adding An Entry to DB.
2022-05-25 18:46:22,373:db_repo:DEBUG:Adding An Entry to DB.
2022-05-25 18:46:22,377:db_repo:DEBUG:Adding An Entry to DB.
2022-05-25 18:46:22,379:db_repo:DEBUG:Adding An Entry to DB.
2022-05-25 18:46:22,379:db_repo:DEBUG:Adding An Entry to DB.
2022-05-25 18:46:22,379:db_repo:DEBUG:Adding An Entry to DB.
2022-05-25 18:46:22,379:db_repo:DEBUG:Adding An Entry to DB.
2022-05-25 18:46:22,387:db_repo:DEBUG:Adding An Entry to DB.
2022-05-25 18:46:22,387:db_repo:DEBUG:Adding An Entry to DB.
2022-05-25 18:46:22,387:db_repo:DEBUG:Adding An Entry to DB.
2022-05-25 18:46:22,387:db_repo:DEBUG:Adding An Entry to DB.
2022-05-25 18:46:22,387:db_repo:DEBUG:Adding An Entry to DB.
2022-05-25 18:46:22,395:db_repo:DEBUG:Adding An Entry to DB.
2022-05-25 18:46:22,395:db_repo:DEBUG:Adding An Entry to DB.
2022-05-25 18:46:22,398:db_repo:DEBUG:Adding An Entry to DB.
2022-05-25 18:46:22,398:db_repo:DEBUG:Adding An Entry to DB.
2022-05-25 18:46:22,398:db_repo:DEBUG:Adding An Entry to DB.
2022-05-25 18:46:22,406:db_repo:DEBUG:Adding An Entry to DB.
2022-05-25 18:46:22,406:db_repo:DEBUG:Adding An Entry to DB.
2022-05-25 18:46:22,406:db_repo:DEBUG:Adding An Entry to DB.
2022-05-25 18:46:22,406:db_repo:DEBUG:Adding An Entry to DB.
2022-05-25 18:46:22,406:db_repo:DEBUG:Adding An Entry to DB.
2022-05-25 18:46:22,414:db_repo:DEBUG:Adding An Entry to DB.
2022-05-25 18:46:22,414:db_repo:DEBUG:Adding An Entry to DB.
2022-05-25 18:46:22,414:db_repo:DEBUG:Adding An Entry to DB.
2022-05-25 18:46:22,422:db_repo:DEBUG:Adding An Entry to DB.
2022-05-25 18:46:22,422:db_repo:DEBUG:Adding An Entry to DB.
2022-05-25 18:46:22,426:db_repo:DEBUG:Adding An Entry to DB.
2022-05-25 18:46:22,428:db_repo:DEBUG:Adding An Entry to DB.
2022-05-25 18:46:22,428:db_repo:DEBUG:Adding An Entry to DB.
2022-05-25 18:46:22,428:db_repo:DEBUG:Adding An Entry to DB.
2022-05-25 18:46:22,436:db_repo:DEBUG:Adding An Entry to DB.
2022-05-25 18:46:22,436:db_repo:DEBUG:Adding An Entry to DB.
2022-05-25 18:46:22,436:db_repo:DEBUG:Adding An Entry to DB.
2022-05-25 18:46:22,436:db_repo:DEBUG:Adding An Entry to DB.
2022-05-25 18:46:22,436:db_repo:DEBUG:Adding An Entry to DB.
2022-05-25 18:46:22,445:db_repo:DEBUG:Adding An Entry to DB.
2022-05-25 18:46:22,445:db_repo:DEBUG:Adding An Entry to DB.
2022-05-25 18:46:22,450:db_repo:DEBUG:Adding An Entry to DB.
2022-05-25 18:46:22,450:db_repo:DEBUG:Adding An Entry to DB.
2022-05-25 18:46:22,450:db_repo:DEBUG:Adding Multiple Entries to DB.
2022-05-25 18:46:22,996:db_repo:DEBUG:Adding Multiple Entries to DB.
2022-05-25 18:46:23,008:db_repo:DEBUG:Adding Multiple Entries to DB.
2022-05-25 18:46:23,016:db_repo:DEBUG:Adding Multiple Entries to DB.
2022-05-25 18:46:23,024:db_repo:DEBUG:Adding Multiple Entries to DB.
2022-05-25 18:46:23,048:db_repo:DEBUG:Adding Multiple Entries to DB.
2022-05-25 18:46:23,056:db_repo:DEBUG:Adding Multiple Entries to DB.
2022-05-25 18:46:23,098:db_repo:DEBUG:From C:\git\pyCodeBasement\FINAL_PROJECT\db_files\sp_file.sql - All SP were created.
