2022-02-06 17:36:33,581:facade_anonymus:DEBUG:Attempting Logging-in...
2022-02-06 17:36:33,648:facade_anonymus:INFO:Welcome, Admin l10r
2022-02-06 17:36:33,656:facade_anonymus:DEBUG:Attempting Logging-in...
2022-02-06 17:36:33,661:facade_anonymus:INFO:Welcome, Airline m4x1m
2022-02-06 17:36:33,666:facade_anonymus:DEBUG:Attempting Logging-in...
2022-02-06 17:36:33,673:facade_anonymus:INFO:Welcome, Customer 3m1l
2022-02-06 17:36:33,680:db_repo:WARNING:deleting all tables.
2022-02-06 17:36:33,680:db_repo:WARNING:deleting table countries.
2022-02-06 17:36:33,696:db_repo:WARNING:deleting table flights.
2022-02-06 17:36:33,704:db_repo:WARNING:deleting table tickets.
2022-02-06 17:36:33,710:db_repo:WARNING:deleting table airline_companies.
2022-02-06 17:36:33,720:db_repo:WARNING:deleting table administrators.
2022-02-06 17:36:33,727:db_repo:WARNING:deleting table customers.
2022-02-06 17:36:33,740:db_repo:WARNING:deleting table users.
2022-02-06 17:36:33,748:db_repo:WARNING:deleting table user_roles.
2022-02-06 17:36:34,303:db_repo:DEBUG:From C:\git\pyCodeBasement\FINAL_PROJECT\sp_file.sql - All SP were created.
2022-02-06 17:41:45,431:facade_anonymus:DEBUG:Attempting Logging-in...
2022-02-06 17:42:01,779:facade_anonymus:DEBUG:Attempting Logging-in...
2022-02-06 17:42:01,837:facade_anonymus:INFO:Welcome, Admin l10r
2022-02-06 17:42:01,840:facade_anonymus:DEBUG:Attempting Logging-in...
2022-02-06 17:42:01,843:facade_anonymus:INFO:Welcome, Airline m4x1m
2022-02-06 17:42:01,848:facade_anonymus:DEBUG:Attempting Logging-in...
2022-02-06 17:42:01,854:facade_anonymus:INFO:Welcome, Customer 3m1l
2022-02-06 17:42:01,860:db_repo:WARNING:deleting all tables.
2022-02-06 17:42:01,860:db_repo:WARNING:deleting table countries.
2022-02-06 17:42:01,874:db_repo:WARNING:deleting table flights.
2022-02-06 17:42:01,882:db_repo:WARNING:deleting table tickets.
2022-02-06 17:42:01,889:db_repo:WARNING:deleting table airline_companies.
2022-02-06 17:42:01,897:db_repo:WARNING:deleting table administrators.
2022-02-06 17:42:01,906:db_repo:WARNING:deleting table customers.
2022-02-06 17:42:01,919:db_repo:WARNING:deleting table users.
2022-02-06 17:42:01,925:db_repo:WARNING:deleting table user_roles.
2022-02-06 17:42:02,374:db_repo:DEBUG:From C:\git\pyCodeBasement\FINAL_PROJECT\sp_file.sql - All SP were created.
2022-02-06 17:42:07,950:facade_anonymus:DEBUG:Attempting Logging-in...
2022-02-06 17:42:08,011:facade_anonymus:ERROR:<class 'error_invalid_password.InvalidPassword'> - Login attempt failed - username: l10r
2022-02-06 17:42:18,048:facade_anonymus:DEBUG:Attempting Logging-in...
2022-02-06 17:42:18,109:facade_anonymus:INFO:Welcome, Admin l10r
2022-02-06 17:42:18,113:facade_anonymus:DEBUG:Attempting Logging-in...
2022-02-06 17:42:18,116:facade_anonymus:INFO:Welcome, Airline m4x1m
2022-02-06 17:42:18,123:facade_anonymus:DEBUG:Attempting Logging-in...
2022-02-06 17:42:18,126:facade_anonymus:INFO:Welcome, Customer 3m1l
2022-02-06 17:42:18,133:db_repo:WARNING:deleting all tables.
2022-02-06 17:42:18,133:db_repo:WARNING:deleting table countries.
2022-02-06 17:42:18,144:db_repo:WARNING:deleting table flights.
2022-02-06 17:42:18,151:db_repo:WARNING:deleting table tickets.
2022-02-06 17:42:18,158:db_repo:WARNING:deleting table airline_companies.
2022-02-06 17:42:18,164:db_repo:WARNING:deleting table administrators.
2022-02-06 17:42:18,174:db_repo:WARNING:deleting table customers.
2022-02-06 17:42:18,184:db_repo:WARNING:deleting table users.
2022-02-06 17:42:18,192:db_repo:WARNING:deleting table user_roles.
2022-02-06 17:42:18,671:db_repo:DEBUG:From C:\git\pyCodeBasement\FINAL_PROJECT\sp_file.sql - All SP were created.
2022-02-06 17:43:33,988:facade_anonymus:DEBUG:Attempting Logging-in...
2022-02-06 17:43:34,064:facade_anonymus:INFO:Welcome, Admin l10r
2022-02-06 17:43:34,069:facade_anonymus:DEBUG:Attempting Logging-in...
2022-02-06 17:43:34,072:facade_anonymus:INFO:Welcome, Airline m4x1m
2022-02-06 17:43:34,078:facade_anonymus:DEBUG:Attempting Logging-in...
2022-02-06 17:43:34,080:facade_anonymus:INFO:Welcome, Customer 3m1l
2022-02-06 17:43:34,085:db_repo:WARNING:deleting all tables.
2022-02-06 17:43:34,085:db_repo:WARNING:deleting table countries.
2022-02-06 17:43:34,098:db_repo:WARNING:deleting table flights.
2022-02-06 17:43:34,103:db_repo:WARNING:deleting table tickets.
2022-02-06 17:43:34,111:db_repo:WARNING:deleting table airline_companies.
2022-02-06 17:43:34,117:db_repo:WARNING:deleting table administrators.
2022-02-06 17:43:34,126:db_repo:WARNING:deleting table customers.
2022-02-06 17:43:34,134:db_repo:WARNING:deleting table users.
2022-02-06 17:43:34,145:db_repo:WARNING:deleting table user_roles.
2022-02-06 17:43:34,554:db_repo:DEBUG:From C:\git\pyCodeBasement\FINAL_PROJECT\sp_file.sql - All SP were created.
2022-02-06 17:43:38,045:facade_anonymus:DEBUG:Attempting Logging-in...
2022-02-06 17:44:01,368:facade_anonymus:DEBUG:Attempting Logging-in...
2022-02-06 17:44:01,453:facade_anonymus:INFO:Welcome, Admin l10r
2022-02-06 17:44:01,457:facade_anonymus:DEBUG:Attempting Logging-in...
2022-02-06 17:44:01,458:facade_anonymus:INFO:Welcome, Airline m4x1m
2022-02-06 17:44:01,464:facade_anonymus:DEBUG:Attempting Logging-in...
2022-02-06 17:44:01,467:facade_anonymus:INFO:Welcome, Customer 3m1l
2022-02-06 17:44:01,472:db_repo:WARNING:deleting all tables.
2022-02-06 17:44:01,472:db_repo:WARNING:deleting table countries.
2022-02-06 17:44:01,482:db_repo:WARNING:deleting table flights.
2022-02-06 17:44:01,487:db_repo:WARNING:deleting table tickets.
2022-02-06 17:44:01,492:db_repo:WARNING:deleting table airline_companies.
2022-02-06 17:44:01,502:db_repo:WARNING:deleting table administrators.
2022-02-06 17:44:01,509:db_repo:WARNING:deleting table customers.
2022-02-06 17:44:01,520:db_repo:WARNING:deleting table users.
2022-02-06 17:44:01,529:db_repo:WARNING:deleting table user_roles.
2022-02-06 17:44:01,963:db_repo:DEBUG:From C:\git\pyCodeBasement\FINAL_PROJECT\sp_file.sql - All SP were created.
2022-02-06 17:44:05,916:facade_anonymus:DEBUG:Attempting Logging-in...
2022-02-06 17:45:58,981:facade_anonymus:DEBUG:Attempting Logging-in...
2022-02-06 17:45:59,047:facade_anonymus:ERROR:<class 'error_user_not_found.UsernameNotFound'> - Login attempt failed - username: l10dr
2022-02-06 17:46:06,524:facade_anonymus:DEBUG:Attempting Logging-in...
2022-02-06 17:46:06,582:facade_anonymus:INFO:Welcome, Admin l10r
2022-02-06 17:46:06,586:facade_anonymus:DEBUG:Attempting Logging-in...
2022-02-06 17:46:06,588:facade_anonymus:INFO:Welcome, Airline m4x1m
2022-02-06 17:46:06,595:facade_anonymus:DEBUG:Attempting Logging-in...
2022-02-06 17:46:06,597:facade_anonymus:INFO:Welcome, Customer 3m1l
2022-02-06 17:46:06,603:db_repo:WARNING:deleting all tables.
2022-02-06 17:46:06,603:db_repo:WARNING:deleting table countries.
2022-02-06 17:46:06,616:db_repo:WARNING:deleting table flights.
2022-02-06 17:46:06,620:db_repo:WARNING:deleting table tickets.
2022-02-06 17:46:06,626:db_repo:WARNING:deleting table airline_companies.
2022-02-06 17:46:06,635:db_repo:WARNING:deleting table administrators.
2022-02-06 17:46:06,641:db_repo:WARNING:deleting table customers.
2022-02-06 17:46:06,652:db_repo:WARNING:deleting table users.
2022-02-06 17:46:06,662:db_repo:WARNING:deleting table user_roles.
2022-02-06 17:46:07,151:db_repo:DEBUG:From C:\git\pyCodeBasement\FINAL_PROJECT\sp_file.sql - All SP were created.
2022-02-06 17:46:15,251:facade_anonymus:DEBUG:Attempting Logging-in...
2022-02-06 17:46:15,311:facade_anonymus:ERROR:<class 'error_invalid_password.InvalidPassword'> - Login attempt failed - username: l10r
2022-02-06 17:46:39,063:facade_anonymus:DEBUG:Attempting Logging-in...
2022-02-06 17:46:39,123:facade_anonymus:INFO:Welcome, Admin l10r
2022-02-06 17:46:39,127:facade_anonymus:DEBUG:Attempting Logging-in...
2022-02-06 17:46:39,130:facade_anonymus:INFO:Welcome, Airline m4x1m
2022-02-06 17:46:39,136:facade_anonymus:DEBUG:Attempting Logging-in...
2022-02-06 17:46:39,139:facade_anonymus:INFO:Welcome, Customer 3m1l
2022-02-06 17:46:39,142:db_repo:WARNING:deleting all tables.
2022-02-06 17:46:39,142:db_repo:WARNING:deleting table countries.
2022-02-06 17:46:39,154:db_repo:WARNING:deleting table flights.
2022-02-06 17:46:39,161:db_repo:WARNING:deleting table tickets.
2022-02-06 17:46:39,169:db_repo:WARNING:deleting table airline_companies.
2022-02-06 17:46:39,175:db_repo:WARNING:deleting table administrators.
2022-02-06 17:46:39,181:db_repo:WARNING:deleting table customers.
2022-02-06 17:46:39,191:db_repo:WARNING:deleting table users.
2022-02-06 17:46:39,197:db_repo:WARNING:deleting table user_roles.
2022-02-06 17:46:39,594:db_repo:DEBUG:From C:\git\pyCodeBasement\FINAL_PROJECT\sp_file.sql - All SP were created.
2022-02-06 17:47:11,393:facade_anonymus:DEBUG:Attempting Logging-in...
2022-02-06 17:47:11,461:facade_anonymus:INFO:Welcome, Admin l10r
2022-02-06 17:47:11,466:facade_anonymus:DEBUG:Attempting Logging-in...
2022-02-06 17:47:11,469:facade_anonymus:INFO:Welcome, Airline m4x1m
2022-02-06 17:47:11,477:facade_anonymus:DEBUG:Attempting Logging-in...
2022-02-06 17:47:11,481:facade_anonymus:INFO:Welcome, Customer 3m1l
2022-02-06 17:47:11,489:db_repo:WARNING:deleting all tables.
2022-02-06 17:47:11,489:db_repo:WARNING:deleting table countries.
2022-02-06 17:47:11,502:db_repo:WARNING:deleting table flights.
2022-02-06 17:47:11,509:db_repo:WARNING:deleting table tickets.
2022-02-06 17:47:11,514:db_repo:WARNING:deleting table airline_companies.
2022-02-06 17:47:11,520:db_repo:WARNING:deleting table administrators.
2022-02-06 17:47:11,528:db_repo:WARNING:deleting table customers.
2022-02-06 17:47:11,536:db_repo:WARNING:deleting table users.
2022-02-06 17:47:11,543:db_repo:WARNING:deleting table user_roles.
2022-02-06 17:47:12,020:db_repo:DEBUG:From C:\git\pyCodeBasement\FINAL_PROJECT\sp_file.sql - All SP were created.
2022-02-06 19:25:40,935:facade_anonymus:DEBUG:Attempting Logging-in...
2022-02-06 19:25:41,001:facade_anonymus:INFO:Welcome, Admin l10r
2022-02-06 19:25:41,011:facade_anonymus:DEBUG:Attempting Logging-in...
2022-02-06 19:25:41,014:facade_anonymus:INFO:Welcome, Airline m4x1m
2022-02-06 19:25:41,023:facade_anonymus:DEBUG:Attempting Logging-in...
2022-02-06 19:25:41,023:facade_anonymus:INFO:Welcome, Customer 3m1l
2022-02-06 19:25:41,037:db_repo:WARNING:deleting all tables.
2022-02-06 19:25:41,037:db_repo:WARNING:deleting table countries.
2022-02-06 19:25:41,053:db_repo:WARNING:deleting table flights.
2022-02-06 19:25:41,061:db_repo:WARNING:deleting table tickets.
2022-02-06 19:25:41,070:db_repo:WARNING:deleting table airline_companies.
2022-02-06 19:25:41,078:db_repo:WARNING:deleting table administrators.
2022-02-06 19:25:41,087:db_repo:WARNING:deleting table customers.
2022-02-06 19:25:41,103:db_repo:WARNING:deleting table users.
2022-02-06 19:25:41,111:db_repo:WARNING:deleting table user_roles.
2022-02-06 19:25:41,247:db_repo:DEBUG:Reseting initial DB.
2022-02-06 19:25:41,600:db_repo:DEBUG:From C:\git\pyCodeBasement\FINAL_PROJECT\sp_file.sql - All SP were created.
2022-02-06 19:25:57,065:facade_anonymus:DEBUG:Attempting Logging-in...
2022-02-06 19:25:57,150:facade_anonymus:INFO:Welcome, Admin l10r
2022-02-06 19:25:57,161:facade_anonymus:DEBUG:Attempting Logging-in...
2022-02-06 19:25:57,164:facade_anonymus:INFO:Welcome, Airline m4x1m
2022-02-06 19:25:57,172:facade_anonymus:DEBUG:Attempting Logging-in...
2022-02-06 19:25:57,175:facade_anonymus:INFO:Welcome, Customer 3m1l
2022-02-06 19:25:57,186:db_repo:WARNING:deleting all tables.
2022-02-06 19:25:57,186:db_repo:WARNING:deleting table countries.
2022-02-06 19:25:57,200:db_repo:WARNING:deleting table flights.
2022-02-06 19:25:57,213:db_repo:WARNING:deleting table tickets.
2022-02-06 19:25:57,222:db_repo:WARNING:deleting table airline_companies.
2022-02-06 19:25:57,235:db_repo:WARNING:deleting table administrators.
2022-02-06 19:25:57,248:db_repo:WARNING:deleting table customers.
2022-02-06 19:25:57,260:db_repo:WARNING:deleting table users.
2022-02-06 19:25:57,275:db_repo:WARNING:deleting table user_roles.
2022-02-06 19:25:57,404:db_repo:DEBUG:Reseting initial DB.
2022-02-06 19:25:57,800:db_repo:DEBUG:From C:\git\pyCodeBasement\FINAL_PROJECT\sp_file.sql - All SP were created.
2022-02-06 19:39:06,586:facade_anonymus:DEBUG:Attempting Logging-in...
2022-02-06 19:39:06,642:facade_anonymus:INFO:Welcome, Admin l10r
2022-02-06 19:39:06,647:facade_anonymus:DEBUG:Attempting Logging-in...
2022-02-06 19:39:06,648:facade_anonymus:INFO:Welcome, Airline m4x1m
2022-02-06 19:39:06,654:facade_anonymus:DEBUG:Attempting Logging-in...
2022-02-06 19:39:06,655:facade_anonymus:INFO:Welcome, Customer 3m1l
2022-02-06 19:39:06,663:db_repo:WARNING:deleting all tables.
2022-02-06 19:39:06,664:db_repo:WARNING:deleting table countries.
2022-02-06 19:39:06,678:db_repo:WARNING:deleting table flights.
2022-02-06 19:39:06,684:db_repo:WARNING:deleting table tickets.
2022-02-06 19:39:06,690:db_repo:WARNING:deleting table airline_companies.
2022-02-06 19:39:06,699:db_repo:WARNING:deleting table administrators.
2022-02-06 19:39:06,710:db_repo:WARNING:deleting table customers.
2022-02-06 19:39:06,717:db_repo:WARNING:deleting table users.
2022-02-06 19:39:06,729:db_repo:WARNING:deleting table user_roles.
2022-02-06 19:39:06,848:db_repo:DEBUG:Reseting initial DB.
2022-02-06 19:39:07,175:db_repo:DEBUG:From C:\git\pyCodeBasement\FINAL_PROJECT\sp_file.sql - All SP were created.
2022-02-06 19:41:03,562:facade_anonymus:DEBUG:Attempting Logging-in...
2022-02-06 19:41:03,639:facade_anonymus:INFO:Welcome, Admin l10r
2022-02-06 19:41:03,645:facade_anonymus:DEBUG:Attempting Logging-in...
2022-02-06 19:41:03,648:facade_anonymus:INFO:Welcome, Airline m4x1m
2022-02-06 19:41:03,653:facade_anonymus:DEBUG:Attempting Logging-in...
2022-02-06 19:41:03,655:facade_anonymus:ERROR:<class 'error_invalid_password.InvalidPassword'> - Login attempt failed - username: 3m1l
2022-02-06 19:41:09,657:facade_anonymus:DEBUG:Attempting Logging-in...
2022-02-06 19:41:09,728:facade_anonymus:INFO:Welcome, Admin l10r
2022-02-06 19:41:09,733:facade_anonymus:DEBUG:Attempting Logging-in...
2022-02-06 19:41:09,734:facade_anonymus:INFO:Welcome, Airline m4x1m
2022-02-06 19:41:09,742:facade_anonymus:DEBUG:Attempting Logging-in...
2022-02-06 19:41:09,743:facade_anonymus:ERROR:<class 'error_user_not_found.UsernameNotFound'> - Login attempt failed - username: 3m1sl
