2022-03-09 19:56:37,441:facade_anonymus:DEBUG:Attempting Logging-in...
2022-03-09 19:56:37,530:facade_anonymus:INFO:Welcome, Admin l10r
2022-03-09 19:56:37,542:facade_anonymus:DEBUG:Attempting Logging-in...
2022-03-09 19:56:37,550:facade_anonymus:INFO:Welcome, Airline m4x1m
2022-03-09 19:56:37,559:facade_anonymus:DEBUG:Attempting Logging-in...
2022-03-09 19:56:37,559:facade_anonymus:INFO:Welcome, Customer 3m1l
2022-03-09 19:56:37,567:db_repo:DEBUG:Reseting initial DB.
2022-03-09 19:56:37,567:db_repo:WARNING:deleting all tables.
2022-03-09 19:56:37,567:db_repo:WARNING:deleting table countries.
2022-03-09 19:56:37,616:db_repo:WARNING:deleting table flights.
2022-03-09 19:56:37,624:db_repo:WARNING:deleting table tickets.
2022-03-09 19:56:37,632:db_repo:WARNING:deleting table airline_companies.
2022-03-09 19:56:37,648:db_repo:WARNING:deleting table administrators.
2022-03-09 19:56:37,660:db_repo:WARNING:deleting table customers.
2022-03-09 19:56:37,673:db_repo:WARNING:deleting table users.
2022-03-09 19:56:37,682:db_repo:WARNING:deleting table user_roles.
2022-03-09 19:56:38,311:db_repo:DEBUG:From C:\git\pyCodeBasement\FINAL_PROJECT\sp_file.sql - All SP were created.
2022-03-09 20:08:35,175:facade_anonymus:DEBUG:Attempting Logging-in...
2022-03-09 20:08:35,258:facade_anonymus:INFO:Welcome, Admin l10r
2022-03-09 20:08:35,266:facade_anonymus:DEBUG:Attempting Logging-in...
2022-03-09 20:08:35,266:facade_anonymus:INFO:Welcome, Airline m4x1m
2022-03-09 20:08:35,275:facade_anonymus:DEBUG:Attempting Logging-in...
2022-03-09 20:08:35,275:facade_anonymus:INFO:Welcome, Customer 3m1l
2022-03-09 20:08:35,283:db_repo:DEBUG:Reseting initial DB.
2022-03-09 20:08:35,283:db_repo:WARNING:deleting all tables.
2022-03-09 20:08:35,283:db_repo:WARNING:deleting table countries.
2022-03-09 20:08:35,302:db_repo:WARNING:deleting table flights.
2022-03-09 20:08:35,310:db_repo:WARNING:deleting table tickets.
2022-03-09 20:08:35,318:db_repo:WARNING:deleting table airline_companies.
2022-03-09 20:08:35,326:db_repo:WARNING:deleting table administrators.
2022-03-09 20:08:35,335:db_repo:WARNING:deleting table customers.
2022-03-09 20:08:35,351:db_repo:WARNING:deleting table users.
2022-03-09 20:08:35,360:db_repo:WARNING:deleting table user_roles.
2022-03-09 20:08:35,897:db_repo:DEBUG:From C:\git\pyCodeBasement\FINAL_PROJECT\sp_file.sql - All SP were created.
