{
  message: '====== System startup ======',
  level: 'debug',
  label: 'main module',
  timestamp: '2022-08-10T17:47:47.731Z'
}
{
  message: 'Listening to http://localhost:8080',
  level: 'info',
  label: 'main module',
  timestamp: '2022-08-10T17:47:49.270Z'
}
{
  message: '====== System startup ======',
  level: 'debug',
  label: 'main module',
  timestamp: '2022-08-10T17:57:56.889Z'
}
{
  message: 'Listening to http://localhost:8080',
  level: 'info',
  label: 'main module',
  timestamp: '2022-08-10T17:57:58.321Z'
}
{
  message: '====== System startup ======',
  level: 'debug',
  label: 'main module',
  timestamp: '2022-08-10T17:58:57.271Z'
}
{
  message: 'Listening to http://localhost:8080',
  level: 'info',
  label: 'main module',
  timestamp: '2022-08-10T17:58:58.830Z'
}
{
  message: '====== System startup ======',
  level: 'debug',
  label: 'main module',
  timestamp: '2022-08-10T17:59:18.502Z'
}
{
  message: 'Listening to http://localhost:8080',
  level: 'info',
  label: 'main module',
  timestamp: '2022-08-10T17:59:20.027Z'
}
{
  message: '====== System startup ======',
  level: 'debug',
  label: 'main module',
  timestamp: '2022-08-10T17:59:41.012Z'
}
{
  message: '====== System startup ======',
  level: 'debug',
  label: 'main module',
  timestamp: '2022-08-10T17:59:42.661Z'
}
{
  message: 'Listening to http://localhost:8080',
  level: 'info',
  label: 'main module',
  timestamp: '2022-08-10T17:59:44.493Z'
}
{
  message: '====== System startup ======',
  level: 'debug',
  label: 'main module',
  timestamp: '2022-08-10T18:06:16.150Z'
}
{
  message: 'Listening to http://localhost:8080',
  level: 'info',
  label: 'main module',
  timestamp: '2022-08-10T18:06:17.694Z'
}
{
  message: '====== System startup ======',
  level: 'debug',
  label: 'main module',
  timestamp: '2022-08-10T18:06:52.618Z'
}
{
  message: 'Listening to http://localhost:8080',
  level: 'info',
  label: 'main module',
  timestamp: '2022-08-10T18:06:54.149Z'
}
{
  message: '====== System startup ======',
  level: 'debug',
  label: 'main module',
  timestamp: '2022-08-10T18:06:56.495Z'
}
{
  message: 'Listening to http://localhost:8080',
  level: 'info',
  label: 'main module',
  timestamp: '2022-08-10T18:06:58.007Z'
}
{
  message: '====== System startup ======',
  level: 'debug',
  label: 'main module',
  timestamp: '2022-08-10T18:07:00.202Z'
}
{
  message: 'Listening to http://localhost:8080',
  level: 'info',
  label: 'main module',
  timestamp: '2022-08-10T18:07:01.708Z'
}
{
  message: '====== System startup ======',
  level: 'debug',
  label: 'main module',
  timestamp: '2022-08-10T18:10:07.448Z'
}
{
  message: '====== System startup ======',
  level: 'debug',
  label: 'main module',
  timestamp: '2022-08-10T18:10:08.994Z'
}
{
  message: 'Listening to http://localhost:8080',
  level: 'info',
  label: 'main module',
  timestamp: '2022-08-10T18:10:10.558Z'
}
{
  message: '====== System startup ======',
  level: 'debug',
  label: 'main module',
  timestamp: '2022-08-10T18:10:25.268Z'
}
{
  message: 'Listening to http://localhost:8080',
  level: 'info',
  label: 'main module',
  timestamp: '2022-08-10T18:10:26.730Z'
}
{
  message: '====== System startup ======',
  level: 'debug',
  label: 'main module',
  timestamp: '2022-08-10T18:10:29.783Z'
}
{
  message: 'Listening to http://localhost:8080',
  level: 'info',
  label: 'main module',
  timestamp: '2022-08-10T18:10:31.341Z'
}
{
  message: '====== System startup ======',
  level: 'debug',
  label: 'main module',
  timestamp: '2022-08-10T18:24:34.651Z'
}
{
  message: 'Listening to http://localhost:8080',
  level: 'info',
  label: 'main module',
  timestamp: '2022-08-10T18:24:36.205Z'
}
{
  message: '====== System startup ======',
  level: 'debug',
  label: 'main module',
  timestamp: '2022-08-10T18:28:15.524Z'
}
{
  message: '====== System startup ======',
  level: 'debug',
  label: 'main module',
  timestamp: '2022-08-10T18:28:55.655Z'
}
{
  message: 'Listening to http://localhost:8080',
  level: 'info',
  label: 'main module',
  timestamp: '2022-08-10T18:28:57.220Z'
}
{
  message: '====== System startup ======',
  level: 'debug',
  label: 'main module',
  timestamp: '2022-08-10T18:29:52.135Z'
}
{
  message: 'Listening to http://localhost:8080',
  level: 'info',
  label: 'main module',
  timestamp: '2022-08-10T18:29:53.694Z'
}
{
  message: '====== System startup ======',
  level: 'debug',
  label: 'main module',
  timestamp: '2022-08-10T18:30:05.056Z'
}
{
  message: 'Listening to http://localhost:8080',
  level: 'info',
  label: 'main module',
  timestamp: '2022-08-10T18:30:06.593Z'
}
{
  message: '====== System startup ======',
  level: 'debug',
  label: 'main module',
  timestamp: '2022-08-10T18:30:16.777Z'
}
{
  message: 'Listening to http://localhost:8080',
  level: 'info',
  label: 'main module',
  timestamp: '2022-08-10T18:30:18.347Z'
}
{
  message: '====== System startup ======',
  level: 'debug',
  label: 'main module',
  timestamp: '2022-08-10T18:30:40.515Z'
}
{
  message: 'Listening to http://localhost:8080',
  level: 'info',
  label: 'main module',
  timestamp: '2022-08-10T18:30:42.308Z'
}
{
  message: '====== System startup ======',
  level: 'debug',
  label: 'main module',
  timestamp: '2022-08-10T18:30:43.726Z'
}
{
  message: 'Listening to http://localhost:8080',
  level: 'info',
  label: 'main module',
  timestamp: '2022-08-10T18:30:45.240Z'
}
