2022-01-31 15:10:10,713:facade_anonymus:DEBUG:Attempting Logging-in...
2022-01-31 15:10:10,770:facade_anonymus:INFO:Welcome, Admin l10r
2022-01-31 15:10:10,983:facade_administrator:DEBUG:Setting up new administrator and user...
2022-01-31 15:10:10,983:facade_base:INFO:User testl10r created!
2022-01-31 15:10:10,999:facade_administrator:INFO:User testl10r created!
2022-01-31 15:10:10,999:facade_administrator:INFO:Administrator testlior testmusnik created!
2022-01-31 15:10:11,208:facade_administrator:DEBUG:Setting up new administrator and user...
2022-01-31 15:10:11,208:facade_administrator:ERROR:<class 'error_invalid_input.InvalidInput'> - User must be a "Users" object!
2022-01-31 15:10:11,208:facade_administrator:DEBUG:Setting up new administrator and user...
2022-01-31 15:10:11,208:facade_administrator:ERROR:<class 'error_invalid_input.InvalidInput'> - Admin must be a "Administrators" object!
2022-01-31 15:10:11,208:facade_administrator:DEBUG:Setting up new administrator and user...
2022-01-31 15:10:11,208:facade_administrator:ERROR:<class 'error_user_exists.UserAlreadyExists'> - User-ID 3 already in use!
2022-01-31 15:10:11,208:facade_administrator:DEBUG:Setting up new administrator and user...
2022-01-31 15:10:11,208:facade_base:ERROR:<class 'error_short_password.PasswordTooShort'> - Use at least 6 characters for the password!
2022-01-31 15:10:11,208:facade_administrator:DEBUG:Setting up new administrator and user...
2022-01-31 15:10:11,208:facade_administrator:ERROR:<class 'error_unauthorized_user_id.UnauthorizedUserID'> - Unauthorized ID to create an "administrator"!
2022-01-31 15:10:11,498:facade_administrator:DEBUG:Setting up new airline and user...
2022-01-31 15:10:11,499:facade_base:INFO:User testb0r1s created!
2022-01-31 15:10:11,501:facade_administrator:INFO:User testb0r1s created!
2022-01-31 15:10:11,503:facade_administrator:INFO:Administrator testbazooka air created!
2022-01-31 15:10:11,714:facade_administrator:DEBUG:Setting up new airline and user...
2022-01-31 15:10:11,714:facade_administrator:ERROR:<class 'error_invalid_input.InvalidInput'> - User must be a "Users" object!
2022-01-31 15:10:11,714:facade_administrator:DEBUG:Setting up new airline and user...
2022-01-31 15:10:11,714:facade_administrator:ERROR:<class 'error_invalid_input.InvalidInput'> - Admin must be a "AirlineCompanies" object!
2022-01-31 15:10:11,714:facade_administrator:DEBUG:Setting up new airline and user...
2022-01-31 15:10:11,714:facade_administrator:ERROR:<class 'error_user_exists.UserAlreadyExists'> - User-ID 2 already in use!
2022-01-31 15:10:11,714:facade_administrator:DEBUG:Setting up new airline and user...
2022-01-31 15:10:11,714:facade_base:ERROR:<class 'error_short_password.PasswordTooShort'> - Use at least 6 characters for the password!
2022-01-31 15:10:11,714:facade_administrator:DEBUG:Setting up new airline and user...
2022-01-31 15:10:11,714:facade_administrator:ERROR:<class 'error_unauthorized_user_id.UnauthorizedUserID'> - Unauthorized ID to create an "airline"!
2022-01-31 15:10:11,946:facade_administrator:DEBUG:Setting up new customer and user...
2022-01-31 15:10:11,947:facade_base:INFO:User testk0st4 created!
2022-01-31 15:10:11,949:facade_administrator:INFO:User testk0st4 created!
2022-01-31 15:10:11,952:facade_administrator:INFO:Customer testkosta testmakarkov created!
2022-01-31 15:10:12,207:facade_administrator:DEBUG:Setting up new customer and user...
2022-01-31 15:10:12,207:facade_administrator:ERROR:<class 'error_invalid_input.InvalidInput'> - Customer must be a "Customers" object!
2022-01-31 15:10:12,207:facade_administrator:DEBUG:Setting up new customer and user...
2022-01-31 15:10:12,207:facade_administrator:ERROR:<class 'error_invalid_input.InvalidInput'> - User must be a "Users" object!
2022-01-31 15:10:12,207:facade_administrator:DEBUG:Setting up new customer and user...
2022-01-31 15:10:12,208:facade_administrator:ERROR:<class 'error_user_exists.UserAlreadyExists'> - User-ID 3 already in use!
2022-01-31 15:10:12,208:facade_administrator:DEBUG:Setting up new customer and user...
2022-01-31 15:10:12,209:facade_administrator:ERROR:<class 'error_short_password.PasswordTooShort'> - Use at least 6 characters for the password!
2022-01-31 15:10:12,209:facade_administrator:DEBUG:Setting up new customer and user...
2022-01-31 15:10:12,209:facade_administrator:ERROR:<class 'error_unauthorized_user_id.UnauthorizedUserID'> - Unauthorized ID to create a "customer"!
2022-01-31 15:10:12,875:facade_administrator:DEBUG:Setting up new airline and user...
2022-01-31 15:10:12,876:facade_base:INFO:User testb0r1s created!
2022-01-31 15:10:12,878:facade_administrator:INFO:User testb0r1s created!
2022-01-31 15:10:12,879:facade_administrator:INFO:Administrator testbazooka air created!
2022-01-31 15:10:12,879:facade_administrator:DEBUG:Attempting to remove airline #3...
2022-01-31 15:10:12,880:facade_administrator:INFO:Airline #3 Deleted!
2022-01-31 15:10:12,881:facade_administrator:INFO:User #8 Deleted!
2022-01-31 15:10:13,079:facade_administrator:DEBUG:Attempting to remove airline #3...
2022-01-31 15:10:13,079:facade_administrator:ERROR:<class 'error_invalid_input.InvalidInput'> - Input must be an integer!!
2022-01-31 15:10:13,079:facade_administrator:DEBUG:Attempting to remove airline #3...
2022-01-31 15:10:13,079:facade_administrator:ERROR:<class 'error_airline_not_found.AirlineNotFound'> - Airline #3 was not found!
2022-01-31 15:10:13,303:facade_administrator:DEBUG:Setting up new customer and user...
2022-01-31 15:10:13,303:facade_base:INFO:User testk0st4 created!
2022-01-31 15:10:13,303:facade_administrator:INFO:User testk0st4 created!
2022-01-31 15:10:13,303:facade_administrator:INFO:Customer testkosta testmakarkov created!
2022-01-31 15:10:13,303:facade_administrator:DEBUG:Attempting to remove customer #4...
2022-01-31 15:10:13,303:facade_administrator:INFO:Customer #4 Deleted!
2022-01-31 15:10:13,303:facade_administrator:INFO:User #8 Deleted!
2022-01-31 15:10:13,556:facade_administrator:DEBUG:Attempting to remove customer #4...
2022-01-31 15:10:13,556:facade_administrator:ERROR:<class 'error_invalid_input.InvalidInput'> - Input must be an integer!!
2022-01-31 15:10:13,556:facade_administrator:DEBUG:Attempting to remove customer #4...
2022-01-31 15:10:13,559:facade_administrator:ERROR:<class 'error_customer_not_found.CustomerNotFound'> - Customer #4 was not found!
2022-01-31 15:10:28,371:facade_anonymus:DEBUG:Attempting Logging-in...
2022-01-31 15:10:28,434:facade_anonymus:INFO:Welcome, Airline m4x1m
2022-01-31 15:10:28,639:facade_airline:DEBUG:Attempting to fetch flight(s) for airline #2...
2022-01-31 15:10:28,639:facade_airline:INFO:Flight(s) for #2 Displayed!
2022-01-31 15:10:28,862:facade_airline:DEBUG:Attempting to fetch flight(s) for airline #t...
2022-01-31 15:10:28,862:facade_airline:ERROR:<class 'error_invalid_input.InvalidInput'> - Input must be an integer!!
2022-01-31 15:10:28,862:facade_airline:DEBUG:Attempting to fetch flight(s) for airline #3...
2022-01-31 15:10:28,862:facade_airline:ERROR:<class 'error_airline_not_found.AirlineNotFound'> - Airline #3 was not found!
2022-01-31 15:10:29,082:facade_airline:DEBUG:Attempting to create a flight...
2022-01-31 15:10:29,082:facade_airline:INFO:Flight created!
2022-01-31 15:10:29,298:facade_airline:DEBUG:Attempting to create a flight...
2022-01-31 15:10:29,298:facade_airline:ERROR:<class 'error_invalid_input.InvalidInput'> - Input must be an "Flights" object!
2022-01-31 15:10:29,298:facade_airline:DEBUG:Attempting to create a flight...
2022-01-31 15:10:29,298:facade_airline:ERROR:<class 'error_invalid_time.InvalidTime'> - Departure time cannot be later than landing time!
2022-01-31 15:10:29,298:facade_airline:DEBUG:Attempting to create a flight...
2022-01-31 15:10:29,298:facade_airline:ERROR:<class 'error_invalid_remaining_tickets.InvalidRemainingTickets'> - Negative number of seats is impossible!
2022-01-31 15:10:29,298:facade_airline:DEBUG:Attempting to create a flight...
2022-01-31 15:10:29,298:facade_airline:ERROR:<class 'error_invalid_location.InvalidLocation'> - Destination & origin countries cannot be the same country!
2022-01-31 15:10:29,504:facade_airline:DEBUG:Attempting to update Airline #1...
2022-01-31 15:10:29,504:facade_base:DEBUG:Attempting to fetch flight #1...
2022-01-31 15:10:29,504:facade_base:INFO:Airline Displayed!
2022-01-31 15:10:29,504:facade_airline:INFO:Airline updated!
2022-01-31 15:10:29,721:facade_airline:DEBUG:Attempting to update Airline #2...
2022-01-31 15:10:29,721:facade_airline:ERROR:<class 'error_invalid_input.InvalidInput'> - Input must be a dictionary!
2022-01-31 15:10:29,721:facade_airline:DEBUG:Attempting to update Airline #t...
2022-01-31 15:10:29,721:facade_airline:ERROR:<class 'error_invalid_input.InvalidInput'> - Input must be an integer!
2022-01-31 15:10:29,721:facade_airline:DEBUG:Attempting to update Airline #33...
2022-01-31 15:10:29,721:facade_base:DEBUG:Attempting to fetch flight #33...
2022-01-31 15:10:29,721:facade_base:ERROR:<class 'error_airline_not_found.AirlineNotFound'> - Airline #33 was not found!
2022-01-31 15:10:29,934:facade_airline:DEBUG:Attempting to update flight #1...
2022-01-31 15:10:29,934:facade_base:DEBUG:Attempting to fetch flight #1...
2022-01-31 15:10:29,934:facade_base:INFO:Flight Displayed!
2022-01-31 15:10:29,934:facade_airline:INFO:Flight updated!
2022-01-31 15:10:30,157:facade_airline:DEBUG:Attempting to update flight #1...
2022-01-31 15:10:30,157:facade_airline:ERROR:<class 'error_invalid_input.InvalidInput'> - Input must be a dictionary!
2022-01-31 15:10:30,157:facade_airline:DEBUG:Attempting to update flight #ty...
2022-01-31 15:10:30,157:facade_airline:ERROR:<class 'error_invalid_input.InvalidInput'> - Input must be an integer!
2022-01-31 15:10:30,157:facade_airline:DEBUG:Attempting to update flight #1...
2022-01-31 15:10:30,157:facade_airline:ERROR:<class 'error_invalid_remaining_tickets.InvalidRemainingTickets'> - Negative number of seats is impossible!
2022-01-31 15:10:30,157:facade_airline:DEBUG:Attempting to update flight #52...
2022-01-31 15:10:30,157:facade_base:DEBUG:Attempting to fetch flight #52...
2022-01-31 15:10:30,157:facade_base:ERROR:<class 'error_flight_not_found.FlightNotFound'> - Flight #52 was not found!
2022-01-31 15:10:30,369:facade_airline:DEBUG:Attempting to remove flight #1...
2022-01-31 15:10:30,369:facade_base:DEBUG:Attempting to fetch flight #1...
2022-01-31 15:10:30,369:facade_base:INFO:Flight Displayed!
2022-01-31 15:10:30,369:facade_airline:INFO:Flight #1 Deleted!
2022-01-31 15:10:30,580:facade_airline:DEBUG:Attempting to remove flight #tr...
2022-01-31 15:10:30,580:facade_airline:ERROR:<class 'error_invalid_input.InvalidInput'> - Input must be an integer!!
2022-01-31 15:10:30,580:facade_airline:DEBUG:Attempting to remove flight #78...
2022-01-31 15:10:30,580:facade_base:DEBUG:Attempting to fetch flight #78...
2022-01-31 15:10:30,580:facade_base:ERROR:<class 'error_flight_not_found.FlightNotFound'> - Flight #78 was not found!
2022-01-31 15:10:57,348:facade_anonymus:DEBUG:Attempting Logging-in...
2022-01-31 15:10:57,348:facade_anonymus:INFO:Welcome, Airline b0r1s
2022-01-31 15:10:57,749:facade_anonymus:DEBUG:Attempting Logging-in...
2022-01-31 15:10:57,749:facade_anonymus:ERROR:<class 'error_invalid_input.InvalidInput'> - password must be string!
2022-01-31 15:10:57,749:facade_anonymus:DEBUG:Attempting Logging-in...
2022-01-31 15:10:57,749:facade_anonymus:ERROR:<class 'error_invalid_input.InvalidInput'> - username must be string!
2022-01-31 15:10:57,749:facade_anonymus:DEBUG:Attempting Logging-in...
2022-01-31 15:10:57,749:facade_anonymus:ERROR:<class 'error_user_not_found.UsernameNotFound'> - Login attempt failed - username: we6682
2022-01-31 15:10:57,749:facade_anonymus:DEBUG:Attempting Logging-in...
2022-01-31 15:10:57,749:facade_anonymus:ERROR:<class 'error_invalid_password.InvalidPassword'> - Login attempt failed - username: b0r1s
2022-01-31 15:10:58,149:facade_anonymus:DEBUG:Setting up new customer and user...
2022-01-31 15:10:58,149:facade_base:INFO:User testk0st4 created!
2022-01-31 15:10:58,149:facade_anonymus:INFO:User testk0st4 created!
2022-01-31 15:10:58,165:facade_anonymus:INFO:Customer testkosta testmakarkov created!
2022-01-31 15:10:58,522:facade_anonymus:DEBUG:Setting up new customer and user...
2022-01-31 15:10:58,522:facade_anonymus:ERROR:<class 'error_invalid_input.InvalidInput'> - Customer must be a "Customers" object!
2022-01-31 15:10:58,522:facade_anonymus:DEBUG:Setting up new customer and user...
2022-01-31 15:10:58,522:facade_anonymus:ERROR:<class 'error_invalid_input.InvalidInput'> - User must be a "Users" object!
2022-01-31 15:10:58,522:facade_anonymus:DEBUG:Setting up new customer and user...
2022-01-31 15:10:58,522:facade_anonymus:ERROR:<class 'error_user_exists.UserAlreadyExists'> - User-ID 3 already in use!
2022-01-31 15:10:58,522:facade_anonymus:DEBUG:Setting up new customer and user...
2022-01-31 15:10:58,522:facade_anonymus:ERROR:<class 'error_short_password.PasswordTooShort'> - Use at least 6 characters for the password!
2022-01-31 15:10:58,522:facade_anonymus:DEBUG:Setting up new customer and user...
2022-01-31 15:10:58,522:facade_anonymus:ERROR:<class 'error_unauthorized_user_id.UnauthorizedUserID'> - Unauthorized ID to create a "customer"!
2022-01-31 15:11:18,774:facade_anonymus:DEBUG:Attempting Logging-in...
2022-01-31 15:11:18,839:facade_anonymus:INFO:Welcome, Customer 3m1l
2022-01-31 15:11:19,048:facade_customer:DEBUG:Attempting to update customer #1...
2022-01-31 15:11:19,048:facade_customer:INFO:Customer #1 Updated!
2022-01-31 15:11:19,268:facade_customer:DEBUG:Attempting to update customer #uy...
2022-01-31 15:11:19,268:facade_customer:ERROR:<class 'error_invalid_input.InvalidInput'> - Input must be an integer!
2022-01-31 15:11:19,268:facade_customer:DEBUG:Attempting to update customer #55...
2022-01-31 15:11:19,268:facade_customer:ERROR:<class 'error_invalid_input.InvalidInput'> - Input must be an integer!
2022-01-31 15:11:19,268:facade_customer:DEBUG:Attempting to update customer #55...
2022-01-31 15:11:19,268:facade_customer:ERROR:<class 'error_customer_not_found.CustomerNotFound'> - Customer #55 was not found!
2022-01-31 15:11:19,485:facade_customer:DEBUG:Attempting to create ticket...
2022-01-31 15:11:19,485:facade_base:DEBUG:Attempting to fetch flight #3...
2022-01-31 15:11:19,485:facade_base:INFO:Flight Displayed!
2022-01-31 15:11:19,485:facade_customer:INFO:Ticket created!
2022-01-31 15:11:19,712:facade_customer:DEBUG:Attempting to create ticket...
2022-01-31 15:11:19,712:facade_customer:ERROR:<class 'error_invalid_input.InvalidInput'> - Input must be an "Tickets" object!
2022-01-31 15:11:19,712:facade_customer:DEBUG:Attempting to create ticket...
2022-01-31 15:11:19,712:facade_base:DEBUG:Attempting to fetch flight #4...
2022-01-31 15:11:19,712:facade_base:ERROR:<class 'error_flight_not_found.FlightNotFound'> - Flight #4 was not found!
2022-01-31 15:11:19,712:facade_customer:DEBUG:Attempting to create ticket...
2022-01-31 15:11:19,712:facade_base:DEBUG:Attempting to fetch flight #2...
2022-01-31 15:11:19,712:facade_base:INFO:Flight Displayed!
2022-01-31 15:11:19,712:facade_customer:INFO:Ticket created!
2022-01-31 15:11:19,728:facade_customer:ERROR:<class 'error_no_more_tickets.NoMoreTicketsLeft'> - No seats available. Ticket canceled!
2022-01-31 15:11:19,934:facade_customer:DEBUG:Attempting to remove ticket #3...
2022-01-31 15:11:19,934:facade_customer:INFO:Ticket #3 Deleted!
2022-01-31 15:11:20,154:facade_customer:DEBUG:Attempting to remove ticket #{'45': '9'}...
2022-01-31 15:11:20,154:facade_customer:ERROR:<class 'error_invalid_input.InvalidInput'> - Input must be an integer!!
2022-01-31 15:11:20,154:facade_customer:DEBUG:Attempting to remove ticket #45...
2022-01-31 15:11:20,154:facade_customer:ERROR:<class 'error_ticket_not_found.TicketNotFound'> - Ticket #45 was not found!
2022-01-31 15:11:20,372:facade_customer:DEBUG:Attempting to fetch ticket(s) for customer #2...
2022-01-31 15:11:20,372:facade_customer:INFO:Ticket(s) for #2 Displayed!
2022-01-31 15:11:20,594:facade_customer:DEBUG:Attempting to fetch ticket(s) for customer #4...
2022-01-31 15:11:20,594:facade_customer:ERROR:<class 'error_invalid_input.InvalidInput'> - Input must be an integer!!
2022-01-31 15:11:20,594:facade_customer:DEBUG:Attempting to fetch ticket(s) for customer #4...
2022-01-31 15:11:20,594:facade_customer:ERROR:<class 'error_customer_not_found.CustomerNotFound'> - Customer #4 was not found!
2022-01-31 15:11:32,764:facade_base:INFO:Flights(s) Displayed!
2022-01-31 15:11:32,992:facade_base:DEBUG:Attempting to fetch flight #1...
2022-01-31 15:11:32,992:facade_base:INFO:Flight Displayed!
2022-01-31 15:11:33,219:facade_base:DEBUG:Attempting to fetch flight #1...
2022-01-31 15:11:33,219:facade_base:ERROR:<class 'error_invalid_input.InvalidInput'> - Input must be an integer!
2022-01-31 15:11:33,219:facade_base:DEBUG:Attempting to fetch flight #888...
2022-01-31 15:11:33,220:facade_base:ERROR:<class 'error_flight_not_found.FlightNotFound'> - Flight #888 was not found!
2022-01-31 15:11:33,430:facade_base:DEBUG:Attempting to fetch flight by parameters...
2022-01-31 15:11:33,430:facade_base:INFO:Flight Displayed!
2022-01-31 15:11:33,650:facade_base:DEBUG:Attempting to fetch flight by parameters...
2022-01-31 15:11:33,650:facade_base:ERROR:<class 'error_invalid_input.InvalidInput'> - Input must be an integer!
2022-01-31 15:11:33,650:facade_base:DEBUG:Attempting to fetch flight by parameters...
2022-01-31 15:11:33,650:facade_base:ERROR:<class 'error_invalid_input.InvalidInput'> - Input must be an integer!
2022-01-31 15:11:33,650:facade_base:DEBUG:Attempting to fetch flight by parameters...
2022-01-31 15:11:33,650:facade_base:ERROR:<class 'error_invalid_input.InvalidInput'> - Input must be a datetime object!
2022-01-31 15:11:33,650:facade_base:DEBUG:Attempting to fetch flight by parameters...
2022-01-31 15:11:33,650:facade_base:ERROR:<class 'error_flight_not_found.FlightNotFound'> - Flight was not found!
2022-01-31 15:11:33,858:facade_base:INFO:Airline(s) Displayed!
2022-01-31 15:11:34,074:facade_base:DEBUG:Attempting to fetch flight #1...
2022-01-31 15:11:34,074:facade_base:INFO:Airline Displayed!
2022-01-31 15:11:34,298:facade_base:DEBUG:Attempting to fetch flight #1...
2022-01-31 15:11:34,298:facade_base:ERROR:<class 'error_invalid_input.InvalidInput'> - Input must be an integer!
2022-01-31 15:11:34,298:facade_base:DEBUG:Attempting to fetch flight #654...
2022-01-31 15:11:34,299:facade_base:ERROR:<class 'error_airline_not_found.AirlineNotFound'> - Airline #654 was not found!
2022-01-31 15:11:34,501:facade_base:INFO:Country(s) Displayed!
2022-01-31 15:11:34,719:facade_base:INFO:Country Displayed!
2022-01-31 15:11:34,931:facade_base:ERROR:<class 'error_invalid_input.InvalidInput'> - Input must be an integer!
2022-01-31 15:11:34,931:facade_base:ERROR:<class 'error_invalid_country.InvalidCountry'> - Country #654 was not found!
2022-01-31 15:11:35,159:facade_base:INFO:User testy4h4v created!
2022-01-31 15:11:35,366:facade_base:ERROR:<class 'error_invalid_input.InvalidInput'> - Input must be a "Users" object!
2022-01-31 15:11:35,366:facade_base:ERROR:<class 'error_short_password.PasswordTooShort'> - Use at least 6 characters for the password!
