2022-02-10 20:06:13,883:facade_anonymus:DEBUG:Attempting Logging-in...
2022-02-10 20:06:13,952:facade_anonymus:INFO:Welcome, Admin l10r
2022-02-10 20:06:13,960:db_repo:DEBUG:Reseting initial DB.
2022-02-10 20:06:14,223:facade_administrator:DEBUG:Setting up new administrator and user...
2022-02-10 20:06:14,239:facade_base:INFO:User testl10r created!
2022-02-10 20:06:14,241:facade_administrator:INFO:User testl10r created!
2022-02-10 20:06:14,241:facade_administrator:INFO:Administrator testlior testmusnik created!
2022-02-10 20:06:14,249:db_repo:DEBUG:Reseting initial DB.
2022-02-10 20:06:14,604:facade_administrator:DEBUG:Setting up new administrator and user...
2022-02-10 20:06:14,604:facade_administrator:ERROR:<class 'error_invalid_input.InvalidInput'> - User must be a "Users" object!
2022-02-10 20:06:14,604:facade_administrator:DEBUG:Setting up new administrator and user...
2022-02-10 20:06:14,604:facade_administrator:ERROR:<class 'error_invalid_input.InvalidInput'> - Admin must be a "Administrators" object!
2022-02-10 20:06:14,604:facade_administrator:DEBUG:Setting up new administrator and user...
2022-02-10 20:06:14,604:facade_administrator:ERROR:<class 'error_user_exists.UserAlreadyExists'> - User-ID 3 already in use!
2022-02-10 20:06:14,604:facade_administrator:DEBUG:Setting up new administrator and user...
2022-02-10 20:06:14,604:facade_base:ERROR:<class 'error_short_password.PasswordTooShort'> - Use at least 6 characters for the password!
2022-02-10 20:06:14,604:facade_administrator:DEBUG:Setting up new administrator and user...
2022-02-10 20:06:14,604:facade_administrator:ERROR:<class 'error_unauthorized_user_id.UnauthorizedUserID'> - Unauthorized ID to create an "administrator"!
2022-02-10 20:06:14,610:db_repo:DEBUG:Reseting initial DB.
2022-02-10 20:06:14,993:facade_administrator:DEBUG:Setting up new airline and user...
2022-02-10 20:06:14,993:facade_base:INFO:User testb0r1s created!
2022-02-10 20:06:15,001:facade_administrator:INFO:User testb0r1s created!
2022-02-10 20:06:15,001:facade_administrator:INFO:Administrator testbazooka air created!
2022-02-10 20:06:15,009:db_repo:DEBUG:Reseting initial DB.
2022-02-10 20:06:15,442:facade_administrator:DEBUG:Setting up new airline and user...
2022-02-10 20:06:15,442:facade_administrator:ERROR:<class 'error_invalid_input.InvalidInput'> - User must be a "Users" object!
2022-02-10 20:06:15,442:facade_administrator:DEBUG:Setting up new airline and user...
2022-02-10 20:06:15,442:facade_administrator:ERROR:<class 'error_invalid_input.InvalidInput'> - Admin must be a "AirlineCompanies" object!
2022-02-10 20:06:15,442:facade_administrator:DEBUG:Setting up new airline and user...
2022-02-10 20:06:15,442:facade_administrator:ERROR:<class 'error_user_exists.UserAlreadyExists'> - User-ID 2 already in use!
2022-02-10 20:06:15,442:facade_administrator:DEBUG:Setting up new airline and user...
2022-02-10 20:06:15,442:facade_base:ERROR:<class 'error_short_password.PasswordTooShort'> - Use at least 6 characters for the password!
2022-02-10 20:06:15,442:facade_administrator:DEBUG:Setting up new airline and user...
2022-02-10 20:06:15,442:facade_administrator:ERROR:<class 'error_unauthorized_user_id.UnauthorizedUserID'> - Unauthorized ID to create an "airline"!
2022-02-10 20:06:15,442:db_repo:DEBUG:Reseting initial DB.
2022-02-10 20:06:15,826:facade_administrator:DEBUG:Setting up new customer and user...
2022-02-10 20:06:15,826:facade_base:INFO:User testk0st4 created!
2022-02-10 20:06:15,834:facade_administrator:INFO:User testk0st4 created!
2022-02-10 20:06:15,834:facade_administrator:INFO:Customer testkosta testmakarkov created!
2022-02-10 20:06:15,842:db_repo:DEBUG:Reseting initial DB.
2022-02-10 20:06:16,208:facade_administrator:DEBUG:Setting up new customer and user...
2022-02-10 20:06:16,208:facade_administrator:ERROR:<class 'error_invalid_input.InvalidInput'> - Customer must be a "Customers" object!
2022-02-10 20:06:16,208:facade_administrator:DEBUG:Setting up new customer and user...
2022-02-10 20:06:16,208:facade_administrator:ERROR:<class 'error_invalid_input.InvalidInput'> - User must be a "Users" object!
2022-02-10 20:06:16,208:facade_administrator:DEBUG:Setting up new customer and user...
2022-02-10 20:06:16,208:facade_administrator:ERROR:<class 'error_user_exists.UserAlreadyExists'> - User-ID 3 already in use!
2022-02-10 20:06:16,208:facade_administrator:DEBUG:Setting up new customer and user...
2022-02-10 20:06:16,208:facade_administrator:ERROR:<class 'error_short_password.PasswordTooShort'> - Use at least 6 characters for the password!
2022-02-10 20:06:16,208:facade_administrator:DEBUG:Setting up new customer and user...
2022-02-10 20:06:16,208:facade_administrator:ERROR:<class 'error_unauthorized_user_id.UnauthorizedUserID'> - Unauthorized ID to create a "customer"!
2022-02-10 20:06:16,208:db_repo:DEBUG:Reseting initial DB.
2022-02-10 20:06:16,574:db_repo:WARNING:deleting from table <class 'administrators.Administrators'>.
2022-02-10 20:06:16,574:db_repo:WARNING:deleting from table <class 'users.Users'>.
2022-02-10 20:06:16,591:db_repo:DEBUG:Reseting initial DB.
2022-02-10 20:06:16,955:db_repo:DEBUG:Reseting initial DB.
2022-02-10 20:06:17,261:facade_administrator:DEBUG:Setting up new airline and user...
2022-02-10 20:06:17,261:facade_base:INFO:User testb0r1s created!
2022-02-10 20:06:17,269:facade_administrator:INFO:User testb0r1s created!
2022-02-10 20:06:17,269:facade_administrator:INFO:Administrator testbazooka air created!
2022-02-10 20:06:17,269:facade_administrator:DEBUG:Attempting to remove airline #3...
2022-02-10 20:06:17,269:db_repo:WARNING:deleting from table <class 'airline_companies.AirlineCompanies'>.
2022-02-10 20:06:17,269:facade_administrator:INFO:Airline #3 Deleted!
2022-02-10 20:06:17,269:db_repo:WARNING:deleting from table <class 'users.Users'>.
2022-02-10 20:06:17,269:facade_administrator:INFO:User #8 Deleted!
2022-02-10 20:06:17,278:db_repo:DEBUG:Reseting initial DB.
2022-02-10 20:06:17,545:facade_administrator:DEBUG:Attempting to remove airline #3...
2022-02-10 20:06:17,545:facade_administrator:ERROR:<class 'error_invalid_input.InvalidInput'> - Input must be an integer!!
2022-02-10 20:06:17,545:facade_administrator:DEBUG:Attempting to remove airline #3...
2022-02-10 20:06:17,545:facade_administrator:ERROR:<class 'error_airline_not_found.AirlineNotFound'> - Airline #3 was not found!
2022-02-10 20:06:17,558:db_repo:DEBUG:Reseting initial DB.
2022-02-10 20:06:17,854:facade_administrator:DEBUG:Setting up new customer and user...
2022-02-10 20:06:17,854:facade_base:INFO:User testk0st4 created!
2022-02-10 20:06:17,854:facade_administrator:INFO:User testk0st4 created!
2022-02-10 20:06:17,854:facade_administrator:INFO:Customer testkosta testmakarkov created!
2022-02-10 20:06:17,854:facade_administrator:DEBUG:Attempting to remove customer #4...
2022-02-10 20:06:17,854:db_repo:WARNING:deleting from table <class 'customers.Customers'>.
2022-02-10 20:06:17,854:facade_administrator:INFO:Customer #4 Deleted!
2022-02-10 20:06:17,870:db_repo:WARNING:deleting from table <class 'users.Users'>.
2022-02-10 20:06:17,870:facade_administrator:INFO:User #8 Deleted!
2022-02-10 20:06:17,875:db_repo:DEBUG:Reseting initial DB.
2022-02-10 20:06:18,236:facade_administrator:DEBUG:Attempting to remove customer #4...
2022-02-10 20:06:18,236:facade_administrator:ERROR:<class 'error_invalid_input.InvalidInput'> - Input must be an integer!!
2022-02-10 20:06:18,236:facade_administrator:DEBUG:Attempting to remove customer #4...
2022-02-10 20:06:18,236:facade_administrator:ERROR:<class 'error_customer_not_found.CustomerNotFound'> - Customer #4 was not found!
