2022-02-08 20:54:58,817:facade_anonymus:DEBUG:Attempting Logging-in...
2022-02-08 20:54:58,951:facade_anonymus:INFO:Welcome, Airline m4x1m
2022-02-08 20:54:58,951:db_repo:DEBUG:Reseting initial DB.
2022-02-08 20:54:59,388:facade_airline:DEBUG:Attempting to fetch flight(s) for airline #2...
2022-02-08 20:54:59,388:facade_airline:INFO:Flight(s) for #2 Displayed!
2022-02-08 20:54:59,402:db_repo:DEBUG:Reseting initial DB.
2022-02-08 20:54:59,726:facade_airline:DEBUG:Attempting to fetch flight(s) for airline #t...
2022-02-08 20:54:59,726:facade_airline:ERROR:<class 'error_invalid_input.InvalidInput'> - Input must be an integer!!
2022-02-08 20:54:59,726:facade_airline:DEBUG:Attempting to fetch flight(s) for airline #3...
2022-02-08 20:54:59,726:facade_airline:ERROR:<class 'error_airline_not_found.AirlineNotFound'> - Airline #3 was not found!
2022-02-08 20:54:59,726:facade_airline:DEBUG:Attempting to fetch flight(s) for airline #1...
2022-02-08 20:54:59,742:facade_airline:ERROR:<class 'error_invalid_token.InvalidToken'> - you cannot edit for other airline!
2022-02-08 20:54:59,742:db_repo:DEBUG:Reseting initial DB.
2022-02-08 20:54:59,980:facade_airline:DEBUG:Attempting to create a flight...
2022-02-08 20:54:59,980:facade_airline:INFO:Flight created!
2022-02-08 20:54:59,980:db_repo:DEBUG:Reseting initial DB.
2022-02-08 20:55:00,346:facade_airline:DEBUG:Attempting to create a flight...
2022-02-08 20:55:00,346:facade_airline:ERROR:<class 'error_invalid_input.InvalidInput'> - Input must be an "Flights" object!
2022-02-08 20:55:00,346:facade_airline:DEBUG:Attempting to create a flight...
2022-02-08 20:55:00,347:facade_airline:ERROR:<class 'error_invalid_time.InvalidTime'> - Departure time cannot be later than landing time!
2022-02-08 20:55:00,347:facade_airline:DEBUG:Attempting to create a flight...
2022-02-08 20:55:00,347:facade_airline:ERROR:<class 'error_invalid_remaining_tickets.InvalidRemainingTickets'> - Negative number of seats is impossible!
2022-02-08 20:55:00,347:facade_airline:DEBUG:Attempting to create a flight...
2022-02-08 20:55:00,347:facade_airline:ERROR:<class 'error_invalid_location.InvalidLocation'> - Destination & origin countries cannot be the same country!
2022-02-08 20:55:00,347:facade_airline:DEBUG:Attempting to create a flight...
2022-02-08 20:55:00,348:facade_airline:ERROR:<class 'error_invalid_token.InvalidToken'> - you cannot edit for other airline!
2022-02-08 20:55:00,350:db_repo:DEBUG:Reseting initial DB.
2022-02-08 20:55:00,588:facade_airline:DEBUG:Attempting to update Airline #2...
2022-02-08 20:55:00,588:facade_base:DEBUG:Attempting to fetch flight #2...
2022-02-08 20:55:00,589:facade_base:INFO:Airline Displayed!
2022-02-08 20:55:00,590:facade_airline:INFO:Airline updated!
2022-02-08 20:55:00,596:db_repo:DEBUG:Reseting initial DB.
2022-02-08 20:55:00,845:facade_airline:DEBUG:Attempting to update Airline #2...
2022-02-08 20:55:00,845:facade_airline:ERROR:<class 'error_invalid_input.InvalidInput'> - Input must be a dictionary!
2022-02-08 20:55:00,845:facade_airline:DEBUG:Attempting to update Airline #t...
2022-02-08 20:55:00,845:facade_airline:ERROR:<class 'error_invalid_input.InvalidInput'> - Input must be an integer!
2022-02-08 20:55:00,845:facade_airline:DEBUG:Attempting to update Airline #33...
2022-02-08 20:55:00,845:facade_base:DEBUG:Attempting to fetch flight #33...
2022-02-08 20:55:00,846:facade_base:ERROR:<class 'error_airline_not_found.AirlineNotFound'> - Airline #33 was not found!
2022-02-08 20:55:00,846:facade_airline:DEBUG:Attempting to update Airline #1...
2022-02-08 20:55:00,846:facade_base:DEBUG:Attempting to fetch flight #1...
2022-02-08 20:55:00,847:facade_base:INFO:Airline Displayed!
2022-02-08 20:55:00,849:facade_airline:ERROR:<class 'error_invalid_token.InvalidToken'> - you cannot edit for other airline!
2022-02-08 20:55:00,850:db_repo:DEBUG:Reseting initial DB.
2022-02-08 20:55:01,149:facade_airline:DEBUG:Attempting to update flight #2...
2022-02-08 20:55:01,150:facade_base:DEBUG:Attempting to fetch flight #2...
2022-02-08 20:55:01,150:facade_base:INFO:Flight Displayed!
2022-02-08 20:55:01,150:facade_airline:INFO:Flight updated!
2022-02-08 20:55:01,150:db_repo:DEBUG:Reseting initial DB.
2022-02-08 20:55:01,510:facade_airline:DEBUG:Attempting to update flight #2...
2022-02-08 20:55:01,510:facade_airline:ERROR:<class 'error_invalid_input.InvalidInput'> - Input must be a dictionary!
2022-02-08 20:55:01,510:facade_airline:DEBUG:Attempting to update flight #ty...
2022-02-08 20:55:01,510:facade_airline:ERROR:<class 'error_invalid_input.InvalidInput'> - Input must be an integer!
2022-02-08 20:55:01,510:facade_airline:DEBUG:Attempting to update flight #2...
2022-02-08 20:55:01,510:facade_base:DEBUG:Attempting to fetch flight #2...
2022-02-08 20:55:01,510:facade_base:INFO:Flight Displayed!
2022-02-08 20:55:01,510:facade_airline:ERROR:<class 'error_invalid_remaining_tickets.InvalidRemainingTickets'> - Negative number of seats is impossible!
2022-02-08 20:55:01,510:facade_airline:DEBUG:Attempting to update flight #52...
2022-02-08 20:55:01,510:facade_base:DEBUG:Attempting to fetch flight #52...
2022-02-08 20:55:01,510:facade_base:ERROR:<class 'error_flight_not_found.FlightNotFound'> - Flight #52 was not found!
2022-02-08 20:55:01,510:facade_airline:DEBUG:Attempting to update flight #1...
2022-02-08 20:55:01,510:facade_base:DEBUG:Attempting to fetch flight #1...
2022-02-08 20:55:01,510:facade_base:INFO:Flight Displayed!
2022-02-08 20:55:01,510:facade_airline:ERROR:<class 'error_invalid_token.InvalidToken'> - you cannot edit for other airline!
2022-02-08 20:55:01,526:db_repo:DEBUG:Reseting initial DB.
2022-02-08 20:55:01,919:facade_airline:DEBUG:Attempting to remove flight #2...
2022-02-08 20:55:01,919:facade_base:DEBUG:Attempting to fetch flight #2...
2022-02-08 20:55:01,919:facade_base:INFO:Flight Displayed!
2022-02-08 20:55:01,919:db_repo:WARNING:deleting from table <class 'flights.Flights'>.
2022-02-08 20:55:01,919:facade_airline:INFO:Flight #2 Deleted!
2022-02-08 20:55:01,936:db_repo:DEBUG:Reseting initial DB.
2022-02-08 20:55:02,155:facade_airline:DEBUG:Attempting to remove flight #tr...
2022-02-08 20:55:02,155:facade_airline:ERROR:<class 'error_invalid_input.InvalidInput'> - Input must be an integer!!
2022-02-08 20:55:02,155:facade_airline:DEBUG:Attempting to remove flight #78...
2022-02-08 20:55:02,155:facade_base:DEBUG:Attempting to fetch flight #78...
2022-02-08 20:55:02,155:facade_base:ERROR:<class 'error_flight_not_found.FlightNotFound'> - Flight #78 was not found!
2022-02-08 20:55:02,155:facade_airline:DEBUG:Attempting to remove flight #1...
2022-02-08 20:55:02,155:facade_base:DEBUG:Attempting to fetch flight #1...
2022-02-08 20:55:02,155:facade_base:INFO:Flight Displayed!
2022-02-08 20:55:02,155:facade_airline:ERROR:<class 'error_invalid_token.InvalidToken'> - you cannot edit for other airline!
