2022-02-06 18:26:30,826:facade_anonymus:DEBUG:Attempting Logging-in...
2022-02-06 18:26:30,889:facade_anonymus:INFO:Welcome, Admin l10r
2022-02-06 18:27:46,629:facade_anonymus:DEBUG:Attempting Logging-in...
2022-02-06 18:27:46,693:facade_anonymus:INFO:Welcome, Admin l10r
2022-02-06 18:27:46,696:db_repo:DEBUG:Reseting initial DB.
2022-02-06 18:27:46,899:facade_administrator:DEBUG:Setting up new administrator and user...
2022-02-06 18:27:46,899:facade_base:INFO:User testl10r created!
2022-02-06 18:27:46,899:facade_administrator:INFO:User testl10r created!
2022-02-06 18:27:46,899:facade_administrator:INFO:Administrator testlior testmusnik created!
2022-02-06 18:27:46,915:db_repo:DEBUG:Reseting initial DB.
2022-02-06 18:27:47,116:facade_administrator:DEBUG:Setting up new administrator and user...
2022-02-06 18:27:47,116:facade_administrator:ERROR:<class 'error_invalid_input.InvalidInput'> - User must be a "Users" object!
2022-02-06 18:27:47,116:facade_administrator:DEBUG:Setting up new administrator and user...
2022-02-06 18:27:47,116:facade_administrator:ERROR:<class 'error_invalid_input.InvalidInput'> - Admin must be a "Administrators" object!
2022-02-06 18:27:47,116:facade_administrator:DEBUG:Setting up new administrator and user...
2022-02-06 18:27:47,117:facade_administrator:ERROR:<class 'error_user_exists.UserAlreadyExists'> - User-ID 3 already in use!
2022-02-06 18:27:47,117:facade_administrator:DEBUG:Setting up new administrator and user...
2022-02-06 18:27:47,118:facade_base:ERROR:<class 'error_short_password.PasswordTooShort'> - Use at least 6 characters for the password!
2022-02-06 18:27:47,118:facade_administrator:DEBUG:Setting up new administrator and user...
2022-02-06 18:27:47,118:facade_administrator:ERROR:<class 'error_unauthorized_user_id.UnauthorizedUserID'> - Unauthorized ID to create an "administrator"!
2022-02-06 18:27:47,119:db_repo:DEBUG:Reseting initial DB.
2022-02-06 18:27:47,317:facade_administrator:DEBUG:Setting up new airline and user...
2022-02-06 18:27:47,317:facade_base:INFO:User testb0r1s created!
2022-02-06 18:27:47,317:facade_administrator:INFO:User testb0r1s created!
2022-02-06 18:27:47,317:facade_administrator:INFO:Administrator testbazooka air created!
2022-02-06 18:27:47,336:db_repo:DEBUG:Reseting initial DB.
2022-02-06 18:27:47,538:facade_administrator:DEBUG:Setting up new airline and user...
2022-02-06 18:27:47,538:facade_administrator:ERROR:<class 'error_invalid_input.InvalidInput'> - User must be a "Users" object!
2022-02-06 18:27:47,538:facade_administrator:DEBUG:Setting up new airline and user...
2022-02-06 18:27:47,538:facade_administrator:ERROR:<class 'error_invalid_input.InvalidInput'> - Admin must be a "AirlineCompanies" object!
2022-02-06 18:27:47,538:facade_administrator:DEBUG:Setting up new airline and user...
2022-02-06 18:27:47,538:facade_administrator:ERROR:<class 'error_user_exists.UserAlreadyExists'> - User-ID 2 already in use!
2022-02-06 18:27:47,538:facade_administrator:DEBUG:Setting up new airline and user...
2022-02-06 18:27:47,538:facade_base:ERROR:<class 'error_short_password.PasswordTooShort'> - Use at least 6 characters for the password!
2022-02-06 18:27:47,538:facade_administrator:DEBUG:Setting up new airline and user...
2022-02-06 18:27:47,538:facade_administrator:ERROR:<class 'error_unauthorized_user_id.UnauthorizedUserID'> - Unauthorized ID to create an "airline"!
2022-02-06 18:27:47,554:db_repo:DEBUG:Reseting initial DB.
2022-02-06 18:27:47,777:facade_administrator:DEBUG:Setting up new customer and user...
2022-02-06 18:27:47,777:facade_base:INFO:User testk0st4 created!
2022-02-06 18:27:47,777:facade_administrator:INFO:User testk0st4 created!
2022-02-06 18:27:47,785:facade_administrator:INFO:Customer testkosta testmakarkov created!
2022-02-06 18:27:47,790:db_repo:DEBUG:Reseting initial DB.
2022-02-06 18:27:48,031:facade_administrator:DEBUG:Setting up new customer and user...
2022-02-06 18:27:48,031:facade_administrator:ERROR:<class 'error_invalid_input.InvalidInput'> - Customer must be a "Customers" object!
2022-02-06 18:27:48,031:facade_administrator:DEBUG:Setting up new customer and user...
2022-02-06 18:27:48,031:facade_administrator:ERROR:<class 'error_invalid_input.InvalidInput'> - User must be a "Users" object!
2022-02-06 18:27:48,031:facade_administrator:DEBUG:Setting up new customer and user...
2022-02-06 18:27:48,031:facade_administrator:ERROR:<class 'error_user_exists.UserAlreadyExists'> - User-ID 3 already in use!
2022-02-06 18:27:48,031:facade_administrator:DEBUG:Setting up new customer and user...
2022-02-06 18:27:48,031:facade_administrator:ERROR:<class 'error_short_password.PasswordTooShort'> - Use at least 6 characters for the password!
2022-02-06 18:27:48,031:facade_administrator:DEBUG:Setting up new customer and user...
2022-02-06 18:27:48,031:facade_administrator:ERROR:<class 'error_unauthorized_user_id.UnauthorizedUserID'> - Unauthorized ID to create a "customer"!
2022-02-06 18:27:48,031:db_repo:DEBUG:Reseting initial DB.
2022-02-06 18:27:48,274:db_repo:WARNING:deleting from table <class 'administrators.Administrators'>.
2022-02-06 18:27:48,274:db_repo:WARNING:deleting from table <class 'users.Users'>.
2022-02-06 18:27:48,291:db_repo:DEBUG:Reseting initial DB.
2022-02-06 18:27:48,528:db_repo:DEBUG:Reseting initial DB.
2022-02-06 18:27:48,736:facade_administrator:DEBUG:Setting up new airline and user...
2022-02-06 18:27:48,736:facade_base:INFO:User testb0r1s created!
2022-02-06 18:27:48,736:facade_administrator:INFO:User testb0r1s created!
2022-02-06 18:27:48,736:facade_administrator:INFO:Administrator testbazooka air created!
2022-02-06 18:27:48,736:facade_administrator:DEBUG:Attempting to remove airline #3...
2022-02-06 18:27:48,736:db_repo:WARNING:deleting from table <class 'airline_companies.AirlineCompanies'>.
2022-02-06 18:27:48,736:facade_administrator:INFO:Airline #3 Deleted!
2022-02-06 18:27:48,736:db_repo:WARNING:deleting from table <class 'users.Users'>.
2022-02-06 18:27:48,736:facade_administrator:INFO:User #8 Deleted!
2022-02-06 18:27:48,754:db_repo:DEBUG:Reseting initial DB.
2022-02-06 18:27:48,959:facade_administrator:DEBUG:Attempting to remove airline #3...
2022-02-06 18:27:48,959:facade_administrator:ERROR:<class 'error_invalid_input.InvalidInput'> - Input must be an integer!!
2022-02-06 18:27:48,959:facade_administrator:DEBUG:Attempting to remove airline #3...
2022-02-06 18:27:48,959:facade_administrator:ERROR:<class 'error_airline_not_found.AirlineNotFound'> - Airline #3 was not found!
2022-02-06 18:27:48,966:db_repo:DEBUG:Reseting initial DB.
2022-02-06 18:27:49,174:facade_administrator:DEBUG:Setting up new customer and user...
2022-02-06 18:27:49,174:facade_base:INFO:User testk0st4 created!
2022-02-06 18:27:49,174:facade_administrator:INFO:User testk0st4 created!
2022-02-06 18:27:49,174:facade_administrator:INFO:Customer testkosta testmakarkov created!
2022-02-06 18:27:49,174:facade_administrator:DEBUG:Attempting to remove customer #4...
2022-02-06 18:27:49,174:db_repo:WARNING:deleting from table <class 'customers.Customers'>.
2022-02-06 18:27:49,174:facade_administrator:INFO:Customer #4 Deleted!
2022-02-06 18:27:49,189:db_repo:WARNING:deleting from table <class 'users.Users'>.
2022-02-06 18:27:49,189:facade_administrator:INFO:User #8 Deleted!
2022-02-06 18:27:49,189:db_repo:DEBUG:Reseting initial DB.
2022-02-06 18:27:49,394:facade_administrator:DEBUG:Attempting to remove customer #4...
2022-02-06 18:27:49,394:facade_administrator:ERROR:<class 'error_invalid_input.InvalidInput'> - Input must be an integer!!
2022-02-06 18:27:49,394:facade_administrator:DEBUG:Attempting to remove customer #4...
2022-02-06 18:27:49,410:facade_administrator:ERROR:<class 'error_customer_not_found.CustomerNotFound'> - Customer #4 was not found!
