2022-08-20 13:01:46,617:db_data_gen:DEBUG:### Adding goldenelephant808, test2, gilbert.kennedy@example.com.###
2022-08-20 13:01:46,953:db_repo:DEBUG:Adding An Entry to DB.
2022-08-20 13:01:47,175:db_repo:DEBUG:Adding An Entry to DB.
2022-08-20 13:01:48,235:db_data_gen:DEBUG:### Adding brownzebra558, waffle, patsy.hughes@example.com.###
2022-08-20 13:01:48,556:db_repo:DEBUG:Adding An Entry to DB.
2022-08-20 13:01:48,570:db_repo:DEBUG:Adding An Entry to DB.
2022-08-20 13:01:49,385:db_data_gen:DEBUG:### Adding happyduck128, chinook, frank.rodriguez@example.com.###
2022-08-20 13:01:49,680:db_repo:DEBUG:Adding An Entry to DB.
2022-08-20 13:01:49,692:db_repo:DEBUG:Adding An Entry to DB.
2022-08-20 13:01:50,511:db_data_gen:DEBUG:### Adding silverpeacock254, thor, susan.jacobs@example.com.###
2022-08-20 13:01:50,729:db_repo:DEBUG:Adding An Entry to DB.
2022-08-20 13:01:50,743:db_repo:DEBUG:Adding An Entry to DB.
2022-08-20 13:01:51,356:db_data_gen:DEBUG:### Adding happymeercat644, animals, gordon.matthews@example.com.###
2022-08-20 13:01:51,651:db_repo:DEBUG:Adding An Entry to DB.
2022-08-20 13:01:51,666:db_repo:DEBUG:Adding An Entry to DB.
2022-08-20 13:01:52,554:db_data_gen:DEBUG:### Adding yellowpanda877, buckshot, florence.cunningham@example.com.###
2022-08-20 13:01:52,799:db_repo:DEBUG:Adding An Entry to DB.
2022-08-20 13:01:52,813:db_repo:DEBUG:Adding An Entry to DB.
2022-08-20 13:01:53,492:db_data_gen:DEBUG:### Adding organicdog705, rusty1, gabriella.wright@example.com.###
2022-08-20 13:01:53,723:db_repo:DEBUG:Adding An Entry to DB.
2022-08-20 13:01:53,733:db_repo:DEBUG:Adding An Entry to DB.
2022-08-20 13:01:54,872:db_data_gen:DEBUG:### Adding whitekoala456, aside, brittany.gray@example.com.###
2022-08-20 13:01:55,128:db_repo:DEBUG:Adding An Entry to DB.
2022-08-20 13:01:55,140:db_repo:DEBUG:Adding An Entry to DB.
2022-08-20 13:01:56,431:db_data_gen:DEBUG:### Adding blackbird929, thunder1, nelson.vargas@example.com.###
2022-08-20 13:01:56,701:db_repo:DEBUG:Adding An Entry to DB.
2022-08-20 13:01:56,711:db_repo:DEBUG:Adding An Entry to DB.
2022-08-20 13:01:58,054:db_data_gen:DEBUG:### Adding goldenswan911, nasty1, jack.ellis@example.com.###
2022-08-20 13:01:58,306:db_repo:DEBUG:Adding An Entry to DB.
2022-08-20 13:01:58,319:db_repo:DEBUG:Adding An Entry to DB.
2022-08-20 13:01:59,729:db_data_gen:DEBUG:### Adding beautifulmouse307, harry, clarence.crawford@example.com.###
2022-08-20 13:01:59,956:db_repo:DEBUG:Adding An Entry to DB.
2022-08-20 13:01:59,968:db_repo:DEBUG:Adding An Entry to DB.
2022-08-20 13:01:59,978:db_repo:DEBUG:Adding An Entry to DB.
2022-08-20 13:01:59,995:db_repo:DEBUG:Adding An Entry to DB.
2022-08-20 13:02:00,005:db_repo:DEBUG:Adding An Entry to DB.
2022-08-20 13:02:00,015:db_repo:DEBUG:Adding An Entry to DB.
2022-08-20 13:02:00,037:db_repo:DEBUG:Adding An Entry to DB.
2022-08-20 13:02:00,047:db_repo:DEBUG:Adding An Entry to DB.
2022-08-20 13:02:00,057:db_repo:DEBUG:Adding An Entry to DB.
2022-08-20 13:02:00,066:db_repo:DEBUG:Adding An Entry to DB.
2022-08-20 13:02:00,076:db_repo:DEBUG:Adding An Entry to DB.
2022-08-20 13:02:00,086:db_repo:DEBUG:Adding An Entry to DB.
2022-08-20 13:02:00,097:db_repo:DEBUG:Adding An Entry to DB.
2022-08-20 13:02:00,108:db_repo:DEBUG:Adding An Entry to DB.
2022-08-20 13:02:00,116:db_repo:DEBUG:Adding An Entry to DB.
2022-08-20 13:02:00,123:db_repo:DEBUG:Adding An Entry to DB.
2022-08-20 13:02:00,139:db_repo:DEBUG:Adding An Entry to DB.
2022-08-20 13:02:00,146:db_repo:DEBUG:Adding An Entry to DB.
2022-08-20 13:02:00,156:db_repo:DEBUG:Adding An Entry to DB.
2022-08-20 13:02:00,170:db_repo:DEBUG:Adding An Entry to DB.
2022-08-20 13:02:00,176:db_repo:DEBUG:Adding An Entry to DB.
2022-08-20 13:02:00,184:db_repo:DEBUG:Adding An Entry to DB.
2022-08-20 13:02:00,193:db_repo:DEBUG:Adding An Entry to DB.
2022-08-20 13:02:00,199:db_repo:DEBUG:Adding An Entry to DB.
2022-08-20 13:02:00,205:db_repo:DEBUG:Adding An Entry to DB.
2022-08-20 13:02:00,211:db_repo:DEBUG:Adding An Entry to DB.
2022-08-20 13:02:00,218:db_repo:DEBUG:Adding An Entry to DB.
2022-08-20 13:02:00,227:db_repo:DEBUG:Adding An Entry to DB.
2022-08-20 13:02:00,236:db_repo:DEBUG:Adding An Entry to DB.
2022-08-20 13:02:00,246:db_repo:DEBUG:Adding An Entry to DB.
2022-08-20 13:02:00,262:db_repo:DEBUG:Adding An Entry to DB.
2022-08-20 13:02:00,274:db_repo:DEBUG:Adding An Entry to DB.
2022-08-20 13:02:00,283:db_repo:DEBUG:Adding An Entry to DB.
2022-08-20 13:02:00,291:db_repo:DEBUG:Adding An Entry to DB.
2022-08-20 13:02:00,301:db_repo:DEBUG:Adding An Entry to DB.
2022-08-20 13:02:00,311:db_repo:DEBUG:Adding An Entry to DB.
2022-08-20 13:02:00,322:db_repo:DEBUG:Adding An Entry to DB.
2022-08-20 13:02:00,333:db_repo:DEBUG:Adding An Entry to DB.
2022-08-20 13:02:00,361:db_repo:DEBUG:Adding An Entry to DB.
2022-08-20 13:02:00,372:db_repo:DEBUG:Adding An Entry to DB.
2022-08-20 13:02:00,381:db_repo:DEBUG:Adding An Entry to DB.
2022-08-20 13:02:00,390:db_repo:DEBUG:Adding An Entry to DB.
2022-08-20 13:02:00,399:db_repo:DEBUG:Adding An Entry to DB.
2022-08-20 13:02:00,409:db_repo:DEBUG:Adding An Entry to DB.
2022-08-20 13:02:00,421:db_repo:DEBUG:Adding An Entry to DB.
2022-08-20 13:02:00,431:db_repo:DEBUG:Adding An Entry to DB.
2022-08-20 13:02:00,439:db_repo:DEBUG:Adding An Entry to DB.
2022-08-20 13:02:00,448:db_repo:DEBUG:Adding An Entry to DB.
2022-08-20 13:02:00,458:db_repo:DEBUG:Adding An Entry to DB.
2022-08-20 13:02:00,467:db_repo:DEBUG:Adding An Entry to DB.
2022-08-20 13:02:00,478:db_repo:DEBUG:Adding An Entry to DB.
2022-08-20 13:02:00,486:db_repo:DEBUG:Adding An Entry to DB.
2022-08-20 13:02:00,496:db_repo:DEBUG:Adding An Entry to DB.
2022-08-20 13:02:00,505:db_repo:DEBUG:Adding An Entry to DB.
2022-08-20 13:02:00,515:db_repo:DEBUG:Adding An Entry to DB.
2022-08-20 13:02:00,523:db_repo:DEBUG:Adding An Entry to DB.
2022-08-20 13:02:00,533:db_repo:DEBUG:Adding An Entry to DB.
2022-08-20 13:02:00,541:db_repo:DEBUG:Adding An Entry to DB.
2022-08-20 13:02:00,550:db_repo:DEBUG:Adding An Entry to DB.
2022-08-20 13:02:00,563:db_repo:DEBUG:Adding An Entry to DB.
2022-08-20 13:02:00,595:db_repo:DEBUG:Adding An Entry to DB.
2022-08-20 13:02:00,607:db_repo:DEBUG:Adding An Entry to DB.
2022-08-20 13:02:00,616:db_repo:DEBUG:Adding An Entry to DB.
2022-08-20 13:02:00,628:db_repo:DEBUG:Adding An Entry to DB.
2022-08-20 13:02:00,637:db_repo:DEBUG:Adding An Entry to DB.
2022-08-20 13:02:00,648:db_repo:DEBUG:Adding An Entry to DB.
2022-08-20 13:11:14,538:facade_anonymus:DEBUG:Attempting Logging-in...
2022-08-20 13:11:14,858:facade_anonymus:INFO:Welcome, l10r
2022-08-20 13:11:14,865:facade_anonymus:DEBUG:Attempting Logging-in...
2022-08-20 13:11:15,124:facade_anonymus:INFO:Welcome, m4x1m
2022-08-20 13:11:15,129:facade_anonymus:DEBUG:Attempting Logging-in...
2022-08-20 13:11:15,372:facade_anonymus:INFO:Welcome, 3m1l
2022-08-20 13:11:15,379:db_repo:DEBUG:Reseting initial DB.
2022-08-20 13:11:15,379:db_repo:WARNING:deleting all tables.
2022-08-20 13:11:15,379:db_repo:WARNING:deleting table countries.
2022-08-20 13:11:15,408:db_repo:WARNING:deleting table flights.
2022-08-20 13:11:15,415:db_repo:WARNING:deleting table tickets.
2022-08-20 13:11:15,421:db_repo:WARNING:deleting table airline_companies.
2022-08-20 13:11:15,430:db_repo:WARNING:deleting table administrators.
2022-08-20 13:11:15,441:db_repo:WARNING:deleting table customers.
2022-08-20 13:11:15,451:db_repo:WARNING:deleting table users.
2022-08-20 13:11:15,462:db_repo:WARNING:deleting table user_roles.
2022-08-20 13:11:16,841:db_repo:DEBUG:Adding An Entry to DB.
2022-08-20 13:11:16,870:db_repo:DEBUG:Adding An Entry to DB.
2022-08-20 13:11:16,877:db_repo:DEBUG:Adding An Entry to DB.
2022-08-20 13:11:16,882:db_repo:DEBUG:Adding An Entry to DB.
2022-08-20 13:11:16,885:db_repo:DEBUG:Adding An Entry to DB.
2022-08-20 13:11:16,889:db_repo:DEBUG:Adding An Entry to DB.
2022-08-20 13:11:16,892:db_repo:DEBUG:Adding An Entry to DB.
2022-08-20 13:11:16,896:db_repo:DEBUG:Adding An Entry to DB.
2022-08-20 13:11:16,899:db_repo:DEBUG:Adding An Entry to DB.
2022-08-20 13:11:16,902:db_repo:DEBUG:Adding An Entry to DB.
2022-08-20 13:11:16,905:db_repo:DEBUG:Adding An Entry to DB.
2022-08-20 13:11:16,909:db_repo:DEBUG:Adding An Entry to DB.
2022-08-20 13:11:16,912:db_repo:DEBUG:Adding An Entry to DB.
2022-08-20 13:11:16,916:db_repo:DEBUG:Adding An Entry to DB.
2022-08-20 13:11:16,919:db_repo:DEBUG:Adding An Entry to DB.
2022-08-20 13:11:16,923:db_repo:DEBUG:Adding An Entry to DB.
2022-08-20 13:11:16,927:db_repo:DEBUG:Adding An Entry to DB.
2022-08-20 13:11:16,931:db_repo:DEBUG:Adding An Entry to DB.
2022-08-20 13:11:16,936:db_repo:DEBUG:Adding An Entry to DB.
2022-08-20 13:11:16,939:db_repo:DEBUG:Adding An Entry to DB.
2022-08-20 13:11:16,943:db_repo:DEBUG:Adding An Entry to DB.
2022-08-20 13:11:16,947:db_repo:DEBUG:Adding An Entry to DB.
2022-08-20 13:11:16,951:db_repo:DEBUG:Adding An Entry to DB.
2022-08-20 13:11:16,954:db_repo:DEBUG:Adding An Entry to DB.
2022-08-20 13:11:16,958:db_repo:DEBUG:Adding An Entry to DB.
2022-08-20 13:11:16,964:db_repo:DEBUG:Adding An Entry to DB.
2022-08-20 13:11:16,967:db_repo:DEBUG:Adding An Entry to DB.
2022-08-20 13:11:16,971:db_repo:DEBUG:Adding An Entry to DB.
2022-08-20 13:11:16,974:db_repo:DEBUG:Adding An Entry to DB.
2022-08-20 13:11:16,977:db_repo:DEBUG:Adding An Entry to DB.
2022-08-20 13:11:16,980:db_repo:DEBUG:Adding An Entry to DB.
2022-08-20 13:11:16,984:db_repo:DEBUG:Adding An Entry to DB.
2022-08-20 13:11:16,986:db_repo:DEBUG:Adding An Entry to DB.
2022-08-20 13:11:16,989:db_repo:DEBUG:Adding An Entry to DB.
2022-08-20 13:11:16,992:db_repo:DEBUG:Adding An Entry to DB.
2022-08-20 13:11:16,997:db_repo:DEBUG:Adding An Entry to DB.
2022-08-20 13:11:17,000:db_repo:DEBUG:Adding An Entry to DB.
2022-08-20 13:11:17,003:db_repo:DEBUG:Adding An Entry to DB.
2022-08-20 13:11:17,005:db_repo:DEBUG:Adding An Entry to DB.
2022-08-20 13:11:17,010:db_repo:DEBUG:Adding An Entry to DB.
2022-08-20 13:11:17,014:db_repo:DEBUG:Adding An Entry to DB.
2022-08-20 13:11:17,017:db_repo:DEBUG:Adding An Entry to DB.
2022-08-20 13:11:17,020:db_repo:DEBUG:Adding An Entry to DB.
2022-08-20 13:11:17,024:db_repo:DEBUG:Adding An Entry to DB.
2022-08-20 13:11:17,028:db_repo:DEBUG:Adding An Entry to DB.
2022-08-20 13:11:17,031:db_repo:DEBUG:Adding An Entry to DB.
2022-08-20 13:11:17,035:db_repo:DEBUG:Adding An Entry to DB.
2022-08-20 13:11:17,038:db_repo:DEBUG:Adding An Entry to DB.
2022-08-20 13:11:17,040:db_repo:DEBUG:Adding An Entry to DB.
2022-08-20 13:11:17,042:db_repo:DEBUG:Adding An Entry to DB.
2022-08-20 13:11:17,045:db_repo:DEBUG:Adding An Entry to DB.
2022-08-20 13:11:17,049:db_repo:DEBUG:Adding An Entry to DB.
2022-08-20 13:11:17,053:db_repo:DEBUG:Adding An Entry to DB.
2022-08-20 13:11:17,056:db_repo:DEBUG:Adding An Entry to DB.
2022-08-20 13:11:17,059:db_repo:DEBUG:Adding An Entry to DB.
2022-08-20 13:11:17,062:db_repo:DEBUG:Adding An Entry to DB.
2022-08-20 13:11:17,066:db_repo:DEBUG:Adding An Entry to DB.
2022-08-20 13:11:17,068:db_repo:DEBUG:Adding An Entry to DB.
2022-08-20 13:11:17,072:db_repo:DEBUG:Adding An Entry to DB.
2022-08-20 13:11:17,074:db_repo:DEBUG:Adding An Entry to DB.
2022-08-20 13:11:17,075:db_repo:DEBUG:Adding An Entry to DB.
2022-08-20 13:11:17,078:db_repo:DEBUG:Adding An Entry to DB.
2022-08-20 13:11:17,083:db_repo:DEBUG:Adding An Entry to DB.
2022-08-20 13:11:17,087:db_repo:DEBUG:Adding An Entry to DB.
2022-08-20 13:11:17,089:db_repo:DEBUG:Adding An Entry to DB.
2022-08-20 13:11:17,091:db_repo:DEBUG:Adding An Entry to DB.
2022-08-20 13:11:17,094:db_repo:DEBUG:Adding An Entry to DB.
2022-08-20 13:11:17,097:db_repo:DEBUG:Adding An Entry to DB.
2022-08-20 13:11:17,101:db_repo:DEBUG:Adding An Entry to DB.
2022-08-20 13:11:17,105:db_repo:DEBUG:Adding An Entry to DB.
2022-08-20 13:11:17,107:db_repo:DEBUG:Adding An Entry to DB.
2022-08-20 13:11:17,108:db_repo:DEBUG:Adding An Entry to DB.
2022-08-20 13:11:17,111:db_repo:DEBUG:Adding An Entry to DB.
2022-08-20 13:11:17,113:db_repo:DEBUG:Adding An Entry to DB.
2022-08-20 13:11:17,118:db_repo:DEBUG:Adding An Entry to DB.
2022-08-20 13:11:17,122:db_repo:DEBUG:Adding An Entry to DB.
2022-08-20 13:11:17,124:db_repo:DEBUG:Adding An Entry to DB.
2022-08-20 13:11:17,126:db_repo:DEBUG:Adding An Entry to DB.
2022-08-20 13:11:17,128:db_repo:DEBUG:Adding An Entry to DB.
2022-08-20 13:11:17,133:db_repo:DEBUG:Adding An Entry to DB.
2022-08-20 13:11:17,135:db_repo:DEBUG:Adding An Entry to DB.
2022-08-20 13:11:17,138:db_repo:DEBUG:Adding An Entry to DB.
2022-08-20 13:11:17,140:db_repo:DEBUG:Adding An Entry to DB.
2022-08-20 13:11:17,144:db_repo:DEBUG:Adding An Entry to DB.
2022-08-20 13:11:17,147:db_repo:DEBUG:Adding An Entry to DB.
2022-08-20 13:11:17,151:db_repo:DEBUG:Adding An Entry to DB.
2022-08-20 13:11:17,154:db_repo:DEBUG:Adding An Entry to DB.
2022-08-20 13:11:17,156:db_repo:DEBUG:Adding An Entry to DB.
2022-08-20 13:11:17,158:db_repo:DEBUG:Adding An Entry to DB.
2022-08-20 13:11:17,160:db_repo:DEBUG:Adding An Entry to DB.
2022-08-20 13:11:17,163:db_repo:DEBUG:Adding An Entry to DB.
2022-08-20 13:11:17,167:db_repo:DEBUG:Adding An Entry to DB.
2022-08-20 13:11:17,171:db_repo:DEBUG:Adding An Entry to DB.
2022-08-20 13:11:17,173:db_repo:DEBUG:Adding An Entry to DB.
2022-08-20 13:11:17,175:db_repo:DEBUG:Adding An Entry to DB.
2022-08-20 13:11:17,178:db_repo:DEBUG:Adding An Entry to DB.
2022-08-20 13:11:17,180:db_repo:DEBUG:Adding An Entry to DB.
2022-08-20 13:11:17,184:db_repo:DEBUG:Adding An Entry to DB.
2022-08-20 13:11:17,187:db_repo:DEBUG:Adding An Entry to DB.
2022-08-20 13:11:17,189:db_repo:DEBUG:Adding An Entry to DB.
2022-08-20 13:11:17,191:db_repo:DEBUG:Adding An Entry to DB.
2022-08-20 13:11:17,194:db_repo:DEBUG:Adding An Entry to DB.
2022-08-20 13:11:17,197:db_repo:DEBUG:Adding An Entry to DB.
2022-08-20 13:11:17,201:db_repo:DEBUG:Adding An Entry to DB.
2022-08-20 13:11:17,204:db_repo:DEBUG:Adding An Entry to DB.
2022-08-20 13:11:17,207:db_repo:DEBUG:Adding An Entry to DB.
2022-08-20 13:11:17,209:db_repo:DEBUG:Adding An Entry to DB.
2022-08-20 13:11:17,212:db_repo:DEBUG:Adding An Entry to DB.
2022-08-20 13:11:17,217:db_repo:DEBUG:Adding An Entry to DB.
2022-08-20 13:11:17,220:db_repo:DEBUG:Adding An Entry to DB.
2022-08-20 13:11:17,222:db_repo:DEBUG:Adding An Entry to DB.
2022-08-20 13:11:17,224:db_repo:DEBUG:Adding An Entry to DB.
2022-08-20 13:11:17,227:db_repo:DEBUG:Adding An Entry to DB.
2022-08-20 13:11:17,230:db_repo:DEBUG:Adding An Entry to DB.
2022-08-20 13:11:17,236:db_repo:DEBUG:Adding An Entry to DB.
2022-08-20 13:11:17,240:db_repo:DEBUG:Adding An Entry to DB.
2022-08-20 13:11:17,243:db_repo:DEBUG:Adding An Entry to DB.
2022-08-20 13:11:17,246:db_repo:DEBUG:Adding An Entry to DB.
2022-08-20 13:11:17,252:db_repo:DEBUG:Adding An Entry to DB.
2022-08-20 13:11:17,256:db_repo:DEBUG:Adding An Entry to DB.
2022-08-20 13:11:17,258:db_repo:DEBUG:Adding An Entry to DB.
2022-08-20 13:11:17,261:db_repo:DEBUG:Adding An Entry to DB.
2022-08-20 13:11:17,264:db_repo:DEBUG:Adding An Entry to DB.
2022-08-20 13:11:17,270:db_repo:DEBUG:Adding An Entry to DB.
2022-08-20 13:11:17,273:db_repo:DEBUG:Adding An Entry to DB.
2022-08-20 13:11:17,276:db_repo:DEBUG:Adding An Entry to DB.
2022-08-20 13:11:17,279:db_repo:DEBUG:Adding An Entry to DB.
2022-08-20 13:11:17,285:db_repo:DEBUG:Adding An Entry to DB.
2022-08-20 13:11:17,287:db_repo:DEBUG:Adding An Entry to DB.
2022-08-20 13:11:17,291:db_repo:DEBUG:Adding An Entry to DB.
2022-08-20 13:11:17,292:db_repo:DEBUG:Adding An Entry to DB.
2022-08-20 13:11:17,296:db_repo:DEBUG:Adding An Entry to DB.
2022-08-20 13:11:17,301:db_repo:DEBUG:Adding An Entry to DB.
2022-08-20 13:11:17,305:db_repo:DEBUG:Adding An Entry to DB.
2022-08-20 13:11:17,308:db_repo:DEBUG:Adding An Entry to DB.
2022-08-20 13:11:17,309:db_repo:DEBUG:Adding An Entry to DB.
2022-08-20 13:11:17,313:db_repo:DEBUG:Adding An Entry to DB.
2022-08-20 13:11:17,318:db_repo:DEBUG:Adding An Entry to DB.
2022-08-20 13:11:17,321:db_repo:DEBUG:Adding An Entry to DB.
2022-08-20 13:11:17,324:db_repo:DEBUG:Adding An Entry to DB.
2022-08-20 13:11:17,326:db_repo:DEBUG:Adding An Entry to DB.
2022-08-20 13:11:17,330:db_repo:DEBUG:Adding An Entry to DB.
2022-08-20 13:11:17,336:db_repo:DEBUG:Adding An Entry to DB.
2022-08-20 13:11:17,340:db_repo:DEBUG:Adding An Entry to DB.
2022-08-20 13:11:17,343:db_repo:DEBUG:Adding An Entry to DB.
2022-08-20 13:11:17,348:db_repo:DEBUG:Adding An Entry to DB.
2022-08-20 13:11:17,354:db_repo:DEBUG:Adding An Entry to DB.
2022-08-20 13:11:17,357:db_repo:DEBUG:Adding An Entry to DB.
2022-08-20 13:11:17,360:db_repo:DEBUG:Adding An Entry to DB.
2022-08-20 13:11:17,364:db_repo:DEBUG:Adding An Entry to DB.
2022-08-20 13:11:17,370:db_repo:DEBUG:Adding An Entry to DB.
2022-08-20 13:11:17,374:db_repo:DEBUG:Adding An Entry to DB.
2022-08-20 13:11:17,376:db_repo:DEBUG:Adding An Entry to DB.
2022-08-20 13:11:17,378:db_repo:DEBUG:Adding An Entry to DB.
2022-08-20 13:11:17,385:db_repo:DEBUG:Adding An Entry to DB.
2022-08-20 13:11:17,387:db_repo:DEBUG:Adding An Entry to DB.
2022-08-20 13:11:17,390:db_repo:DEBUG:Adding An Entry to DB.
2022-08-20 13:11:17,393:db_repo:DEBUG:Adding An Entry to DB.
2022-08-20 13:11:17,398:db_repo:DEBUG:Adding An Entry to DB.
2022-08-20 13:11:17,403:db_repo:DEBUG:Adding An Entry to DB.
2022-08-20 13:11:17,405:db_repo:DEBUG:Adding An Entry to DB.
2022-08-20 13:11:17,408:db_repo:DEBUG:Adding An Entry to DB.
2022-08-20 13:11:17,411:db_repo:DEBUG:Adding An Entry to DB.
2022-08-20 13:11:17,419:db_repo:DEBUG:Adding An Entry to DB.
2022-08-20 13:11:17,421:db_repo:DEBUG:Adding An Entry to DB.
2022-08-20 13:11:17,425:db_repo:DEBUG:Adding An Entry to DB.
2022-08-20 13:11:17,427:db_repo:DEBUG:Adding An Entry to DB.
2022-08-20 13:11:17,430:db_repo:DEBUG:Adding An Entry to DB.
2022-08-20 13:11:17,434:db_repo:DEBUG:Adding An Entry to DB.
2022-08-20 13:11:17,437:db_repo:DEBUG:Adding An Entry to DB.
2022-08-20 13:11:17,440:db_repo:DEBUG:Adding An Entry to DB.
2022-08-20 13:11:17,444:db_repo:DEBUG:Adding An Entry to DB.
2022-08-20 13:11:17,447:db_repo:DEBUG:Adding An Entry to DB.
2022-08-20 13:11:17,452:db_repo:DEBUG:Adding An Entry to DB.
2022-08-20 13:11:17,455:db_repo:DEBUG:Adding An Entry to DB.
2022-08-20 13:11:17,458:db_repo:DEBUG:Adding An Entry to DB.
2022-08-20 13:11:17,461:db_repo:DEBUG:Adding An Entry to DB.
2022-08-20 13:11:17,465:db_repo:DEBUG:Adding An Entry to DB.
2022-08-20 13:11:17,469:db_repo:DEBUG:Adding An Entry to DB.
2022-08-20 13:11:17,471:db_repo:DEBUG:Adding An Entry to DB.
2022-08-20 13:11:17,474:db_repo:DEBUG:Adding An Entry to DB.
2022-08-20 13:11:17,477:db_repo:DEBUG:Adding An Entry to DB.
2022-08-20 13:11:17,479:db_repo:DEBUG:Adding An Entry to DB.
2022-08-20 13:11:17,485:db_repo:DEBUG:Adding An Entry to DB.
2022-08-20 13:11:17,487:db_repo:DEBUG:Adding An Entry to DB.
2022-08-20 13:11:17,491:db_repo:DEBUG:Adding An Entry to DB.
2022-08-20 13:11:17,492:db_repo:DEBUG:Adding An Entry to DB.
2022-08-20 13:11:17,496:db_repo:DEBUG:Adding An Entry to DB.
2022-08-20 13:11:17,501:db_repo:DEBUG:Adding An Entry to DB.
2022-08-20 13:11:17,504:db_repo:DEBUG:Adding An Entry to DB.
2022-08-20 13:11:17,507:db_repo:DEBUG:Adding An Entry to DB.
2022-08-20 13:11:17,509:db_repo:DEBUG:Adding An Entry to DB.
2022-08-20 13:11:17,511:db_repo:DEBUG:Adding An Entry to DB.
2022-08-20 13:11:17,515:db_repo:DEBUG:Adding An Entry to DB.
2022-08-20 13:11:17,520:db_repo:DEBUG:Adding An Entry to DB.
2022-08-20 13:11:17,523:db_repo:DEBUG:Adding An Entry to DB.
2022-08-20 13:11:17,525:db_repo:DEBUG:Adding An Entry to DB.
2022-08-20 13:11:17,527:db_repo:DEBUG:Adding An Entry to DB.
2022-08-20 13:11:17,530:db_repo:DEBUG:Adding An Entry to DB.
2022-08-20 13:11:17,535:db_repo:DEBUG:Adding An Entry to DB.
2022-08-20 13:11:17,538:db_repo:DEBUG:Adding An Entry to DB.
2022-08-20 13:11:17,541:db_repo:DEBUG:Adding An Entry to DB.
2022-08-20 13:11:17,542:db_repo:DEBUG:Adding An Entry to DB.
2022-08-20 13:11:17,544:db_repo:DEBUG:Adding An Entry to DB.
2022-08-20 13:11:17,549:db_repo:DEBUG:Adding An Entry to DB.
2022-08-20 13:11:17,553:db_repo:DEBUG:Adding An Entry to DB.
2022-08-20 13:11:17,556:db_repo:DEBUG:Adding An Entry to DB.
2022-08-20 13:11:17,558:db_repo:DEBUG:Adding An Entry to DB.
2022-08-20 13:11:17,560:db_repo:DEBUG:Adding An Entry to DB.
2022-08-20 13:11:17,565:db_repo:DEBUG:Adding An Entry to DB.
2022-08-20 13:11:17,569:db_repo:DEBUG:Adding An Entry to DB.
2022-08-20 13:11:17,572:db_repo:DEBUG:Adding An Entry to DB.
2022-08-20 13:11:17,575:db_repo:DEBUG:Adding An Entry to DB.
2022-08-20 13:11:17,577:db_repo:DEBUG:Adding An Entry to DB.
2022-08-20 13:11:17,579:db_repo:DEBUG:Adding An Entry to DB.
2022-08-20 13:11:17,586:db_repo:DEBUG:Adding An Entry to DB.
2022-08-20 13:11:17,589:db_repo:DEBUG:Adding An Entry to DB.
2022-08-20 13:11:17,591:db_repo:DEBUG:Adding An Entry to DB.
2022-08-20 13:11:17,593:db_repo:DEBUG:Adding An Entry to DB.
2022-08-20 13:11:17,595:db_repo:DEBUG:Adding An Entry to DB.
2022-08-20 13:11:17,600:db_repo:DEBUG:Adding An Entry to DB.
2022-08-20 13:11:17,603:db_repo:DEBUG:Adding An Entry to DB.
2022-08-20 13:11:17,606:db_repo:DEBUG:Adding An Entry to DB.
2022-08-20 13:11:17,608:db_repo:DEBUG:Adding An Entry to DB.
2022-08-20 13:11:17,610:db_repo:DEBUG:Adding An Entry to DB.
2022-08-20 13:11:17,612:db_repo:DEBUG:Adding An Entry to DB.
2022-08-20 13:11:17,618:db_repo:DEBUG:Adding An Entry to DB.
2022-08-20 13:11:17,621:db_repo:DEBUG:Adding An Entry to DB.
2022-08-20 13:11:17,623:db_repo:DEBUG:Adding An Entry to DB.
2022-08-20 13:11:17,626:db_repo:DEBUG:Adding An Entry to DB.
2022-08-20 13:11:17,628:db_repo:DEBUG:Adding An Entry to DB.
2022-08-20 13:11:17,634:db_repo:DEBUG:Adding An Entry to DB.
2022-08-20 13:11:17,638:db_repo:DEBUG:Adding An Entry to DB.
2022-08-20 13:11:17,641:db_repo:DEBUG:Adding An Entry to DB.
2022-08-20 13:11:17,643:db_repo:DEBUG:Adding An Entry to DB.
2022-08-20 13:11:17,646:db_repo:DEBUG:Adding An Entry to DB.
2022-08-20 13:11:17,652:db_repo:DEBUG:Adding An Entry to DB.
2022-08-20 13:11:17,655:db_repo:DEBUG:Adding An Entry to DB.
2022-08-20 13:11:17,657:db_repo:DEBUG:Adding An Entry to DB.
2022-08-20 13:11:17,660:db_repo:DEBUG:Adding An Entry to DB.
2022-08-20 13:11:17,665:db_repo:DEBUG:Adding An Entry to DB.
2022-08-20 13:11:17,670:db_repo:DEBUG:Adding An Entry to DB.
2022-08-20 13:11:17,673:db_repo:DEBUG:Adding An Entry to DB.
2022-08-20 13:11:17,675:db_repo:DEBUG:Adding An Entry to DB.
2022-08-20 13:11:17,677:db_repo:DEBUG:Adding Multiple Entries to DB.
2022-08-20 13:11:18,326:db_repo:DEBUG:Adding An Entry to DB.
2022-08-20 13:11:18,934:db_repo:DEBUG:Adding An Entry to DB.
2022-08-20 13:11:19,554:db_repo:DEBUG:Adding An Entry to DB.
2022-08-20 13:11:20,170:db_repo:DEBUG:Adding An Entry to DB.
2022-08-20 13:11:20,827:db_repo:DEBUG:Adding An Entry to DB.
2022-08-20 13:11:21,487:db_repo:DEBUG:Adding An Entry to DB.
2022-08-20 13:11:22,127:db_repo:DEBUG:Adding An Entry to DB.
2022-08-20 13:11:22,130:db_repo:DEBUG:Adding Multiple Entries to DB.
2022-08-20 13:11:22,136:db_repo:DEBUG:Adding Multiple Entries to DB.
2022-08-20 13:11:22,141:db_repo:DEBUG:Adding Multiple Entries to DB.
2022-08-20 13:11:22,152:db_repo:DEBUG:Adding Multiple Entries to DB.
2022-08-20 13:11:22,159:db_repo:DEBUG:Adding Multiple Entries to DB.
2022-08-20 13:11:22,211:db_repo:DEBUG:From C:\git\pyCodeBasement\FINAL_PROJECT\db_files\sp_file.sql - All SP were created.
2022-08-20 13:11:49,623:db_data_gen:DEBUG:### Adding bigcat766, frederic, liam.simmmons@example.com.###
2022-08-20 13:11:51,209:db_repo:DEBUG:Adding An Entry to DB.
2022-08-20 13:11:51,329:db_repo:DEBUG:Adding An Entry to DB.
2022-08-20 13:11:52,960:db_data_gen:DEBUG:### Adding blackbutterfly499, usarmy, louella.may@example.com.###
2022-08-20 13:11:53,576:db_repo:DEBUG:Adding An Entry to DB.
2022-08-20 13:11:53,593:db_repo:DEBUG:Adding An Entry to DB.
2022-08-20 13:11:55,287:db_data_gen:DEBUG:### Adding beautifuldog889, goblin, dustin.holt@example.com.###
2022-08-20 13:11:55,899:db_repo:DEBUG:Adding An Entry to DB.
2022-08-20 13:11:55,919:db_repo:DEBUG:Adding An Entry to DB.
2022-08-20 13:11:57,515:db_data_gen:DEBUG:### Adding sadpanda148, bass, scarlett.olson@example.com.###
2022-08-20 13:11:58,221:db_repo:DEBUG:Adding An Entry to DB.
2022-08-20 13:11:58,236:db_repo:DEBUG:Adding An Entry to DB.
2022-08-20 13:11:59,949:db_data_gen:DEBUG:### Adding sadostrich473, aliens, adam.montgomery@example.com.###
2022-08-20 13:12:00,683:db_repo:DEBUG:Adding An Entry to DB.
2022-08-20 13:12:00,700:db_repo:DEBUG:Adding An Entry to DB.
2022-08-20 13:12:02,406:db_data_gen:DEBUG:### Adding whitefrog861, cancel, lisa.carter@example.com.###
2022-08-20 13:12:03,061:db_repo:DEBUG:Adding An Entry to DB.
2022-08-20 13:12:03,075:db_repo:DEBUG:Adding An Entry to DB.
2022-08-20 13:12:04,821:db_data_gen:DEBUG:### Adding purpleelephant851, hoops, leroy.carroll@example.com.###
2022-08-20 13:12:05,449:db_repo:DEBUG:Adding An Entry to DB.
2022-08-20 13:12:05,469:db_repo:DEBUG:Adding An Entry to DB.
2022-08-20 13:12:07,364:db_data_gen:DEBUG:### Adding sadelephant511, marissa, catherine.powell@example.com.###
2022-08-20 13:12:08,060:db_repo:DEBUG:Adding An Entry to DB.
2022-08-20 13:12:08,079:db_repo:DEBUG:Adding An Entry to DB.
2022-08-20 13:12:09,737:db_data_gen:DEBUG:### Adding sadbutterfly121, packers, troy.berry@example.com.###
2022-08-20 13:12:10,365:db_repo:DEBUG:Adding An Entry to DB.
2022-08-20 13:12:10,385:db_repo:DEBUG:Adding An Entry to DB.
2022-08-20 13:12:12,002:db_data_gen:DEBUG:### Adding beautifuldog986, magpies, dawn.medina@example.com.###
2022-08-20 13:12:12,777:db_repo:DEBUG:Adding An Entry to DB.
2022-08-20 13:12:12,792:db_repo:DEBUG:Adding An Entry to DB.
2022-08-20 13:12:13,969:db_data_gen:DEBUG:### Adding brownbird893, esquire, ross.armstrong@example.com.###
2022-08-20 13:12:14,649:db_repo:DEBUG:Adding An Entry to DB.
2022-08-20 13:12:14,664:db_repo:DEBUG:Adding An Entry to DB.
2022-08-20 13:12:14,675:db_repo:DEBUG:Adding An Entry to DB.
2022-08-20 13:12:14,688:db_repo:DEBUG:Adding An Entry to DB.
2022-08-20 13:12:14,695:db_repo:DEBUG:Adding An Entry to DB.
2022-08-20 13:12:14,702:db_repo:DEBUG:Adding An Entry to DB.
2022-08-20 13:12:14,709:db_repo:DEBUG:Adding An Entry to DB.
2022-08-20 13:12:14,718:db_repo:DEBUG:Adding An Entry to DB.
2022-08-20 13:12:14,725:db_repo:DEBUG:Adding An Entry to DB.
2022-08-20 13:12:14,735:db_repo:DEBUG:Adding An Entry to DB.
2022-08-20 13:12:14,743:db_repo:DEBUG:Adding An Entry to DB.
2022-08-20 13:12:14,754:db_repo:DEBUG:Adding An Entry to DB.
2022-08-20 13:12:14,762:db_repo:DEBUG:Adding An Entry to DB.
2022-08-20 13:12:14,770:db_repo:DEBUG:Adding An Entry to DB.
2022-08-20 13:12:14,779:db_repo:DEBUG:Adding An Entry to DB.
2022-08-20 13:12:14,786:db_repo:DEBUG:Adding An Entry to DB.
2022-08-20 13:12:14,794:db_repo:DEBUG:Adding An Entry to DB.
2022-08-20 13:12:14,800:db_repo:DEBUG:Adding An Entry to DB.
2022-08-20 13:12:14,808:db_repo:DEBUG:Adding An Entry to DB.
2022-08-20 13:12:14,815:db_repo:DEBUG:Adding An Entry to DB.
2022-08-20 13:12:14,823:db_repo:DEBUG:Adding An Entry to DB.
2022-08-20 13:12:14,830:db_repo:DEBUG:Adding An Entry to DB.
2022-08-20 13:12:14,840:db_repo:DEBUG:Adding An Entry to DB.
2022-08-20 13:12:14,847:db_repo:DEBUG:Adding An Entry to DB.
2022-08-20 13:12:14,856:db_repo:DEBUG:Adding An Entry to DB.
2022-08-20 13:12:14,862:db_repo:DEBUG:Adding An Entry to DB.
2022-08-20 13:12:14,871:db_repo:DEBUG:Adding An Entry to DB.
2022-08-20 13:12:14,879:db_repo:DEBUG:Adding An Entry to DB.
2022-08-20 13:12:14,886:db_repo:DEBUG:Adding An Entry to DB.
2022-08-20 13:12:14,894:db_repo:DEBUG:Adding An Entry to DB.
2022-08-20 13:12:14,914:db_repo:DEBUG:Adding An Entry to DB.
2022-08-20 13:12:14,930:db_repo:DEBUG:Adding An Entry to DB.
2022-08-20 13:12:14,939:db_repo:DEBUG:Adding An Entry to DB.
2022-08-20 13:12:14,948:db_repo:DEBUG:Adding An Entry to DB.
2022-08-20 13:12:14,958:db_repo:DEBUG:Adding An Entry to DB.
2022-08-20 13:12:14,967:db_repo:DEBUG:Adding An Entry to DB.
2022-08-20 13:12:14,976:db_repo:DEBUG:Adding An Entry to DB.
2022-08-20 13:12:14,987:db_repo:DEBUG:Adding An Entry to DB.
2022-08-20 13:12:14,998:db_repo:DEBUG:Adding An Entry to DB.
2022-08-20 13:12:15,007:db_repo:DEBUG:Adding An Entry to DB.
2022-08-20 13:12:15,016:db_repo:DEBUG:Adding An Entry to DB.
2022-08-20 13:12:15,026:db_repo:DEBUG:Adding An Entry to DB.
2022-08-20 13:12:15,035:db_repo:DEBUG:Adding An Entry to DB.
2022-08-20 13:12:15,044:db_repo:DEBUG:Adding An Entry to DB.
2022-08-20 13:12:15,056:db_repo:DEBUG:Adding An Entry to DB.
2022-08-20 13:12:15,069:db_repo:DEBUG:Adding An Entry to DB.
2022-08-20 13:12:15,077:db_repo:DEBUG:Adding An Entry to DB.
2022-08-20 13:12:15,083:db_repo:DEBUG:Adding An Entry to DB.
2022-08-20 13:12:15,093:db_repo:DEBUG:Adding An Entry to DB.
2022-08-20 13:12:15,102:db_repo:DEBUG:Adding An Entry to DB.
2022-08-20 13:12:15,110:db_repo:DEBUG:Adding An Entry to DB.
2022-08-20 13:12:15,121:db_repo:DEBUG:Adding An Entry to DB.
2022-08-20 13:12:15,131:db_repo:DEBUG:Adding An Entry to DB.
2022-08-20 13:12:15,141:db_repo:DEBUG:Adding An Entry to DB.
2022-08-20 13:12:15,150:db_repo:DEBUG:Adding An Entry to DB.
2022-08-20 13:12:15,159:db_repo:DEBUG:Adding An Entry to DB.
2022-08-20 13:12:15,169:db_repo:DEBUG:Adding An Entry to DB.
2022-08-20 13:12:15,178:db_repo:DEBUG:Adding An Entry to DB.
2022-08-20 13:12:15,188:db_repo:DEBUG:Adding An Entry to DB.
2022-08-20 13:12:15,199:db_repo:DEBUG:Adding An Entry to DB.
2022-08-20 13:12:15,210:db_repo:DEBUG:Adding An Entry to DB.
2022-08-20 13:12:15,218:db_repo:DEBUG:Adding An Entry to DB.
