2022-08-04 19:58:59,829:facade_anonymus:DEBUG:Setting up new customer and user...
2022-08-04 19:58:59,928:facade_base:INFO:User eqwreqwewqewqe created!
2022-08-04 19:58:59,928:db_repo:DEBUG:Adding An Entry to DB.
2022-08-04 19:58:59,967:facade_anonymus:INFO:User eqwreqwewqewqe created!
2022-08-04 19:58:59,967:db_repo:DEBUG:Adding An Entry to DB.
2022-08-04 19:58:59,984:facade_anonymus:INFO:Customer Boris111 Musnikov111 created!
2022-08-04 22:07:16,481:db_repo:DEBUG:Adding An Entry to DB.
2022-08-04 22:07:16,580:db_repo:DEBUG:Adding An Entry to DB.
2022-08-04 22:07:18,178:db_repo:DEBUG:Adding An Entry to DB.
2022-08-04 22:07:18,190:db_repo:DEBUG:Adding An Entry to DB.
2022-08-04 22:07:19,431:db_repo:DEBUG:Adding An Entry to DB.
2022-08-04 22:07:19,442:db_repo:DEBUG:Adding An Entry to DB.
2022-08-04 22:07:20,916:db_repo:DEBUG:Adding An Entry to DB.
2022-08-04 22:07:20,929:db_repo:DEBUG:Adding An Entry to DB.
2022-08-04 22:07:22,603:db_repo:DEBUG:Adding An Entry to DB.
2022-08-04 22:07:22,612:db_repo:DEBUG:Adding An Entry to DB.
2022-08-04 22:07:24,450:db_repo:DEBUG:Adding An Entry to DB.
2022-08-04 22:07:24,462:db_repo:DEBUG:Adding An Entry to DB.
2022-08-04 22:07:25,981:db_repo:DEBUG:Adding An Entry to DB.
2022-08-04 22:07:25,994:db_repo:DEBUG:Adding An Entry to DB.
2022-08-04 22:07:27,480:db_repo:DEBUG:Adding An Entry to DB.
2022-08-04 22:07:27,492:db_repo:DEBUG:Adding An Entry to DB.
2022-08-04 22:07:29,103:db_repo:DEBUG:Adding An Entry to DB.
2022-08-04 22:07:29,114:db_repo:DEBUG:Adding An Entry to DB.
2022-08-04 22:07:30,655:db_repo:DEBUG:Adding An Entry to DB.
2022-08-04 22:07:30,667:db_repo:DEBUG:Adding An Entry to DB.
2022-08-04 22:07:31,865:db_repo:DEBUG:Adding An Entry to DB.
2022-08-04 22:07:31,878:db_repo:DEBUG:Adding An Entry to DB.
2022-08-04 22:07:31,891:db_repo:DEBUG:Adding An Entry to DB.
2022-08-04 22:07:31,908:db_repo:DEBUG:Adding An Entry to DB.
2022-08-04 22:07:31,918:db_repo:DEBUG:Adding An Entry to DB.
2022-08-04 22:07:31,927:db_repo:DEBUG:Adding An Entry to DB.
2022-08-04 22:07:31,940:db_repo:DEBUG:Adding An Entry to DB.
2022-08-04 22:07:31,950:db_repo:DEBUG:Adding An Entry to DB.
2022-08-04 22:07:31,960:db_repo:DEBUG:Adding An Entry to DB.
2022-08-04 22:07:31,974:db_repo:DEBUG:Adding An Entry to DB.
2022-08-04 22:07:31,983:db_repo:DEBUG:Adding An Entry to DB.
2022-08-04 22:07:31,993:db_repo:DEBUG:Adding An Entry to DB.
2022-08-04 22:07:32,003:db_repo:DEBUG:Adding An Entry to DB.
2022-08-04 22:07:32,013:db_repo:DEBUG:Adding An Entry to DB.
2022-08-04 22:07:32,024:db_repo:DEBUG:Adding An Entry to DB.
2022-08-04 22:07:32,035:db_repo:DEBUG:Adding An Entry to DB.
2022-08-04 22:07:32,044:db_repo:DEBUG:Adding An Entry to DB.
2022-08-04 22:07:32,054:db_repo:DEBUG:Adding An Entry to DB.
2022-08-04 22:07:32,066:db_repo:DEBUG:Adding An Entry to DB.
2022-08-04 22:07:32,077:db_repo:DEBUG:Adding An Entry to DB.
2022-08-04 22:07:32,087:db_repo:DEBUG:Adding An Entry to DB.
2022-08-04 22:07:32,098:db_repo:DEBUG:Adding An Entry to DB.
2022-08-04 22:07:32,107:db_repo:DEBUG:Adding An Entry to DB.
2022-08-04 22:07:32,125:db_repo:DEBUG:Adding An Entry to DB.
2022-08-04 22:07:32,144:db_repo:DEBUG:Adding An Entry to DB.
2022-08-04 22:07:32,160:db_repo:DEBUG:Adding An Entry to DB.
2022-08-04 22:07:32,172:db_repo:DEBUG:Adding An Entry to DB.
2022-08-04 22:07:32,183:db_repo:DEBUG:Adding An Entry to DB.
2022-08-04 22:07:32,193:db_repo:DEBUG:Adding An Entry to DB.
2022-08-04 22:07:32,203:db_repo:DEBUG:Adding An Entry to DB.
2022-08-04 22:07:32,217:db_repo:DEBUG:Adding An Entry to DB.
2022-08-04 22:07:32,251:db_repo:DEBUG:Adding An Entry to DB.
2022-08-04 22:07:32,264:db_repo:DEBUG:Adding An Entry to DB.
2022-08-04 22:07:32,282:db_repo:DEBUG:Adding An Entry to DB.
2022-08-04 22:07:32,297:db_repo:DEBUG:Adding An Entry to DB.
2022-08-04 22:07:32,308:db_repo:DEBUG:Adding An Entry to DB.
2022-08-04 22:07:32,322:db_repo:DEBUG:Adding An Entry to DB.
2022-08-04 22:07:32,337:db_repo:DEBUG:Adding An Entry to DB.
2022-08-04 22:07:32,350:db_repo:DEBUG:Adding An Entry to DB.
2022-08-04 22:10:14,878:db_repo:DEBUG:Adding An Entry to DB.
2022-08-04 22:10:14,951:db_repo:DEBUG:Adding An Entry to DB.
2022-08-04 22:10:27,495:facade_anonymus:DEBUG:Attempting Logging-in...
2022-08-04 22:10:27,816:facade_anonymus:INFO:Welcome, l10r
2022-08-04 22:10:27,827:facade_anonymus:DEBUG:Attempting Logging-in...
2022-08-04 22:10:27,916:facade_anonymus:INFO:Welcome, m4x1m
2022-08-04 22:10:27,921:facade_anonymus:DEBUG:Attempting Logging-in...
2022-08-04 22:10:28,014:facade_anonymus:INFO:Welcome, 3m1l
2022-08-04 22:10:28,021:db_repo:DEBUG:Reseting initial DB.
2022-08-04 22:10:28,021:db_repo:WARNING:deleting all tables.
2022-08-04 22:10:28,021:db_repo:WARNING:deleting table countries.
2022-08-04 22:10:28,072:db_repo:WARNING:deleting table flights.
2022-08-04 22:10:28,084:db_repo:WARNING:deleting table tickets.
2022-08-04 22:10:28,092:db_repo:WARNING:deleting table airline_companies.
2022-08-04 22:10:28,101:db_repo:WARNING:deleting table administrators.
2022-08-04 22:10:28,109:db_repo:WARNING:deleting table customers.
2022-08-04 22:10:28,117:db_repo:WARNING:deleting table users.
2022-08-04 22:10:28,123:db_repo:WARNING:deleting table user_roles.
2022-08-04 22:10:28,486:db_repo:DEBUG:Adding An Entry to DB.
2022-08-04 22:10:28,511:db_repo:DEBUG:Adding An Entry to DB.
2022-08-04 22:10:28,525:db_repo:DEBUG:Adding An Entry to DB.
2022-08-04 22:10:28,531:db_repo:DEBUG:Adding An Entry to DB.
2022-08-04 22:10:28,536:db_repo:DEBUG:Adding An Entry to DB.
2022-08-04 22:10:28,540:db_repo:DEBUG:Adding An Entry to DB.
2022-08-04 22:10:28,544:db_repo:DEBUG:Adding An Entry to DB.
2022-08-04 22:10:28,547:db_repo:DEBUG:Adding An Entry to DB.
2022-08-04 22:10:28,550:db_repo:DEBUG:Adding An Entry to DB.
2022-08-04 22:10:28,554:db_repo:DEBUG:Adding An Entry to DB.
2022-08-04 22:10:28,557:db_repo:DEBUG:Adding An Entry to DB.
2022-08-04 22:10:28,561:db_repo:DEBUG:Adding An Entry to DB.
2022-08-04 22:10:28,565:db_repo:DEBUG:Adding An Entry to DB.
2022-08-04 22:10:28,568:db_repo:DEBUG:Adding An Entry to DB.
2022-08-04 22:10:28,569:db_repo:DEBUG:Adding An Entry to DB.
2022-08-04 22:10:28,572:db_repo:DEBUG:Adding An Entry to DB.
2022-08-04 22:10:28,574:db_repo:DEBUG:Adding An Entry to DB.
2022-08-04 22:10:28,576:db_repo:DEBUG:Adding An Entry to DB.
2022-08-04 22:10:28,579:db_repo:DEBUG:Adding An Entry to DB.
2022-08-04 22:10:28,583:db_repo:DEBUG:Adding An Entry to DB.
2022-08-04 22:10:28,587:db_repo:DEBUG:Adding An Entry to DB.
2022-08-04 22:10:28,590:db_repo:DEBUG:Adding An Entry to DB.
2022-08-04 22:10:28,593:db_repo:DEBUG:Adding An Entry to DB.
2022-08-04 22:10:28,596:db_repo:DEBUG:Adding An Entry to DB.
2022-08-04 22:10:28,599:db_repo:DEBUG:Adding An Entry to DB.
2022-08-04 22:10:28,602:db_repo:DEBUG:Adding An Entry to DB.
2022-08-04 22:10:28,604:db_repo:DEBUG:Adding An Entry to DB.
2022-08-04 22:10:28,608:db_repo:DEBUG:Adding An Entry to DB.
2022-08-04 22:10:28,610:db_repo:DEBUG:Adding An Entry to DB.
2022-08-04 22:10:28,611:db_repo:DEBUG:Adding An Entry to DB.
2022-08-04 22:10:28,614:db_repo:DEBUG:Adding An Entry to DB.
2022-08-04 22:10:28,619:db_repo:DEBUG:Adding An Entry to DB.
2022-08-04 22:10:28,622:db_repo:DEBUG:Adding An Entry to DB.
2022-08-04 22:10:28,626:db_repo:DEBUG:Adding An Entry to DB.
2022-08-04 22:10:28,630:db_repo:DEBUG:Adding An Entry to DB.
2022-08-04 22:10:28,634:db_repo:DEBUG:Adding An Entry to DB.
2022-08-04 22:10:28,637:db_repo:DEBUG:Adding An Entry to DB.
2022-08-04 22:10:28,640:db_repo:DEBUG:Adding An Entry to DB.
2022-08-04 22:10:28,644:db_repo:DEBUG:Adding An Entry to DB.
2022-08-04 22:10:28,647:db_repo:DEBUG:Adding An Entry to DB.
2022-08-04 22:10:28,651:db_repo:DEBUG:Adding An Entry to DB.
2022-08-04 22:10:28,653:db_repo:DEBUG:Adding An Entry to DB.
2022-08-04 22:10:28,656:db_repo:DEBUG:Adding An Entry to DB.
2022-08-04 22:10:28,662:db_repo:DEBUG:Adding An Entry to DB.
2022-08-04 22:10:28,665:db_repo:DEBUG:Adding An Entry to DB.
2022-08-04 22:10:28,666:db_repo:DEBUG:Adding An Entry to DB.
2022-08-04 22:10:28,670:db_repo:DEBUG:Adding An Entry to DB.
2022-08-04 22:10:28,676:db_repo:DEBUG:Adding An Entry to DB.
2022-08-04 22:10:28,680:db_repo:DEBUG:Adding An Entry to DB.
2022-08-04 22:10:28,683:db_repo:DEBUG:Adding An Entry to DB.
2022-08-04 22:10:28,691:db_repo:DEBUG:Adding An Entry to DB.
2022-08-04 22:10:28,696:db_repo:DEBUG:Adding An Entry to DB.
2022-08-04 22:10:28,699:db_repo:DEBUG:Adding An Entry to DB.
2022-08-04 22:10:28,700:db_repo:DEBUG:Adding An Entry to DB.
2022-08-04 22:10:28,704:db_repo:DEBUG:Adding An Entry to DB.
2022-08-04 22:10:28,704:db_repo:DEBUG:Adding An Entry to DB.
2022-08-04 22:10:28,711:db_repo:DEBUG:Adding An Entry to DB.
2022-08-04 22:10:28,716:db_repo:DEBUG:Adding An Entry to DB.
2022-08-04 22:10:28,721:db_repo:DEBUG:Adding An Entry to DB.
2022-08-04 22:10:28,724:db_repo:DEBUG:Adding An Entry to DB.
2022-08-04 22:10:28,728:db_repo:DEBUG:Adding An Entry to DB.
2022-08-04 22:10:28,731:db_repo:DEBUG:Adding An Entry to DB.
2022-08-04 22:10:28,735:db_repo:DEBUG:Adding An Entry to DB.
2022-08-04 22:10:28,738:db_repo:DEBUG:Adding An Entry to DB.
2022-08-04 22:10:28,742:db_repo:DEBUG:Adding An Entry to DB.
2022-08-04 22:10:28,745:db_repo:DEBUG:Adding An Entry to DB.
2022-08-04 22:10:28,750:db_repo:DEBUG:Adding An Entry to DB.
2022-08-04 22:10:28,754:db_repo:DEBUG:Adding An Entry to DB.
2022-08-04 22:10:28,757:db_repo:DEBUG:Adding An Entry to DB.
2022-08-04 22:10:28,760:db_repo:DEBUG:Adding An Entry to DB.
2022-08-04 22:10:28,764:db_repo:DEBUG:Adding An Entry to DB.
2022-08-04 22:10:28,767:db_repo:DEBUG:Adding An Entry to DB.
2022-08-04 22:10:28,771:db_repo:DEBUG:Adding An Entry to DB.
2022-08-04 22:10:28,774:db_repo:DEBUG:Adding An Entry to DB.
2022-08-04 22:10:28,777:db_repo:DEBUG:Adding An Entry to DB.
2022-08-04 22:10:28,781:db_repo:DEBUG:Adding An Entry to DB.
2022-08-04 22:10:28,785:db_repo:DEBUG:Adding An Entry to DB.
2022-08-04 22:10:28,788:db_repo:DEBUG:Adding An Entry to DB.
2022-08-04 22:10:28,792:db_repo:DEBUG:Adding An Entry to DB.
2022-08-04 22:10:28,793:db_repo:DEBUG:Adding An Entry to DB.
2022-08-04 22:10:28,797:db_repo:DEBUG:Adding An Entry to DB.
2022-08-04 22:10:28,800:db_repo:DEBUG:Adding An Entry to DB.
2022-08-04 22:10:28,804:db_repo:DEBUG:Adding An Entry to DB.
2022-08-04 22:10:28,807:db_repo:DEBUG:Adding An Entry to DB.
2022-08-04 22:10:28,810:db_repo:DEBUG:Adding An Entry to DB.
2022-08-04 22:10:28,814:db_repo:DEBUG:Adding An Entry to DB.
2022-08-04 22:10:28,816:db_repo:DEBUG:Adding An Entry to DB.
2022-08-04 22:10:28,819:db_repo:DEBUG:Adding An Entry to DB.
2022-08-04 22:10:28,821:db_repo:DEBUG:Adding An Entry to DB.
2022-08-04 22:10:28,823:db_repo:DEBUG:Adding An Entry to DB.
2022-08-04 22:10:28,826:db_repo:DEBUG:Adding An Entry to DB.
2022-08-04 22:10:28,829:db_repo:DEBUG:Adding An Entry to DB.
2022-08-04 22:10:28,834:db_repo:DEBUG:Adding An Entry to DB.
2022-08-04 22:10:28,836:db_repo:DEBUG:Adding An Entry to DB.
2022-08-04 22:10:28,840:db_repo:DEBUG:Adding An Entry to DB.
2022-08-04 22:10:28,841:db_repo:DEBUG:Adding An Entry to DB.
2022-08-04 22:10:28,845:db_repo:DEBUG:Adding An Entry to DB.
2022-08-04 22:10:28,847:db_repo:DEBUG:Adding An Entry to DB.
2022-08-04 22:10:28,851:db_repo:DEBUG:Adding An Entry to DB.
2022-08-04 22:10:28,853:db_repo:DEBUG:Adding An Entry to DB.
2022-08-04 22:10:28,855:db_repo:DEBUG:Adding An Entry to DB.
2022-08-04 22:10:28,857:db_repo:DEBUG:Adding An Entry to DB.
2022-08-04 22:10:28,860:db_repo:DEBUG:Adding An Entry to DB.
2022-08-04 22:10:28,862:db_repo:DEBUG:Adding An Entry to DB.
2022-08-04 22:10:28,865:db_repo:DEBUG:Adding An Entry to DB.
2022-08-04 22:10:28,869:db_repo:DEBUG:Adding An Entry to DB.
2022-08-04 22:10:28,873:db_repo:DEBUG:Adding An Entry to DB.
2022-08-04 22:10:28,876:db_repo:DEBUG:Adding An Entry to DB.
2022-08-04 22:10:28,877:db_repo:DEBUG:Adding An Entry to DB.
2022-08-04 22:10:28,880:db_repo:DEBUG:Adding An Entry to DB.
2022-08-04 22:10:28,882:db_repo:DEBUG:Adding An Entry to DB.
2022-08-04 22:10:28,885:db_repo:DEBUG:Adding An Entry to DB.
2022-08-04 22:10:28,888:db_repo:DEBUG:Adding An Entry to DB.
2022-08-04 22:10:28,890:db_repo:DEBUG:Adding An Entry to DB.
2022-08-04 22:10:28,892:db_repo:DEBUG:Adding An Entry to DB.
2022-08-04 22:10:28,894:db_repo:DEBUG:Adding An Entry to DB.
2022-08-04 22:10:28,897:db_repo:DEBUG:Adding An Entry to DB.
2022-08-04 22:10:28,898:db_repo:DEBUG:Adding An Entry to DB.
2022-08-04 22:10:28,900:db_repo:DEBUG:Adding An Entry to DB.
2022-08-04 22:10:28,903:db_repo:DEBUG:Adding An Entry to DB.
2022-08-04 22:10:28,906:db_repo:DEBUG:Adding An Entry to DB.
2022-08-04 22:10:28,909:db_repo:DEBUG:Adding An Entry to DB.
2022-08-04 22:10:28,913:db_repo:DEBUG:Adding An Entry to DB.
2022-08-04 22:10:28,916:db_repo:DEBUG:Adding An Entry to DB.
2022-08-04 22:10:28,918:db_repo:DEBUG:Adding An Entry to DB.
2022-08-04 22:10:28,919:db_repo:DEBUG:Adding An Entry to DB.
2022-08-04 22:10:28,923:db_repo:DEBUG:Adding An Entry to DB.
2022-08-04 22:10:28,925:db_repo:DEBUG:Adding An Entry to DB.
2022-08-04 22:10:28,927:db_repo:DEBUG:Adding An Entry to DB.
2022-08-04 22:10:28,930:db_repo:DEBUG:Adding An Entry to DB.
2022-08-04 22:10:28,933:db_repo:DEBUG:Adding An Entry to DB.
2022-08-04 22:10:28,936:db_repo:DEBUG:Adding An Entry to DB.
2022-08-04 22:10:28,939:db_repo:DEBUG:Adding An Entry to DB.
2022-08-04 22:10:28,942:db_repo:DEBUG:Adding An Entry to DB.
2022-08-04 22:10:28,942:db_repo:DEBUG:Adding An Entry to DB.
2022-08-04 22:10:28,942:db_repo:DEBUG:Adding An Entry to DB.
2022-08-04 22:10:28,951:db_repo:DEBUG:Adding An Entry to DB.
2022-08-04 22:10:28,951:db_repo:DEBUG:Adding An Entry to DB.
2022-08-04 22:10:28,951:db_repo:DEBUG:Adding An Entry to DB.
2022-08-04 22:10:28,961:db_repo:DEBUG:Adding An Entry to DB.
2022-08-04 22:10:28,964:db_repo:DEBUG:Adding An Entry to DB.
2022-08-04 22:10:28,967:db_repo:DEBUG:Adding An Entry to DB.
2022-08-04 22:10:28,973:db_repo:DEBUG:Adding An Entry to DB.
2022-08-04 22:10:28,975:db_repo:DEBUG:Adding An Entry to DB.
2022-08-04 22:10:28,975:db_repo:DEBUG:Adding An Entry to DB.
2022-08-04 22:10:28,983:db_repo:DEBUG:Adding An Entry to DB.
2022-08-04 22:10:28,986:db_repo:DEBUG:Adding An Entry to DB.
2022-08-04 22:10:28,989:db_repo:DEBUG:Adding An Entry to DB.
2022-08-04 22:10:28,993:db_repo:DEBUG:Adding An Entry to DB.
2022-08-04 22:10:28,996:db_repo:DEBUG:Adding An Entry to DB.
2022-08-04 22:10:29,000:db_repo:DEBUG:Adding An Entry to DB.
2022-08-04 22:10:29,003:db_repo:DEBUG:Adding An Entry to DB.
2022-08-04 22:10:29,007:db_repo:DEBUG:Adding An Entry to DB.
2022-08-04 22:10:29,010:db_repo:DEBUG:Adding An Entry to DB.
2022-08-04 22:10:29,013:db_repo:DEBUG:Adding An Entry to DB.
2022-08-04 22:10:29,016:db_repo:DEBUG:Adding An Entry to DB.
2022-08-04 22:10:29,019:db_repo:DEBUG:Adding An Entry to DB.
2022-08-04 22:10:29,028:db_repo:DEBUG:Adding An Entry to DB.
2022-08-04 22:10:29,034:db_repo:DEBUG:Adding An Entry to DB.
2022-08-04 22:10:29,038:db_repo:DEBUG:Adding An Entry to DB.
2022-08-04 22:10:29,041:db_repo:DEBUG:Adding An Entry to DB.
2022-08-04 22:10:29,045:db_repo:DEBUG:Adding An Entry to DB.
2022-08-04 22:10:29,048:db_repo:DEBUG:Adding An Entry to DB.
2022-08-04 22:10:29,052:db_repo:DEBUG:Adding An Entry to DB.
2022-08-04 22:10:29,057:db_repo:DEBUG:Adding An Entry to DB.
2022-08-04 22:10:29,062:db_repo:DEBUG:Adding An Entry to DB.
2022-08-04 22:10:29,066:db_repo:DEBUG:Adding An Entry to DB.
2022-08-04 22:10:29,069:db_repo:DEBUG:Adding An Entry to DB.
2022-08-04 22:10:29,072:db_repo:DEBUG:Adding An Entry to DB.
2022-08-04 22:10:29,076:db_repo:DEBUG:Adding An Entry to DB.
2022-08-04 22:10:29,079:db_repo:DEBUG:Adding An Entry to DB.
2022-08-04 22:10:29,085:db_repo:DEBUG:Adding An Entry to DB.
2022-08-04 22:10:29,089:db_repo:DEBUG:Adding An Entry to DB.
2022-08-04 22:10:29,093:db_repo:DEBUG:Adding An Entry to DB.
2022-08-04 22:10:29,096:db_repo:DEBUG:Adding An Entry to DB.
2022-08-04 22:10:29,099:db_repo:DEBUG:Adding An Entry to DB.
2022-08-04 22:10:29,102:db_repo:DEBUG:Adding An Entry to DB.
2022-08-04 22:10:29,104:db_repo:DEBUG:Adding An Entry to DB.
2022-08-04 22:10:29,104:db_repo:DEBUG:Adding An Entry to DB.
2022-08-04 22:10:29,109:db_repo:DEBUG:Adding An Entry to DB.
2022-08-04 22:10:29,109:db_repo:DEBUG:Adding An Entry to DB.
2022-08-04 22:10:29,109:db_repo:DEBUG:Adding An Entry to DB.
2022-08-04 22:10:29,115:db_repo:DEBUG:Adding An Entry to DB.
2022-08-04 22:10:29,118:db_repo:DEBUG:Adding An Entry to DB.
2022-08-04 22:10:29,122:db_repo:DEBUG:Adding An Entry to DB.
2022-08-04 22:10:29,127:db_repo:DEBUG:Adding An Entry to DB.
2022-08-04 22:10:29,130:db_repo:DEBUG:Adding An Entry to DB.
2022-08-04 22:10:29,132:db_repo:DEBUG:Adding An Entry to DB.
2022-08-04 22:10:29,134:db_repo:DEBUG:Adding An Entry to DB.
2022-08-04 22:10:29,134:db_repo:DEBUG:Adding An Entry to DB.
2022-08-04 22:10:29,134:db_repo:DEBUG:Adding An Entry to DB.
2022-08-04 22:10:29,134:db_repo:DEBUG:Adding An Entry to DB.
2022-08-04 22:10:29,145:db_repo:DEBUG:Adding An Entry to DB.
2022-08-04 22:10:29,148:db_repo:DEBUG:Adding An Entry to DB.
2022-08-04 22:10:29,150:db_repo:DEBUG:Adding An Entry to DB.
2022-08-04 22:10:29,153:db_repo:DEBUG:Adding An Entry to DB.
2022-08-04 22:10:29,156:db_repo:DEBUG:Adding An Entry to DB.
2022-08-04 22:10:29,158:db_repo:DEBUG:Adding An Entry to DB.
2022-08-04 22:10:29,161:db_repo:DEBUG:Adding An Entry to DB.
2022-08-04 22:10:29,164:db_repo:DEBUG:Adding An Entry to DB.
2022-08-04 22:10:29,166:db_repo:DEBUG:Adding An Entry to DB.
2022-08-04 22:10:29,170:db_repo:DEBUG:Adding An Entry to DB.
2022-08-04 22:10:29,174:db_repo:DEBUG:Adding An Entry to DB.
2022-08-04 22:10:29,178:db_repo:DEBUG:Adding An Entry to DB.
2022-08-04 22:10:29,180:db_repo:DEBUG:Adding An Entry to DB.
2022-08-04 22:10:29,182:db_repo:DEBUG:Adding An Entry to DB.
2022-08-04 22:10:29,184:db_repo:DEBUG:Adding An Entry to DB.
2022-08-04 22:10:29,188:db_repo:DEBUG:Adding An Entry to DB.
2022-08-04 22:10:29,192:db_repo:DEBUG:Adding An Entry to DB.
2022-08-04 22:10:29,194:db_repo:DEBUG:Adding An Entry to DB.
2022-08-04 22:10:29,196:db_repo:DEBUG:Adding An Entry to DB.
2022-08-04 22:10:29,197:db_repo:DEBUG:Adding An Entry to DB.
2022-08-04 22:10:29,199:db_repo:DEBUG:Adding An Entry to DB.
2022-08-04 22:10:29,201:db_repo:DEBUG:Adding An Entry to DB.
2022-08-04 22:10:29,203:db_repo:DEBUG:Adding An Entry to DB.
2022-08-04 22:10:29,205:db_repo:DEBUG:Adding An Entry to DB.
2022-08-04 22:10:29,207:db_repo:DEBUG:Adding An Entry to DB.
2022-08-04 22:10:29,210:db_repo:DEBUG:Adding An Entry to DB.
2022-08-04 22:10:29,214:db_repo:DEBUG:Adding An Entry to DB.
2022-08-04 22:10:29,218:db_repo:DEBUG:Adding An Entry to DB.
2022-08-04 22:10:29,224:db_repo:DEBUG:Adding An Entry to DB.
2022-08-04 22:10:29,227:db_repo:DEBUG:Adding An Entry to DB.
2022-08-04 22:10:29,230:db_repo:DEBUG:Adding An Entry to DB.
2022-08-04 22:10:29,234:db_repo:DEBUG:Adding An Entry to DB.
2022-08-04 22:10:29,238:db_repo:DEBUG:Adding An Entry to DB.
2022-08-04 22:10:29,242:db_repo:DEBUG:Adding An Entry to DB.
2022-08-04 22:10:29,246:db_repo:DEBUG:Adding An Entry to DB.
2022-08-04 22:10:29,250:db_repo:DEBUG:Adding An Entry to DB.
2022-08-04 22:10:29,254:db_repo:DEBUG:Adding An Entry to DB.
2022-08-04 22:10:29,257:db_repo:DEBUG:Adding An Entry to DB.
2022-08-04 22:10:29,261:db_repo:DEBUG:Adding An Entry to DB.
2022-08-04 22:10:29,264:db_repo:DEBUG:Adding An Entry to DB.
2022-08-04 22:10:29,266:db_repo:DEBUG:Adding An Entry to DB.
2022-08-04 22:10:29,270:db_repo:DEBUG:Adding An Entry to DB.
2022-08-04 22:10:29,272:db_repo:DEBUG:Adding An Entry to DB.
2022-08-04 22:10:29,276:db_repo:DEBUG:Adding An Entry to DB.
2022-08-04 22:10:29,279:db_repo:DEBUG:Adding An Entry to DB.
2022-08-04 22:10:29,285:db_repo:DEBUG:Adding An Entry to DB.
2022-08-04 22:10:29,288:db_repo:DEBUG:Adding An Entry to DB.
2022-08-04 22:10:29,293:db_repo:DEBUG:Adding An Entry to DB.
2022-08-04 22:10:29,296:db_repo:DEBUG:Adding An Entry to DB.
2022-08-04 22:10:29,299:db_repo:DEBUG:Adding An Entry to DB.
2022-08-04 22:10:29,301:db_repo:DEBUG:Adding An Entry to DB.
2022-08-04 22:10:29,303:db_repo:DEBUG:Adding An Entry to DB.
2022-08-04 22:10:29,306:db_repo:DEBUG:Adding Multiple Entries to DB.
2022-08-04 22:10:29,879:db_repo:DEBUG:Adding Multiple Entries to DB.
2022-08-04 22:10:29,901:db_repo:DEBUG:Adding Multiple Entries to DB.
2022-08-04 22:10:29,909:db_repo:DEBUG:Adding Multiple Entries to DB.
2022-08-04 22:10:29,916:db_repo:DEBUG:Adding Multiple Entries to DB.
2022-08-04 22:10:29,925:db_repo:DEBUG:Adding Multiple Entries to DB.
2022-08-04 22:10:29,934:db_repo:DEBUG:Adding Multiple Entries to DB.
2022-08-04 22:10:30,002:db_repo:DEBUG:From C:\git\pyCodeBasement\FINAL_PROJECT\db_files\sp_file.sql - All SP were created.
2022-08-04 22:10:52,345:db_repo:DEBUG:Adding An Entry to DB.
2022-08-04 22:10:52,424:db_repo:DEBUG:Adding An Entry to DB.
2022-08-04 22:10:54,036:db_repo:DEBUG:Adding An Entry to DB.
2022-08-04 22:10:54,052:db_repo:DEBUG:Adding An Entry to DB.
2022-08-04 22:11:19,155:facade_anonymus:DEBUG:Attempting Logging-in...
2022-08-04 22:11:19,333:facade_anonymus:INFO:Welcome, l10r
2022-08-04 22:11:19,340:facade_anonymus:DEBUG:Attempting Logging-in...
2022-08-04 22:11:19,435:facade_anonymus:INFO:Welcome, m4x1m
2022-08-04 22:11:19,441:facade_anonymus:DEBUG:Attempting Logging-in...
2022-08-04 22:11:19,530:facade_anonymus:INFO:Welcome, 3m1l
2022-08-04 22:11:19,538:db_repo:DEBUG:Reseting initial DB.
2022-08-04 22:11:19,539:db_repo:WARNING:deleting all tables.
2022-08-04 22:11:19,539:db_repo:WARNING:deleting table countries.
2022-08-04 22:11:19,548:db_repo:WARNING:deleting table flights.
2022-08-04 22:11:19,554:db_repo:WARNING:deleting table tickets.
2022-08-04 22:11:19,560:db_repo:WARNING:deleting table airline_companies.
2022-08-04 22:11:19,568:db_repo:WARNING:deleting table administrators.
2022-08-04 22:11:19,575:db_repo:WARNING:deleting table customers.
2022-08-04 22:11:19,584:db_repo:WARNING:deleting table users.
2022-08-04 22:11:19,592:db_repo:WARNING:deleting table user_roles.
2022-08-04 22:11:19,895:db_repo:DEBUG:Adding An Entry to DB.
2022-08-04 22:11:19,934:db_repo:DEBUG:Adding An Entry to DB.
2022-08-04 22:11:19,939:db_repo:DEBUG:Adding An Entry to DB.
2022-08-04 22:11:19,943:db_repo:DEBUG:Adding An Entry to DB.
2022-08-04 22:11:19,947:db_repo:DEBUG:Adding An Entry to DB.
2022-08-04 22:11:19,950:db_repo:DEBUG:Adding An Entry to DB.
2022-08-04 22:11:19,953:db_repo:DEBUG:Adding An Entry to DB.
2022-08-04 22:11:19,955:db_repo:DEBUG:Adding An Entry to DB.
2022-08-04 22:11:19,958:db_repo:DEBUG:Adding An Entry to DB.
2022-08-04 22:11:19,960:db_repo:DEBUG:Adding An Entry to DB.
2022-08-04 22:11:19,962:db_repo:DEBUG:Adding An Entry to DB.
2022-08-04 22:11:19,964:db_repo:DEBUG:Adding An Entry to DB.
2022-08-04 22:11:19,967:db_repo:DEBUG:Adding An Entry to DB.
2022-08-04 22:11:19,969:db_repo:DEBUG:Adding An Entry to DB.
2022-08-04 22:11:19,979:db_repo:DEBUG:Adding An Entry to DB.
2022-08-04 22:11:19,981:db_repo:DEBUG:Adding An Entry to DB.
2022-08-04 22:11:19,983:db_repo:DEBUG:Adding An Entry to DB.
2022-08-04 22:11:19,985:db_repo:DEBUG:Adding An Entry to DB.
2022-08-04 22:11:19,988:db_repo:DEBUG:Adding An Entry to DB.
2022-08-04 22:11:19,992:db_repo:DEBUG:Adding An Entry to DB.
2022-08-04 22:11:19,995:db_repo:DEBUG:Adding An Entry to DB.
2022-08-04 22:11:19,999:db_repo:DEBUG:Adding An Entry to DB.
2022-08-04 22:11:20,002:db_repo:DEBUG:Adding An Entry to DB.
2022-08-04 22:11:20,006:db_repo:DEBUG:Adding An Entry to DB.
2022-08-04 22:11:20,013:db_repo:DEBUG:Adding An Entry to DB.
2022-08-04 22:11:20,016:db_repo:DEBUG:Adding An Entry to DB.
2022-08-04 22:11:20,020:db_repo:DEBUG:Adding An Entry to DB.
2022-08-04 22:11:20,024:db_repo:DEBUG:Adding An Entry to DB.
2022-08-04 22:11:20,027:db_repo:DEBUG:Adding An Entry to DB.
2022-08-04 22:11:20,030:db_repo:DEBUG:Adding An Entry to DB.
2022-08-04 22:11:20,034:db_repo:DEBUG:Adding An Entry to DB.
2022-08-04 22:11:20,037:db_repo:DEBUG:Adding An Entry to DB.
2022-08-04 22:11:20,041:db_repo:DEBUG:Adding An Entry to DB.
2022-08-04 22:11:20,044:db_repo:DEBUG:Adding An Entry to DB.
2022-08-04 22:11:20,048:db_repo:DEBUG:Adding An Entry to DB.
2022-08-04 22:11:20,051:db_repo:DEBUG:Adding An Entry to DB.
2022-08-04 22:11:20,054:db_repo:DEBUG:Adding An Entry to DB.
2022-08-04 22:11:20,069:db_repo:DEBUG:Adding An Entry to DB.
2022-08-04 22:11:20,071:db_repo:DEBUG:Adding An Entry to DB.
2022-08-04 22:11:20,076:db_repo:DEBUG:Adding An Entry to DB.
2022-08-04 22:11:20,079:db_repo:DEBUG:Adding An Entry to DB.
2022-08-04 22:11:20,083:db_repo:DEBUG:Adding An Entry to DB.
2022-08-04 22:11:20,086:db_repo:DEBUG:Adding An Entry to DB.
2022-08-04 22:11:20,089:db_repo:DEBUG:Adding An Entry to DB.
2022-08-04 22:11:20,092:db_repo:DEBUG:Adding An Entry to DB.
2022-08-04 22:11:20,097:db_repo:DEBUG:Adding An Entry to DB.
2022-08-04 22:11:20,100:db_repo:DEBUG:Adding An Entry to DB.
2022-08-04 22:11:20,104:db_repo:DEBUG:Adding An Entry to DB.
2022-08-04 22:11:20,108:db_repo:DEBUG:Adding An Entry to DB.
2022-08-04 22:11:20,111:db_repo:DEBUG:Adding An Entry to DB.
2022-08-04 22:11:20,114:db_repo:DEBUG:Adding An Entry to DB.
2022-08-04 22:11:20,117:db_repo:DEBUG:Adding An Entry to DB.
2022-08-04 22:11:20,121:db_repo:DEBUG:Adding An Entry to DB.
2022-08-04 22:11:20,124:db_repo:DEBUG:Adding An Entry to DB.
2022-08-04 22:11:20,130:db_repo:DEBUG:Adding An Entry to DB.
2022-08-04 22:11:20,133:db_repo:DEBUG:Adding An Entry to DB.
2022-08-04 22:11:20,137:db_repo:DEBUG:Adding An Entry to DB.
2022-08-04 22:11:20,140:db_repo:DEBUG:Adding An Entry to DB.
2022-08-04 22:11:20,144:db_repo:DEBUG:Adding An Entry to DB.
2022-08-04 22:11:20,147:db_repo:DEBUG:Adding An Entry to DB.
2022-08-04 22:11:20,150:db_repo:DEBUG:Adding An Entry to DB.
2022-08-04 22:11:20,154:db_repo:DEBUG:Adding An Entry to DB.
2022-08-04 22:11:20,157:db_repo:DEBUG:Adding An Entry to DB.
2022-08-04 22:11:20,160:db_repo:DEBUG:Adding An Entry to DB.
2022-08-04 22:11:20,162:db_repo:DEBUG:Adding An Entry to DB.
2022-08-04 22:11:20,165:db_repo:DEBUG:Adding An Entry to DB.
2022-08-04 22:11:20,168:db_repo:DEBUG:Adding An Entry to DB.
2022-08-04 22:11:20,171:db_repo:DEBUG:Adding An Entry to DB.
2022-08-04 22:11:20,174:db_repo:DEBUG:Adding An Entry to DB.
2022-08-04 22:11:20,176:db_repo:DEBUG:Adding An Entry to DB.
2022-08-04 22:11:20,179:db_repo:DEBUG:Adding An Entry to DB.
2022-08-04 22:11:20,181:db_repo:DEBUG:Adding An Entry to DB.
2022-08-04 22:11:20,183:db_repo:DEBUG:Adding An Entry to DB.
2022-08-04 22:11:20,185:db_repo:DEBUG:Adding An Entry to DB.
2022-08-04 22:11:20,189:db_repo:DEBUG:Adding An Entry to DB.
2022-08-04 22:11:20,192:db_repo:DEBUG:Adding An Entry to DB.
2022-08-04 22:11:20,196:db_repo:DEBUG:Adding An Entry to DB.
2022-08-04 22:11:20,199:db_repo:DEBUG:Adding An Entry to DB.
2022-08-04 22:11:20,201:db_repo:DEBUG:Adding An Entry to DB.
2022-08-04 22:11:20,203:db_repo:DEBUG:Adding An Entry to DB.
2022-08-04 22:11:20,206:db_repo:DEBUG:Adding An Entry to DB.
2022-08-04 22:11:20,209:db_repo:DEBUG:Adding An Entry to DB.
2022-08-04 22:11:20,212:db_repo:DEBUG:Adding An Entry to DB.
2022-08-04 22:11:20,213:db_repo:DEBUG:Adding An Entry to DB.
2022-08-04 22:11:20,216:db_repo:DEBUG:Adding An Entry to DB.
2022-08-04 22:11:20,219:db_repo:DEBUG:Adding An Entry to DB.
2022-08-04 22:11:20,222:db_repo:DEBUG:Adding An Entry to DB.
2022-08-04 22:11:20,224:db_repo:DEBUG:Adding An Entry to DB.
2022-08-04 22:11:20,227:db_repo:DEBUG:Adding An Entry to DB.
2022-08-04 22:11:20,229:db_repo:DEBUG:Adding An Entry to DB.
2022-08-04 22:11:20,231:db_repo:DEBUG:Adding An Entry to DB.
2022-08-04 22:11:20,233:db_repo:DEBUG:Adding An Entry to DB.
2022-08-04 22:11:20,236:db_repo:DEBUG:Adding An Entry to DB.
2022-08-04 22:11:20,238:db_repo:DEBUG:Adding An Entry to DB.
2022-08-04 22:11:20,239:db_repo:DEBUG:Adding An Entry to DB.
2022-08-04 22:11:20,242:db_repo:DEBUG:Adding An Entry to DB.
2022-08-04 22:11:20,244:db_repo:DEBUG:Adding An Entry to DB.
2022-08-04 22:11:20,246:db_repo:DEBUG:Adding An Entry to DB.
2022-08-04 22:11:20,247:db_repo:DEBUG:Adding An Entry to DB.
2022-08-04 22:11:20,252:db_repo:DEBUG:Adding An Entry to DB.
2022-08-04 22:11:20,256:db_repo:DEBUG:Adding An Entry to DB.
2022-08-04 22:11:20,262:db_repo:DEBUG:Adding An Entry to DB.
2022-08-04 22:11:20,265:db_repo:DEBUG:Adding An Entry to DB.
2022-08-04 22:11:20,268:db_repo:DEBUG:Adding An Entry to DB.
2022-08-04 22:11:20,271:db_repo:DEBUG:Adding An Entry to DB.
2022-08-04 22:11:20,273:db_repo:DEBUG:Adding An Entry to DB.
2022-08-04 22:11:20,276:db_repo:DEBUG:Adding An Entry to DB.
2022-08-04 22:11:20,278:db_repo:DEBUG:Adding An Entry to DB.
2022-08-04 22:11:20,280:db_repo:DEBUG:Adding An Entry to DB.
2022-08-04 22:11:20,283:db_repo:DEBUG:Adding An Entry to DB.
2022-08-04 22:11:20,286:db_repo:DEBUG:Adding An Entry to DB.
2022-08-04 22:11:20,288:db_repo:DEBUG:Adding An Entry to DB.
2022-08-04 22:11:20,290:db_repo:DEBUG:Adding An Entry to DB.
2022-08-04 22:11:20,292:db_repo:DEBUG:Adding An Entry to DB.
2022-08-04 22:11:20,295:db_repo:DEBUG:Adding An Entry to DB.
2022-08-04 22:11:20,297:db_repo:DEBUG:Adding An Entry to DB.
2022-08-04 22:11:20,299:db_repo:DEBUG:Adding An Entry to DB.
2022-08-04 22:11:20,301:db_repo:DEBUG:Adding An Entry to DB.
2022-08-04 22:11:20,303:db_repo:DEBUG:Adding An Entry to DB.
2022-08-04 22:11:20,306:db_repo:DEBUG:Adding An Entry to DB.
2022-08-04 22:11:20,308:db_repo:DEBUG:Adding An Entry to DB.
2022-08-04 22:11:20,311:db_repo:DEBUG:Adding An Entry to DB.
2022-08-04 22:11:20,314:db_repo:DEBUG:Adding An Entry to DB.
2022-08-04 22:11:20,317:db_repo:DEBUG:Adding An Entry to DB.
2022-08-04 22:11:20,322:db_repo:DEBUG:Adding An Entry to DB.
2022-08-04 22:11:20,324:db_repo:DEBUG:Adding An Entry to DB.
2022-08-04 22:11:20,326:db_repo:DEBUG:Adding An Entry to DB.
2022-08-04 22:11:20,329:db_repo:DEBUG:Adding An Entry to DB.
2022-08-04 22:11:20,331:db_repo:DEBUG:Adding An Entry to DB.
2022-08-04 22:11:20,334:db_repo:DEBUG:Adding An Entry to DB.
2022-08-04 22:11:20,337:db_repo:DEBUG:Adding An Entry to DB.
2022-08-04 22:11:20,338:db_repo:DEBUG:Adding An Entry to DB.
2022-08-04 22:11:20,341:db_repo:DEBUG:Adding An Entry to DB.
2022-08-04 22:11:20,345:db_repo:DEBUG:Adding An Entry to DB.
2022-08-04 22:11:20,348:db_repo:DEBUG:Adding An Entry to DB.
2022-08-04 22:11:20,351:db_repo:DEBUG:Adding An Entry to DB.
2022-08-04 22:11:20,353:db_repo:DEBUG:Adding An Entry to DB.
2022-08-04 22:11:20,358:db_repo:DEBUG:Adding An Entry to DB.
2022-08-04 22:11:20,360:db_repo:DEBUG:Adding An Entry to DB.
2022-08-04 22:11:20,363:db_repo:DEBUG:Adding An Entry to DB.
2022-08-04 22:11:20,366:db_repo:DEBUG:Adding An Entry to DB.
2022-08-04 22:11:20,369:db_repo:DEBUG:Adding An Entry to DB.
2022-08-04 22:11:20,371:db_repo:DEBUG:Adding An Entry to DB.
2022-08-04 22:11:20,375:db_repo:DEBUG:Adding An Entry to DB.
2022-08-04 22:11:20,378:db_repo:DEBUG:Adding An Entry to DB.
2022-08-04 22:11:20,381:db_repo:DEBUG:Adding An Entry to DB.
2022-08-04 22:11:20,386:db_repo:DEBUG:Adding An Entry to DB.
2022-08-04 22:11:20,391:db_repo:DEBUG:Adding An Entry to DB.
2022-08-04 22:11:20,393:db_repo:DEBUG:Adding An Entry to DB.
2022-08-04 22:11:20,397:db_repo:DEBUG:Adding An Entry to DB.
2022-08-04 22:11:20,399:db_repo:DEBUG:Adding An Entry to DB.
2022-08-04 22:11:20,403:db_repo:DEBUG:Adding An Entry to DB.
2022-08-04 22:11:20,406:db_repo:DEBUG:Adding An Entry to DB.
2022-08-04 22:11:20,410:db_repo:DEBUG:Adding An Entry to DB.
2022-08-04 22:11:20,413:db_repo:DEBUG:Adding An Entry to DB.
2022-08-04 22:11:20,417:db_repo:DEBUG:Adding An Entry to DB.
2022-08-04 22:11:20,420:db_repo:DEBUG:Adding An Entry to DB.
2022-08-04 22:11:20,423:db_repo:DEBUG:Adding An Entry to DB.
2022-08-04 22:11:20,426:db_repo:DEBUG:Adding An Entry to DB.
2022-08-04 22:11:20,429:db_repo:DEBUG:Adding An Entry to DB.
2022-08-04 22:11:20,432:db_repo:DEBUG:Adding An Entry to DB.
2022-08-04 22:11:20,436:db_repo:DEBUG:Adding An Entry to DB.
2022-08-04 22:11:20,440:db_repo:DEBUG:Adding An Entry to DB.
2022-08-04 22:11:20,445:db_repo:DEBUG:Adding An Entry to DB.
2022-08-04 22:11:20,448:db_repo:DEBUG:Adding An Entry to DB.
2022-08-04 22:11:20,453:db_repo:DEBUG:Adding An Entry to DB.
2022-08-04 22:11:20,456:db_repo:DEBUG:Adding An Entry to DB.
2022-08-04 22:11:20,460:db_repo:DEBUG:Adding An Entry to DB.
2022-08-04 22:11:20,463:db_repo:DEBUG:Adding An Entry to DB.
2022-08-04 22:11:20,466:db_repo:DEBUG:Adding An Entry to DB.
2022-08-04 22:11:20,470:db_repo:DEBUG:Adding An Entry to DB.
2022-08-04 22:11:20,473:db_repo:DEBUG:Adding An Entry to DB.
2022-08-04 22:11:20,477:db_repo:DEBUG:Adding An Entry to DB.
2022-08-04 22:11:20,480:db_repo:DEBUG:Adding An Entry to DB.
2022-08-04 22:11:20,483:db_repo:DEBUG:Adding An Entry to DB.
2022-08-04 22:11:20,486:db_repo:DEBUG:Adding An Entry to DB.
2022-08-04 22:11:20,489:db_repo:DEBUG:Adding An Entry to DB.
2022-08-04 22:11:20,491:db_repo:DEBUG:Adding An Entry to DB.
2022-08-04 22:11:20,493:db_repo:DEBUG:Adding An Entry to DB.
2022-08-04 22:11:20,496:db_repo:DEBUG:Adding An Entry to DB.
2022-08-04 22:11:20,500:db_repo:DEBUG:Adding An Entry to DB.
2022-08-04 22:11:20,504:db_repo:DEBUG:Adding An Entry to DB.
2022-08-04 22:11:20,510:db_repo:DEBUG:Adding An Entry to DB.
2022-08-04 22:11:20,512:db_repo:DEBUG:Adding An Entry to DB.
2022-08-04 22:11:20,514:db_repo:DEBUG:Adding An Entry to DB.
2022-08-04 22:11:20,516:db_repo:DEBUG:Adding An Entry to DB.
2022-08-04 22:11:20,518:db_repo:DEBUG:Adding An Entry to DB.
2022-08-04 22:11:20,520:db_repo:DEBUG:Adding An Entry to DB.
2022-08-04 22:11:20,522:db_repo:DEBUG:Adding An Entry to DB.
2022-08-04 22:11:20,524:db_repo:DEBUG:Adding An Entry to DB.
2022-08-04 22:11:20,526:db_repo:DEBUG:Adding An Entry to DB.
2022-08-04 22:11:20,528:db_repo:DEBUG:Adding An Entry to DB.
2022-08-04 22:11:20,531:db_repo:DEBUG:Adding An Entry to DB.
2022-08-04 22:11:20,534:db_repo:DEBUG:Adding An Entry to DB.
2022-08-04 22:11:20,538:db_repo:DEBUG:Adding An Entry to DB.
2022-08-04 22:11:20,541:db_repo:DEBUG:Adding An Entry to DB.
2022-08-04 22:11:20,543:db_repo:DEBUG:Adding An Entry to DB.
2022-08-04 22:11:20,545:db_repo:DEBUG:Adding An Entry to DB.
2022-08-04 22:11:20,546:db_repo:DEBUG:Adding An Entry to DB.
2022-08-04 22:11:20,548:db_repo:DEBUG:Adding An Entry to DB.
2022-08-04 22:11:20,550:db_repo:DEBUG:Adding An Entry to DB.
2022-08-04 22:11:20,552:db_repo:DEBUG:Adding An Entry to DB.
2022-08-04 22:11:20,555:db_repo:DEBUG:Adding An Entry to DB.
2022-08-04 22:11:20,557:db_repo:DEBUG:Adding An Entry to DB.
2022-08-04 22:11:20,558:db_repo:DEBUG:Adding An Entry to DB.
2022-08-04 22:11:20,560:db_repo:DEBUG:Adding An Entry to DB.
2022-08-04 22:11:20,563:db_repo:DEBUG:Adding An Entry to DB.
2022-08-04 22:11:20,565:db_repo:DEBUG:Adding An Entry to DB.
2022-08-04 22:11:20,569:db_repo:DEBUG:Adding An Entry to DB.
2022-08-04 22:11:20,571:db_repo:DEBUG:Adding An Entry to DB.
2022-08-04 22:11:20,573:db_repo:DEBUG:Adding An Entry to DB.
2022-08-04 22:11:20,575:db_repo:DEBUG:Adding An Entry to DB.
2022-08-04 22:11:20,576:db_repo:DEBUG:Adding An Entry to DB.
2022-08-04 22:11:20,578:db_repo:DEBUG:Adding An Entry to DB.
2022-08-04 22:11:20,580:db_repo:DEBUG:Adding An Entry to DB.
2022-08-04 22:11:20,582:db_repo:DEBUG:Adding An Entry to DB.
2022-08-04 22:11:20,584:db_repo:DEBUG:Adding An Entry to DB.
2022-08-04 22:11:20,586:db_repo:DEBUG:Adding An Entry to DB.
2022-08-04 22:11:20,588:db_repo:DEBUG:Adding An Entry to DB.
2022-08-04 22:11:20,590:db_repo:DEBUG:Adding An Entry to DB.
2022-08-04 22:11:20,593:db_repo:DEBUG:Adding An Entry to DB.
2022-08-04 22:11:20,596:db_repo:DEBUG:Adding An Entry to DB.
2022-08-04 22:11:20,600:db_repo:DEBUG:Adding An Entry to DB.
2022-08-04 22:11:20,601:db_repo:DEBUG:Adding An Entry to DB.
2022-08-04 22:11:20,603:db_repo:DEBUG:Adding An Entry to DB.
2022-08-04 22:11:20,606:db_repo:DEBUG:Adding An Entry to DB.
2022-08-04 22:11:20,608:db_repo:DEBUG:Adding An Entry to DB.
2022-08-04 22:11:20,610:db_repo:DEBUG:Adding An Entry to DB.
2022-08-04 22:11:20,613:db_repo:DEBUG:Adding An Entry to DB.
2022-08-04 22:11:20,615:db_repo:DEBUG:Adding An Entry to DB.
2022-08-04 22:11:20,616:db_repo:DEBUG:Adding An Entry to DB.
2022-08-04 22:11:20,618:db_repo:DEBUG:Adding An Entry to DB.
2022-08-04 22:11:20,620:db_repo:DEBUG:Adding An Entry to DB.
2022-08-04 22:11:20,624:db_repo:DEBUG:Adding An Entry to DB.
2022-08-04 22:11:20,627:db_repo:DEBUG:Adding An Entry to DB.
2022-08-04 22:11:20,632:db_repo:DEBUG:Adding An Entry to DB.
2022-08-04 22:11:20,636:db_repo:DEBUG:Adding An Entry to DB.
2022-08-04 22:11:20,639:db_repo:DEBUG:Adding An Entry to DB.
2022-08-04 22:11:20,642:db_repo:DEBUG:Adding An Entry to DB.
2022-08-04 22:11:20,645:db_repo:DEBUG:Adding An Entry to DB.
2022-08-04 22:11:20,648:db_repo:DEBUG:Adding An Entry to DB.
2022-08-04 22:11:20,651:db_repo:DEBUG:Adding An Entry to DB.
2022-08-04 22:11:20,655:db_repo:DEBUG:Adding An Entry to DB.
2022-08-04 22:11:20,658:db_repo:DEBUG:Adding An Entry to DB.
2022-08-04 22:11:20,662:db_repo:DEBUG:Adding Multiple Entries to DB.
2022-08-04 22:11:21,230:db_repo:DEBUG:Adding Multiple Entries to DB.
2022-08-04 22:11:21,243:db_repo:DEBUG:Adding Multiple Entries to DB.
2022-08-04 22:11:21,251:db_repo:DEBUG:Adding Multiple Entries to DB.
2022-08-04 22:11:21,260:db_repo:DEBUG:Adding Multiple Entries to DB.
2022-08-04 22:11:21,268:db_repo:DEBUG:Adding Multiple Entries to DB.
2022-08-04 22:11:21,275:db_repo:DEBUG:Adding Multiple Entries to DB.
2022-08-04 22:11:21,331:db_repo:DEBUG:From C:\git\pyCodeBasement\FINAL_PROJECT\db_files\sp_file.sql - All SP were created.
2022-08-04 22:11:52,632:db_repo:DEBUG:Adding An Entry to DB.
2022-08-04 22:11:52,707:db_repo:DEBUG:Adding An Entry to DB.
2022-08-04 22:11:53,924:db_repo:DEBUG:Adding An Entry to DB.
2022-08-04 22:11:53,936:db_repo:DEBUG:Adding An Entry to DB.
2022-08-04 22:11:55,171:db_repo:DEBUG:Adding An Entry to DB.
2022-08-04 22:11:55,182:db_repo:DEBUG:Adding An Entry to DB.
2022-08-04 22:11:56,474:db_repo:DEBUG:Adding An Entry to DB.
2022-08-04 22:11:56,482:db_repo:DEBUG:Adding An Entry to DB.
2022-08-04 22:11:57,702:db_repo:DEBUG:Adding An Entry to DB.
2022-08-04 22:11:57,712:db_repo:DEBUG:Adding An Entry to DB.
2022-08-04 22:11:57,722:db_repo:DEBUG:Adding An Entry to DB.
2022-08-04 22:11:57,733:db_repo:DEBUG:Adding An Entry to DB.
2022-08-04 22:11:57,748:db_repo:DEBUG:Adding An Entry to DB.
2022-08-04 22:11:57,775:db_repo:DEBUG:Adding An Entry to DB.
2022-08-04 22:11:57,792:db_repo:DEBUG:Adding An Entry to DB.
2022-08-04 22:11:57,810:db_repo:DEBUG:Adding An Entry to DB.
2022-08-04 22:11:57,826:db_repo:DEBUG:Adding An Entry to DB.
2022-08-04 22:11:57,845:db_repo:DEBUG:Adding An Entry to DB.
2022-08-04 22:11:57,860:db_repo:DEBUG:Adding An Entry to DB.
2022-08-04 22:12:23,182:db_repo:DEBUG:Adding An Entry to DB.
2022-08-04 22:12:23,196:db_repo:DEBUG:Adding An Entry to DB.
2022-08-04 22:12:24,122:db_repo:DEBUG:Adding An Entry to DB.
2022-08-04 22:12:24,133:db_repo:DEBUG:Adding An Entry to DB.
2022-08-04 22:12:30,561:facade_anonymus:DEBUG:Attempting Logging-in...
2022-08-04 22:12:30,731:facade_anonymus:INFO:Welcome, l10r
2022-08-04 22:12:30,737:facade_anonymus:DEBUG:Attempting Logging-in...
2022-08-04 22:12:30,819:facade_anonymus:INFO:Welcome, m4x1m
2022-08-04 22:12:30,825:facade_anonymus:DEBUG:Attempting Logging-in...
2022-08-04 22:12:30,907:facade_anonymus:INFO:Welcome, 3m1l
2022-08-04 22:12:30,915:db_repo:DEBUG:Reseting initial DB.
2022-08-04 22:12:30,915:db_repo:WARNING:deleting all tables.
2022-08-04 22:12:30,915:db_repo:WARNING:deleting table countries.
2022-08-04 22:12:30,929:db_repo:WARNING:deleting table flights.
2022-08-04 22:12:30,939:db_repo:WARNING:deleting table tickets.
2022-08-04 22:12:30,945:db_repo:WARNING:deleting table airline_companies.
2022-08-04 22:12:30,952:db_repo:WARNING:deleting table administrators.
2022-08-04 22:12:30,963:db_repo:WARNING:deleting table customers.
2022-08-04 22:12:30,973:db_repo:WARNING:deleting table users.
2022-08-04 22:12:30,979:db_repo:WARNING:deleting table user_roles.
2022-08-04 22:12:31,315:db_repo:DEBUG:Adding An Entry to DB.
2022-08-04 22:12:31,337:db_repo:DEBUG:Adding An Entry to DB.
2022-08-04 22:12:31,355:db_repo:DEBUG:Adding An Entry to DB.
2022-08-04 22:12:31,360:db_repo:DEBUG:Adding An Entry to DB.
2022-08-04 22:12:31,365:db_repo:DEBUG:Adding An Entry to DB.
2022-08-04 22:12:31,369:db_repo:DEBUG:Adding An Entry to DB.
2022-08-04 22:12:31,372:db_repo:DEBUG:Adding An Entry to DB.
2022-08-04 22:12:31,376:db_repo:DEBUG:Adding An Entry to DB.
2022-08-04 22:12:31,380:db_repo:DEBUG:Adding An Entry to DB.
2022-08-04 22:12:31,383:db_repo:DEBUG:Adding An Entry to DB.
2022-08-04 22:12:31,386:db_repo:DEBUG:Adding An Entry to DB.
2022-08-04 22:12:31,389:db_repo:DEBUG:Adding An Entry to DB.
2022-08-04 22:12:31,393:db_repo:DEBUG:Adding An Entry to DB.
2022-08-04 22:12:31,396:db_repo:DEBUG:Adding An Entry to DB.
2022-08-04 22:12:31,398:db_repo:DEBUG:Adding An Entry to DB.
2022-08-04 22:12:31,403:db_repo:DEBUG:Adding An Entry to DB.
2022-08-04 22:12:31,407:db_repo:DEBUG:Adding An Entry to DB.
2022-08-04 22:12:31,410:db_repo:DEBUG:Adding An Entry to DB.
2022-08-04 22:12:31,414:db_repo:DEBUG:Adding An Entry to DB.
2022-08-04 22:12:31,416:db_repo:DEBUG:Adding An Entry to DB.
2022-08-04 22:12:31,419:db_repo:DEBUG:Adding An Entry to DB.
2022-08-04 22:12:31,423:db_repo:DEBUG:Adding An Entry to DB.
2022-08-04 22:12:31,426:db_repo:DEBUG:Adding An Entry to DB.
2022-08-04 22:12:31,429:db_repo:DEBUG:Adding An Entry to DB.
2022-08-04 22:12:31,432:db_repo:DEBUG:Adding An Entry to DB.
2022-08-04 22:12:31,434:db_repo:DEBUG:Adding An Entry to DB.
2022-08-04 22:12:31,438:db_repo:DEBUG:Adding An Entry to DB.
2022-08-04 22:12:31,441:db_repo:DEBUG:Adding An Entry to DB.
2022-08-04 22:12:31,445:db_repo:DEBUG:Adding An Entry to DB.
2022-08-04 22:12:31,450:db_repo:DEBUG:Adding An Entry to DB.
2022-08-04 22:12:31,453:db_repo:DEBUG:Adding An Entry to DB.
2022-08-04 22:12:31,462:db_repo:DEBUG:Adding An Entry to DB.
2022-08-04 22:12:31,466:db_repo:DEBUG:Adding An Entry to DB.
2022-08-04 22:12:31,469:db_repo:DEBUG:Adding An Entry to DB.
2022-08-04 22:12:31,472:db_repo:DEBUG:Adding An Entry to DB.
2022-08-04 22:12:31,475:db_repo:DEBUG:Adding An Entry to DB.
2022-08-04 22:12:31,478:db_repo:DEBUG:Adding An Entry to DB.
2022-08-04 22:12:31,480:db_repo:DEBUG:Adding An Entry to DB.
2022-08-04 22:12:31,483:db_repo:DEBUG:Adding An Entry to DB.
2022-08-04 22:12:31,486:db_repo:DEBUG:Adding An Entry to DB.
2022-08-04 22:12:31,489:db_repo:DEBUG:Adding An Entry to DB.
2022-08-04 22:12:31,493:db_repo:DEBUG:Adding An Entry to DB.
2022-08-04 22:12:31,496:db_repo:DEBUG:Adding An Entry to DB.
2022-08-04 22:12:31,499:db_repo:DEBUG:Adding An Entry to DB.
2022-08-04 22:12:31,503:db_repo:DEBUG:Adding An Entry to DB.
2022-08-04 22:12:31,509:db_repo:DEBUG:Adding An Entry to DB.
2022-08-04 22:12:31,512:db_repo:DEBUG:Adding An Entry to DB.
2022-08-04 22:12:31,515:db_repo:DEBUG:Adding An Entry to DB.
2022-08-04 22:12:31,518:db_repo:DEBUG:Adding An Entry to DB.
2022-08-04 22:12:31,520:db_repo:DEBUG:Adding An Entry to DB.
2022-08-04 22:12:31,523:db_repo:DEBUG:Adding An Entry to DB.
2022-08-04 22:12:31,526:db_repo:DEBUG:Adding An Entry to DB.
2022-08-04 22:12:31,529:db_repo:DEBUG:Adding An Entry to DB.
2022-08-04 22:12:31,531:db_repo:DEBUG:Adding An Entry to DB.
2022-08-04 22:12:31,534:db_repo:DEBUG:Adding An Entry to DB.
2022-08-04 22:12:31,537:db_repo:DEBUG:Adding An Entry to DB.
2022-08-04 22:12:31,540:db_repo:DEBUG:Adding An Entry to DB.
2022-08-04 22:12:31,543:db_repo:DEBUG:Adding An Entry to DB.
2022-08-04 22:12:31,546:db_repo:DEBUG:Adding An Entry to DB.
2022-08-04 22:12:31,548:db_repo:DEBUG:Adding An Entry to DB.
2022-08-04 22:12:31,551:db_repo:DEBUG:Adding An Entry to DB.
2022-08-04 22:12:31,552:db_repo:DEBUG:Adding An Entry to DB.
2022-08-04 22:12:31,555:db_repo:DEBUG:Adding An Entry to DB.
2022-08-04 22:12:31,555:db_repo:DEBUG:Adding An Entry to DB.
2022-08-04 22:12:31,555:db_repo:DEBUG:Adding An Entry to DB.
2022-08-04 22:12:31,555:db_repo:DEBUG:Adding An Entry to DB.
2022-08-04 22:12:31,555:db_repo:DEBUG:Adding An Entry to DB.
2022-08-04 22:12:31,555:db_repo:DEBUG:Adding An Entry to DB.
2022-08-04 22:12:31,566:db_repo:DEBUG:Adding An Entry to DB.
2022-08-04 22:12:31,568:db_repo:DEBUG:Adding An Entry to DB.
2022-08-04 22:12:31,570:db_repo:DEBUG:Adding An Entry to DB.
2022-08-04 22:12:31,573:db_repo:DEBUG:Adding An Entry to DB.
2022-08-04 22:12:31,576:db_repo:DEBUG:Adding An Entry to DB.
2022-08-04 22:12:31,578:db_repo:DEBUG:Adding An Entry to DB.
2022-08-04 22:12:31,579:db_repo:DEBUG:Adding An Entry to DB.
2022-08-04 22:12:31,581:db_repo:DEBUG:Adding An Entry to DB.
2022-08-04 22:12:31,582:db_repo:DEBUG:Adding An Entry to DB.
2022-08-04 22:12:31,582:db_repo:DEBUG:Adding An Entry to DB.
2022-08-04 22:12:31,582:db_repo:DEBUG:Adding An Entry to DB.
2022-08-04 22:12:31,582:db_repo:DEBUG:Adding An Entry to DB.
2022-08-04 22:12:31,588:db_repo:DEBUG:Adding An Entry to DB.
2022-08-04 22:12:31,590:db_repo:DEBUG:Adding An Entry to DB.
2022-08-04 22:12:31,590:db_repo:DEBUG:Adding An Entry to DB.
2022-08-04 22:12:31,590:db_repo:DEBUG:Adding An Entry to DB.
2022-08-04 22:12:31,590:db_repo:DEBUG:Adding An Entry to DB.
2022-08-04 22:12:31,590:db_repo:DEBUG:Adding An Entry to DB.
2022-08-04 22:12:31,598:db_repo:DEBUG:Adding An Entry to DB.
2022-08-04 22:12:31,601:db_repo:DEBUG:Adding An Entry to DB.
2022-08-04 22:12:31,603:db_repo:DEBUG:Adding An Entry to DB.
2022-08-04 22:12:31,604:db_repo:DEBUG:Adding An Entry to DB.
2022-08-04 22:12:31,606:db_repo:DEBUG:Adding An Entry to DB.
2022-08-04 22:12:31,608:db_repo:DEBUG:Adding An Entry to DB.
2022-08-04 22:12:31,609:db_repo:DEBUG:Adding An Entry to DB.
2022-08-04 22:12:31,611:db_repo:DEBUG:Adding An Entry to DB.
2022-08-04 22:12:31,612:db_repo:DEBUG:Adding An Entry to DB.
2022-08-04 22:12:31,614:db_repo:DEBUG:Adding An Entry to DB.
2022-08-04 22:12:31,616:db_repo:DEBUG:Adding An Entry to DB.
2022-08-04 22:12:31,616:db_repo:DEBUG:Adding An Entry to DB.
2022-08-04 22:12:31,616:db_repo:DEBUG:Adding An Entry to DB.
2022-08-04 22:12:31,616:db_repo:DEBUG:Adding An Entry to DB.
2022-08-04 22:12:31,616:db_repo:DEBUG:Adding An Entry to DB.
2022-08-04 22:12:31,622:db_repo:DEBUG:Adding An Entry to DB.
2022-08-04 22:12:31,625:db_repo:DEBUG:Adding An Entry to DB.
2022-08-04 22:12:31,626:db_repo:DEBUG:Adding An Entry to DB.
2022-08-04 22:12:31,626:db_repo:DEBUG:Adding An Entry to DB.
2022-08-04 22:12:31,626:db_repo:DEBUG:Adding An Entry to DB.
2022-08-04 22:12:31,631:db_repo:DEBUG:Adding An Entry to DB.
2022-08-04 22:12:31,634:db_repo:DEBUG:Adding An Entry to DB.
2022-08-04 22:12:31,635:db_repo:DEBUG:Adding An Entry to DB.
2022-08-04 22:12:31,638:db_repo:DEBUG:Adding An Entry to DB.
2022-08-04 22:12:31,640:db_repo:DEBUG:Adding An Entry to DB.
2022-08-04 22:12:31,643:db_repo:DEBUG:Adding An Entry to DB.
2022-08-04 22:12:31,645:db_repo:DEBUG:Adding An Entry to DB.
2022-08-04 22:12:31,647:db_repo:DEBUG:Adding An Entry to DB.
2022-08-04 22:12:31,650:db_repo:DEBUG:Adding An Entry to DB.
2022-08-04 22:12:31,652:db_repo:DEBUG:Adding An Entry to DB.
2022-08-04 22:12:31,655:db_repo:DEBUG:Adding An Entry to DB.
2022-08-04 22:12:31,656:db_repo:DEBUG:Adding An Entry to DB.
2022-08-04 22:12:31,656:db_repo:DEBUG:Adding An Entry to DB.
2022-08-04 22:12:31,656:db_repo:DEBUG:Adding An Entry to DB.
2022-08-04 22:12:31,656:db_repo:DEBUG:Adding An Entry to DB.
2022-08-04 22:12:31,663:db_repo:DEBUG:Adding An Entry to DB.
2022-08-04 22:12:31,665:db_repo:DEBUG:Adding An Entry to DB.
2022-08-04 22:12:31,667:db_repo:DEBUG:Adding An Entry to DB.
2022-08-04 22:12:31,668:db_repo:DEBUG:Adding An Entry to DB.
2022-08-04 22:12:31,670:db_repo:DEBUG:Adding An Entry to DB.
2022-08-04 22:12:31,672:db_repo:DEBUG:Adding An Entry to DB.
2022-08-04 22:12:31,675:db_repo:DEBUG:Adding An Entry to DB.
2022-08-04 22:12:31,677:db_repo:DEBUG:Adding An Entry to DB.
2022-08-04 22:12:31,679:db_repo:DEBUG:Adding An Entry to DB.
2022-08-04 22:12:31,680:db_repo:DEBUG:Adding An Entry to DB.
2022-08-04 22:12:31,681:db_repo:DEBUG:Adding An Entry to DB.
2022-08-04 22:12:31,681:db_repo:DEBUG:Adding An Entry to DB.
2022-08-04 22:12:31,681:db_repo:DEBUG:Adding An Entry to DB.
2022-08-04 22:12:31,681:db_repo:DEBUG:Adding An Entry to DB.
2022-08-04 22:12:31,681:db_repo:DEBUG:Adding An Entry to DB.
2022-08-04 22:12:31,690:db_repo:DEBUG:Adding An Entry to DB.
2022-08-04 22:12:31,690:db_repo:DEBUG:Adding An Entry to DB.
2022-08-04 22:12:31,695:db_repo:DEBUG:Adding An Entry to DB.
2022-08-04 22:12:31,696:db_repo:DEBUG:Adding An Entry to DB.
2022-08-04 22:12:31,699:db_repo:DEBUG:Adding An Entry to DB.
2022-08-04 22:12:31,701:db_repo:DEBUG:Adding An Entry to DB.
2022-08-04 22:12:31,703:db_repo:DEBUG:Adding An Entry to DB.
2022-08-04 22:12:31,707:db_repo:DEBUG:Adding An Entry to DB.
2022-08-04 22:12:31,709:db_repo:DEBUG:Adding An Entry to DB.
2022-08-04 22:12:31,711:db_repo:DEBUG:Adding An Entry to DB.
2022-08-04 22:12:31,712:db_repo:DEBUG:Adding An Entry to DB.
2022-08-04 22:12:31,714:db_repo:DEBUG:Adding An Entry to DB.
2022-08-04 22:12:31,717:db_repo:DEBUG:Adding An Entry to DB.
2022-08-04 22:12:31,720:db_repo:DEBUG:Adding An Entry to DB.
2022-08-04 22:12:31,722:db_repo:DEBUG:Adding An Entry to DB.
2022-08-04 22:12:31,725:db_repo:DEBUG:Adding An Entry to DB.
2022-08-04 22:12:31,728:db_repo:DEBUG:Adding An Entry to DB.
2022-08-04 22:12:31,731:db_repo:DEBUG:Adding An Entry to DB.
2022-08-04 22:12:31,734:db_repo:DEBUG:Adding An Entry to DB.
2022-08-04 22:12:31,736:db_repo:DEBUG:Adding An Entry to DB.
2022-08-04 22:12:31,741:db_repo:DEBUG:Adding An Entry to DB.
2022-08-04 22:12:31,743:db_repo:DEBUG:Adding An Entry to DB.
2022-08-04 22:12:31,745:db_repo:DEBUG:Adding An Entry to DB.
2022-08-04 22:12:31,748:db_repo:DEBUG:Adding An Entry to DB.
2022-08-04 22:12:31,751:db_repo:DEBUG:Adding An Entry to DB.
2022-08-04 22:12:31,753:db_repo:DEBUG:Adding An Entry to DB.
2022-08-04 22:12:31,757:db_repo:DEBUG:Adding An Entry to DB.
2022-08-04 22:12:31,762:db_repo:DEBUG:Adding An Entry to DB.
2022-08-04 22:12:31,767:db_repo:DEBUG:Adding An Entry to DB.
2022-08-04 22:12:31,771:db_repo:DEBUG:Adding An Entry to DB.
2022-08-04 22:12:31,774:db_repo:DEBUG:Adding An Entry to DB.
2022-08-04 22:12:31,777:db_repo:DEBUG:Adding An Entry to DB.
2022-08-04 22:12:31,780:db_repo:DEBUG:Adding An Entry to DB.
2022-08-04 22:12:31,783:db_repo:DEBUG:Adding An Entry to DB.
2022-08-04 22:12:31,786:db_repo:DEBUG:Adding An Entry to DB.
2022-08-04 22:12:31,789:db_repo:DEBUG:Adding An Entry to DB.
2022-08-04 22:12:31,793:db_repo:DEBUG:Adding An Entry to DB.
2022-08-04 22:12:31,797:db_repo:DEBUG:Adding An Entry to DB.
2022-08-04 22:12:31,802:db_repo:DEBUG:Adding An Entry to DB.
2022-08-04 22:12:31,804:db_repo:DEBUG:Adding An Entry to DB.
2022-08-04 22:12:31,808:db_repo:DEBUG:Adding An Entry to DB.
2022-08-04 22:12:31,810:db_repo:DEBUG:Adding An Entry to DB.
2022-08-04 22:12:31,813:db_repo:DEBUG:Adding An Entry to DB.
2022-08-04 22:12:31,816:db_repo:DEBUG:Adding An Entry to DB.
2022-08-04 22:12:31,819:db_repo:DEBUG:Adding An Entry to DB.
2022-08-04 22:12:31,821:db_repo:DEBUG:Adding An Entry to DB.
2022-08-04 22:12:31,824:db_repo:DEBUG:Adding An Entry to DB.
2022-08-04 22:12:31,826:db_repo:DEBUG:Adding An Entry to DB.
2022-08-04 22:12:31,829:db_repo:DEBUG:Adding An Entry to DB.
2022-08-04 22:12:31,831:db_repo:DEBUG:Adding An Entry to DB.
2022-08-04 22:12:31,833:db_repo:DEBUG:Adding An Entry to DB.
2022-08-04 22:12:31,836:db_repo:DEBUG:Adding An Entry to DB.
2022-08-04 22:12:31,839:db_repo:DEBUG:Adding An Entry to DB.
2022-08-04 22:12:31,842:db_repo:DEBUG:Adding An Entry to DB.
2022-08-04 22:12:31,844:db_repo:DEBUG:Adding An Entry to DB.
2022-08-04 22:12:31,847:db_repo:DEBUG:Adding An Entry to DB.
2022-08-04 22:12:31,850:db_repo:DEBUG:Adding An Entry to DB.
2022-08-04 22:12:31,854:db_repo:DEBUG:Adding An Entry to DB.
2022-08-04 22:12:31,857:db_repo:DEBUG:Adding An Entry to DB.
2022-08-04 22:12:31,860:db_repo:DEBUG:Adding An Entry to DB.
2022-08-04 22:12:31,863:db_repo:DEBUG:Adding An Entry to DB.
2022-08-04 22:12:31,869:db_repo:DEBUG:Adding An Entry to DB.
2022-08-04 22:12:31,872:db_repo:DEBUG:Adding An Entry to DB.
2022-08-04 22:12:31,876:db_repo:DEBUG:Adding An Entry to DB.
2022-08-04 22:12:31,878:db_repo:DEBUG:Adding An Entry to DB.
2022-08-04 22:12:31,881:db_repo:DEBUG:Adding An Entry to DB.
2022-08-04 22:12:31,884:db_repo:DEBUG:Adding An Entry to DB.
2022-08-04 22:12:31,889:db_repo:DEBUG:Adding An Entry to DB.
2022-08-04 22:12:31,893:db_repo:DEBUG:Adding An Entry to DB.
2022-08-04 22:12:31,896:db_repo:DEBUG:Adding An Entry to DB.
2022-08-04 22:12:31,899:db_repo:DEBUG:Adding An Entry to DB.
2022-08-04 22:12:31,902:db_repo:DEBUG:Adding An Entry to DB.
2022-08-04 22:12:31,905:db_repo:DEBUG:Adding An Entry to DB.
2022-08-04 22:12:31,908:db_repo:DEBUG:Adding An Entry to DB.
2022-08-04 22:12:31,911:db_repo:DEBUG:Adding An Entry to DB.
2022-08-04 22:12:31,914:db_repo:DEBUG:Adding An Entry to DB.
2022-08-04 22:12:31,918:db_repo:DEBUG:Adding An Entry to DB.
2022-08-04 22:12:31,920:db_repo:DEBUG:Adding An Entry to DB.
2022-08-04 22:12:31,923:db_repo:DEBUG:Adding An Entry to DB.
2022-08-04 22:12:31,926:db_repo:DEBUG:Adding An Entry to DB.
2022-08-04 22:12:31,930:db_repo:DEBUG:Adding An Entry to DB.
2022-08-04 22:12:31,933:db_repo:DEBUG:Adding An Entry to DB.
2022-08-04 22:12:31,936:db_repo:DEBUG:Adding An Entry to DB.
2022-08-04 22:12:31,939:db_repo:DEBUG:Adding An Entry to DB.
2022-08-04 22:12:31,943:db_repo:DEBUG:Adding An Entry to DB.
2022-08-04 22:12:31,946:db_repo:DEBUG:Adding An Entry to DB.
2022-08-04 22:12:31,952:db_repo:DEBUG:Adding An Entry to DB.
2022-08-04 22:12:31,957:db_repo:DEBUG:Adding An Entry to DB.
2022-08-04 22:12:31,960:db_repo:DEBUG:Adding An Entry to DB.
2022-08-04 22:12:31,964:db_repo:DEBUG:Adding An Entry to DB.
2022-08-04 22:12:31,967:db_repo:DEBUG:Adding An Entry to DB.
2022-08-04 22:12:31,971:db_repo:DEBUG:Adding An Entry to DB.
2022-08-04 22:12:31,974:db_repo:DEBUG:Adding An Entry to DB.
2022-08-04 22:12:31,977:db_repo:DEBUG:Adding An Entry to DB.
2022-08-04 22:12:31,982:db_repo:DEBUG:Adding An Entry to DB.
2022-08-04 22:12:31,985:db_repo:DEBUG:Adding An Entry to DB.
2022-08-04 22:12:31,989:db_repo:DEBUG:Adding An Entry to DB.
2022-08-04 22:12:31,992:db_repo:DEBUG:Adding An Entry to DB.
2022-08-04 22:12:31,995:db_repo:DEBUG:Adding An Entry to DB.
2022-08-04 22:12:31,998:db_repo:DEBUG:Adding An Entry to DB.
2022-08-04 22:12:32,001:db_repo:DEBUG:Adding An Entry to DB.
2022-08-04 22:12:32,005:db_repo:DEBUG:Adding An Entry to DB.
2022-08-04 22:12:32,008:db_repo:DEBUG:Adding An Entry to DB.
2022-08-04 22:12:32,013:db_repo:DEBUG:Adding An Entry to DB.
2022-08-04 22:12:32,016:db_repo:DEBUG:Adding An Entry to DB.
2022-08-04 22:12:32,020:db_repo:DEBUG:Adding An Entry to DB.
2022-08-04 22:12:32,022:db_repo:DEBUG:Adding An Entry to DB.
2022-08-04 22:12:32,026:db_repo:DEBUG:Adding An Entry to DB.
2022-08-04 22:12:32,029:db_repo:DEBUG:Adding Multiple Entries to DB.
2022-08-04 22:12:32,750:db_repo:DEBUG:Adding Multiple Entries to DB.
2022-08-04 22:12:32,763:db_repo:DEBUG:Adding Multiple Entries to DB.
2022-08-04 22:12:32,770:db_repo:DEBUG:Adding Multiple Entries to DB.
2022-08-04 22:12:32,777:db_repo:DEBUG:Adding Multiple Entries to DB.
2022-08-04 22:12:32,785:db_repo:DEBUG:Adding Multiple Entries to DB.
2022-08-04 22:12:32,795:db_repo:DEBUG:Adding Multiple Entries to DB.
2022-08-04 22:12:32,830:db_repo:DEBUG:From C:\git\pyCodeBasement\FINAL_PROJECT\db_files\sp_file.sql - All SP were created.
2022-08-04 22:12:50,883:db_repo:DEBUG:Adding An Entry to DB.
2022-08-04 22:12:50,963:db_repo:DEBUG:Adding An Entry to DB.
2022-08-04 22:12:52,862:db_repo:DEBUG:Adding An Entry to DB.
2022-08-04 22:12:52,873:db_repo:DEBUG:Adding An Entry to DB.
2022-08-04 22:12:54,710:db_repo:DEBUG:Adding An Entry to DB.
2022-08-04 22:12:54,723:db_repo:DEBUG:Adding An Entry to DB.
2022-08-04 22:12:56,251:db_repo:DEBUG:Adding An Entry to DB.
2022-08-04 22:12:56,263:db_repo:DEBUG:Adding An Entry to DB.
2022-08-04 22:12:57,803:db_repo:DEBUG:Adding An Entry to DB.
2022-08-04 22:12:57,812:db_repo:DEBUG:Adding An Entry to DB.
2022-08-04 22:12:59,291:db_repo:DEBUG:Adding An Entry to DB.
2022-08-04 22:12:59,304:db_repo:DEBUG:Adding An Entry to DB.
2022-08-04 22:13:00,944:db_repo:DEBUG:Adding An Entry to DB.
2022-08-04 22:13:00,956:db_repo:DEBUG:Adding An Entry to DB.
2022-08-04 22:13:02,654:db_repo:DEBUG:Adding An Entry to DB.
2022-08-04 22:13:02,666:db_repo:DEBUG:Adding An Entry to DB.
2022-08-04 22:13:12,350:facade_anonymus:DEBUG:Attempting Logging-in...
2022-08-04 22:13:12,515:facade_anonymus:INFO:Welcome, l10r
2022-08-04 22:13:12,520:facade_anonymus:DEBUG:Attempting Logging-in...
2022-08-04 22:13:12,620:facade_anonymus:INFO:Welcome, m4x1m
2022-08-04 22:13:12,626:facade_anonymus:DEBUG:Attempting Logging-in...
2022-08-04 22:13:12,714:facade_anonymus:INFO:Welcome, 3m1l
2022-08-04 22:13:12,724:db_repo:DEBUG:Reseting initial DB.
2022-08-04 22:13:12,724:db_repo:WARNING:deleting all tables.
2022-08-04 22:13:12,724:db_repo:WARNING:deleting table countries.
2022-08-04 22:13:12,741:db_repo:WARNING:deleting table flights.
2022-08-04 22:13:12,749:db_repo:WARNING:deleting table tickets.
2022-08-04 22:13:12,757:db_repo:WARNING:deleting table airline_companies.
2022-08-04 22:13:12,768:db_repo:WARNING:deleting table administrators.
2022-08-04 22:13:12,781:db_repo:WARNING:deleting table customers.
2022-08-04 22:13:12,795:db_repo:WARNING:deleting table users.
2022-08-04 22:13:12,805:db_repo:WARNING:deleting table user_roles.
2022-08-04 22:13:13,108:db_repo:DEBUG:Adding An Entry to DB.
2022-08-04 22:13:13,139:db_repo:DEBUG:Adding An Entry to DB.
2022-08-04 22:13:13,144:db_repo:DEBUG:Adding An Entry to DB.
2022-08-04 22:13:13,147:db_repo:DEBUG:Adding An Entry to DB.
2022-08-04 22:13:13,150:db_repo:DEBUG:Adding An Entry to DB.
2022-08-04 22:13:13,153:db_repo:DEBUG:Adding An Entry to DB.
2022-08-04 22:13:13,156:db_repo:DEBUG:Adding An Entry to DB.
2022-08-04 22:13:13,158:db_repo:DEBUG:Adding An Entry to DB.
2022-08-04 22:13:13,161:db_repo:DEBUG:Adding An Entry to DB.
2022-08-04 22:13:13,163:db_repo:DEBUG:Adding An Entry to DB.
2022-08-04 22:13:13,165:db_repo:DEBUG:Adding An Entry to DB.
2022-08-04 22:13:13,168:db_repo:DEBUG:Adding An Entry to DB.
2022-08-04 22:13:13,170:db_repo:DEBUG:Adding An Entry to DB.
2022-08-04 22:13:13,173:db_repo:DEBUG:Adding An Entry to DB.
2022-08-04 22:13:13,175:db_repo:DEBUG:Adding An Entry to DB.
2022-08-04 22:13:13,178:db_repo:DEBUG:Adding An Entry to DB.
2022-08-04 22:13:13,181:db_repo:DEBUG:Adding An Entry to DB.
2022-08-04 22:13:13,184:db_repo:DEBUG:Adding An Entry to DB.
2022-08-04 22:13:13,186:db_repo:DEBUG:Adding An Entry to DB.
2022-08-04 22:13:13,192:db_repo:DEBUG:Adding An Entry to DB.
2022-08-04 22:13:13,195:db_repo:DEBUG:Adding An Entry to DB.
2022-08-04 22:13:13,198:db_repo:DEBUG:Adding An Entry to DB.
2022-08-04 22:13:13,199:db_repo:DEBUG:Adding An Entry to DB.
2022-08-04 22:13:13,202:db_repo:DEBUG:Adding An Entry to DB.
2022-08-04 22:13:13,205:db_repo:DEBUG:Adding An Entry to DB.
2022-08-04 22:13:13,208:db_repo:DEBUG:Adding An Entry to DB.
2022-08-04 22:13:13,211:db_repo:DEBUG:Adding An Entry to DB.
2022-08-04 22:13:13,214:db_repo:DEBUG:Adding An Entry to DB.
2022-08-04 22:13:13,218:db_repo:DEBUG:Adding An Entry to DB.
2022-08-04 22:13:13,223:db_repo:DEBUG:Adding An Entry to DB.
2022-08-04 22:13:13,226:db_repo:DEBUG:Adding An Entry to DB.
2022-08-04 22:13:13,229:db_repo:DEBUG:Adding An Entry to DB.
2022-08-04 22:13:13,232:db_repo:DEBUG:Adding An Entry to DB.
2022-08-04 22:13:13,243:db_repo:DEBUG:Adding An Entry to DB.
2022-08-04 22:13:13,247:db_repo:DEBUG:Adding An Entry to DB.
2022-08-04 22:13:13,250:db_repo:DEBUG:Adding An Entry to DB.
2022-08-04 22:13:13,252:db_repo:DEBUG:Adding An Entry to DB.
2022-08-04 22:13:13,255:db_repo:DEBUG:Adding An Entry to DB.
2022-08-04 22:13:13,257:db_repo:DEBUG:Adding An Entry to DB.
2022-08-04 22:13:13,260:db_repo:DEBUG:Adding An Entry to DB.
2022-08-04 22:13:13,264:db_repo:DEBUG:Adding An Entry to DB.
2022-08-04 22:13:13,267:db_repo:DEBUG:Adding An Entry to DB.
2022-08-04 22:13:13,270:db_repo:DEBUG:Adding An Entry to DB.
2022-08-04 22:13:13,273:db_repo:DEBUG:Adding An Entry to DB.
2022-08-04 22:13:13,277:db_repo:DEBUG:Adding An Entry to DB.
2022-08-04 22:13:13,280:db_repo:DEBUG:Adding An Entry to DB.
2022-08-04 22:13:13,283:db_repo:DEBUG:Adding An Entry to DB.
2022-08-04 22:13:13,285:db_repo:DEBUG:Adding An Entry to DB.
2022-08-04 22:13:13,288:db_repo:DEBUG:Adding An Entry to DB.
2022-08-04 22:13:13,292:db_repo:DEBUG:Adding An Entry to DB.
2022-08-04 22:13:13,295:db_repo:DEBUG:Adding An Entry to DB.
2022-08-04 22:13:13,298:db_repo:DEBUG:Adding An Entry to DB.
2022-08-04 22:13:13,301:db_repo:DEBUG:Adding An Entry to DB.
2022-08-04 22:13:13,304:db_repo:DEBUG:Adding An Entry to DB.
2022-08-04 22:13:13,308:db_repo:DEBUG:Adding An Entry to DB.
2022-08-04 22:13:13,312:db_repo:DEBUG:Adding An Entry to DB.
2022-08-04 22:13:13,316:db_repo:DEBUG:Adding An Entry to DB.
2022-08-04 22:13:13,321:db_repo:DEBUG:Adding An Entry to DB.
2022-08-04 22:13:13,324:db_repo:DEBUG:Adding An Entry to DB.
2022-08-04 22:13:13,327:db_repo:DEBUG:Adding An Entry to DB.
2022-08-04 22:13:13,331:db_repo:DEBUG:Adding An Entry to DB.
2022-08-04 22:13:13,334:db_repo:DEBUG:Adding An Entry to DB.
2022-08-04 22:13:13,337:db_repo:DEBUG:Adding An Entry to DB.
2022-08-04 22:13:13,340:db_repo:DEBUG:Adding An Entry to DB.
2022-08-04 22:13:13,343:db_repo:DEBUG:Adding An Entry to DB.
2022-08-04 22:13:13,346:db_repo:DEBUG:Adding An Entry to DB.
2022-08-04 22:13:13,349:db_repo:DEBUG:Adding An Entry to DB.
2022-08-04 22:13:13,352:db_repo:DEBUG:Adding An Entry to DB.
2022-08-04 22:13:13,355:db_repo:DEBUG:Adding An Entry to DB.
2022-08-04 22:13:13,360:db_repo:DEBUG:Adding An Entry to DB.
2022-08-04 22:13:13,362:db_repo:DEBUG:Adding An Entry to DB.
2022-08-04 22:13:13,364:db_repo:DEBUG:Adding An Entry to DB.
2022-08-04 22:13:13,368:db_repo:DEBUG:Adding An Entry to DB.
2022-08-04 22:13:13,371:db_repo:DEBUG:Adding An Entry to DB.
2022-08-04 22:13:13,376:db_repo:DEBUG:Adding An Entry to DB.
2022-08-04 22:13:13,379:db_repo:DEBUG:Adding An Entry to DB.
2022-08-04 22:13:13,382:db_repo:DEBUG:Adding An Entry to DB.
2022-08-04 22:13:13,385:db_repo:DEBUG:Adding An Entry to DB.
2022-08-04 22:13:13,388:db_repo:DEBUG:Adding An Entry to DB.
2022-08-04 22:13:13,392:db_repo:DEBUG:Adding An Entry to DB.
2022-08-04 22:13:13,395:db_repo:DEBUG:Adding An Entry to DB.
2022-08-04 22:13:13,398:db_repo:DEBUG:Adding An Entry to DB.
2022-08-04 22:13:13,401:db_repo:DEBUG:Adding An Entry to DB.
2022-08-04 22:13:13,405:db_repo:DEBUG:Adding An Entry to DB.
2022-08-04 22:13:13,408:db_repo:DEBUG:Adding An Entry to DB.
2022-08-04 22:13:13,411:db_repo:DEBUG:Adding An Entry to DB.
2022-08-04 22:13:13,415:db_repo:DEBUG:Adding An Entry to DB.
2022-08-04 22:13:13,417:db_repo:DEBUG:Adding An Entry to DB.
2022-08-04 22:13:13,420:db_repo:DEBUG:Adding An Entry to DB.
2022-08-04 22:13:13,422:db_repo:DEBUG:Adding An Entry to DB.
2022-08-04 22:13:13,425:db_repo:DEBUG:Adding An Entry to DB.
2022-08-04 22:13:13,427:db_repo:DEBUG:Adding An Entry to DB.
2022-08-04 22:13:13,430:db_repo:DEBUG:Adding An Entry to DB.
2022-08-04 22:13:13,433:db_repo:DEBUG:Adding An Entry to DB.
2022-08-04 22:13:13,437:db_repo:DEBUG:Adding An Entry to DB.
2022-08-04 22:13:13,439:db_repo:DEBUG:Adding An Entry to DB.
2022-08-04 22:13:13,443:db_repo:DEBUG:Adding An Entry to DB.
2022-08-04 22:13:13,446:db_repo:DEBUG:Adding An Entry to DB.
2022-08-04 22:13:13,448:db_repo:DEBUG:Adding An Entry to DB.
2022-08-04 22:13:13,450:db_repo:DEBUG:Adding An Entry to DB.
2022-08-04 22:13:13,452:db_repo:DEBUG:Adding An Entry to DB.
2022-08-04 22:13:13,454:db_repo:DEBUG:Adding An Entry to DB.
2022-08-04 22:13:13,458:db_repo:DEBUG:Adding An Entry to DB.
2022-08-04 22:13:13,461:db_repo:DEBUG:Adding An Entry to DB.
2022-08-04 22:13:13,463:db_repo:DEBUG:Adding An Entry to DB.
2022-08-04 22:13:13,466:db_repo:DEBUG:Adding An Entry to DB.
2022-08-04 22:13:13,468:db_repo:DEBUG:Adding An Entry to DB.
2022-08-04 22:13:13,471:db_repo:DEBUG:Adding An Entry to DB.
2022-08-04 22:13:13,473:db_repo:DEBUG:Adding An Entry to DB.
2022-08-04 22:13:13,476:db_repo:DEBUG:Adding An Entry to DB.
2022-08-04 22:13:13,478:db_repo:DEBUG:Adding An Entry to DB.
2022-08-04 22:13:13,481:db_repo:DEBUG:Adding An Entry to DB.
2022-08-04 22:13:13,485:db_repo:DEBUG:Adding An Entry to DB.
2022-08-04 22:13:13,487:db_repo:DEBUG:Adding An Entry to DB.
2022-08-04 22:13:13,491:db_repo:DEBUG:Adding An Entry to DB.
2022-08-04 22:13:13,494:db_repo:DEBUG:Adding An Entry to DB.
2022-08-04 22:13:13,497:db_repo:DEBUG:Adding An Entry to DB.
2022-08-04 22:13:13,502:db_repo:DEBUG:Adding An Entry to DB.
2022-08-04 22:13:13,505:db_repo:DEBUG:Adding An Entry to DB.
2022-08-04 22:13:13,508:db_repo:DEBUG:Adding An Entry to DB.
2022-08-04 22:13:13,510:db_repo:DEBUG:Adding An Entry to DB.
2022-08-04 22:13:13,513:db_repo:DEBUG:Adding An Entry to DB.
2022-08-04 22:13:13,515:db_repo:DEBUG:Adding An Entry to DB.
2022-08-04 22:13:13,518:db_repo:DEBUG:Adding An Entry to DB.
2022-08-04 22:13:13,523:db_repo:DEBUG:Adding An Entry to DB.
2022-08-04 22:13:13,526:db_repo:DEBUG:Adding An Entry to DB.
2022-08-04 22:13:13,531:db_repo:DEBUG:Adding An Entry to DB.
2022-08-04 22:13:13,535:db_repo:DEBUG:Adding An Entry to DB.
2022-08-04 22:13:13,537:db_repo:DEBUG:Adding An Entry to DB.
2022-08-04 22:13:13,541:db_repo:DEBUG:Adding An Entry to DB.
2022-08-04 22:13:13,544:db_repo:DEBUG:Adding An Entry to DB.
2022-08-04 22:13:13,547:db_repo:DEBUG:Adding An Entry to DB.
2022-08-04 22:13:13,549:db_repo:DEBUG:Adding An Entry to DB.
2022-08-04 22:13:13,552:db_repo:DEBUG:Adding An Entry to DB.
2022-08-04 22:13:13,555:db_repo:DEBUG:Adding An Entry to DB.
2022-08-04 22:13:13,559:db_repo:DEBUG:Adding An Entry to DB.
2022-08-04 22:13:13,561:db_repo:DEBUG:Adding An Entry to DB.
2022-08-04 22:13:13,564:db_repo:DEBUG:Adding An Entry to DB.
2022-08-04 22:13:13,568:db_repo:DEBUG:Adding An Entry to DB.
2022-08-04 22:13:13,571:db_repo:DEBUG:Adding An Entry to DB.
2022-08-04 22:13:13,574:db_repo:DEBUG:Adding An Entry to DB.
2022-08-04 22:13:13,577:db_repo:DEBUG:Adding An Entry to DB.
2022-08-04 22:13:13,579:db_repo:DEBUG:Adding An Entry to DB.
2022-08-04 22:13:13,582:db_repo:DEBUG:Adding An Entry to DB.
2022-08-04 22:13:13,585:db_repo:DEBUG:Adding An Entry to DB.
2022-08-04 22:13:13,589:db_repo:DEBUG:Adding An Entry to DB.
2022-08-04 22:13:13,593:db_repo:DEBUG:Adding An Entry to DB.
2022-08-04 22:13:13,596:db_repo:DEBUG:Adding An Entry to DB.
2022-08-04 22:13:13,599:db_repo:DEBUG:Adding An Entry to DB.
2022-08-04 22:13:13,602:db_repo:DEBUG:Adding An Entry to DB.
2022-08-04 22:13:13,605:db_repo:DEBUG:Adding An Entry to DB.
2022-08-04 22:13:13,607:db_repo:DEBUG:Adding An Entry to DB.
2022-08-04 22:13:13,611:db_repo:DEBUG:Adding An Entry to DB.
2022-08-04 22:13:13,614:db_repo:DEBUG:Adding An Entry to DB.
2022-08-04 22:13:13,618:db_repo:DEBUG:Adding An Entry to DB.
2022-08-04 22:13:13,620:db_repo:DEBUG:Adding An Entry to DB.
2022-08-04 22:13:13,626:db_repo:DEBUG:Adding An Entry to DB.
2022-08-04 22:13:13,630:db_repo:DEBUG:Adding An Entry to DB.
2022-08-04 22:13:13,633:db_repo:DEBUG:Adding An Entry to DB.
2022-08-04 22:13:13,636:db_repo:DEBUG:Adding An Entry to DB.
2022-08-04 22:13:13,637:db_repo:DEBUG:Adding An Entry to DB.
2022-08-04 22:13:13,642:db_repo:DEBUG:Adding An Entry to DB.
2022-08-04 22:13:13,644:db_repo:DEBUG:Adding An Entry to DB.
2022-08-04 22:13:13,648:db_repo:DEBUG:Adding An Entry to DB.
2022-08-04 22:13:13,651:db_repo:DEBUG:Adding An Entry to DB.
2022-08-04 22:13:13,653:db_repo:DEBUG:Adding An Entry to DB.
2022-08-04 22:13:13,657:db_repo:DEBUG:Adding An Entry to DB.
2022-08-04 22:13:13,659:db_repo:DEBUG:Adding An Entry to DB.
2022-08-04 22:13:13,662:db_repo:DEBUG:Adding An Entry to DB.
2022-08-04 22:13:13,665:db_repo:DEBUG:Adding An Entry to DB.
2022-08-04 22:13:13,667:db_repo:DEBUG:Adding An Entry to DB.
2022-08-04 22:13:13,668:db_repo:DEBUG:Adding An Entry to DB.
2022-08-04 22:13:13,671:db_repo:DEBUG:Adding An Entry to DB.
2022-08-04 22:13:13,674:db_repo:DEBUG:Adding An Entry to DB.
2022-08-04 22:13:13,677:db_repo:DEBUG:Adding An Entry to DB.
2022-08-04 22:13:13,680:db_repo:DEBUG:Adding An Entry to DB.
2022-08-04 22:13:13,682:db_repo:DEBUG:Adding An Entry to DB.
2022-08-04 22:13:13,685:db_repo:DEBUG:Adding An Entry to DB.
2022-08-04 22:13:13,688:db_repo:DEBUG:Adding An Entry to DB.
2022-08-04 22:13:13,690:db_repo:DEBUG:Adding An Entry to DB.
2022-08-04 22:13:13,692:db_repo:DEBUG:Adding An Entry to DB.
2022-08-04 22:13:13,695:db_repo:DEBUG:Adding An Entry to DB.
2022-08-04 22:13:13,696:db_repo:DEBUG:Adding An Entry to DB.
2022-08-04 22:13:13,698:db_repo:DEBUG:Adding An Entry to DB.
2022-08-04 22:13:13,700:db_repo:DEBUG:Adding An Entry to DB.
2022-08-04 22:13:13,702:db_repo:DEBUG:Adding An Entry to DB.
2022-08-04 22:13:13,704:db_repo:DEBUG:Adding An Entry to DB.
2022-08-04 22:13:13,706:db_repo:DEBUG:Adding An Entry to DB.
2022-08-04 22:13:13,709:db_repo:DEBUG:Adding An Entry to DB.
2022-08-04 22:13:13,710:db_repo:DEBUG:Adding An Entry to DB.
2022-08-04 22:13:13,712:db_repo:DEBUG:Adding An Entry to DB.
2022-08-04 22:13:13,714:db_repo:DEBUG:Adding An Entry to DB.
2022-08-04 22:13:13,716:db_repo:DEBUG:Adding An Entry to DB.
2022-08-04 22:13:13,718:db_repo:DEBUG:Adding An Entry to DB.
2022-08-04 22:13:13,721:db_repo:DEBUG:Adding An Entry to DB.
2022-08-04 22:13:13,724:db_repo:DEBUG:Adding An Entry to DB.
2022-08-04 22:13:13,726:db_repo:DEBUG:Adding An Entry to DB.
2022-08-04 22:13:13,728:db_repo:DEBUG:Adding An Entry to DB.
2022-08-04 22:13:13,729:db_repo:DEBUG:Adding An Entry to DB.
2022-08-04 22:13:13,732:db_repo:DEBUG:Adding An Entry to DB.
2022-08-04 22:13:13,734:db_repo:DEBUG:Adding An Entry to DB.
2022-08-04 22:13:13,737:db_repo:DEBUG:Adding An Entry to DB.
2022-08-04 22:13:13,739:db_repo:DEBUG:Adding An Entry to DB.
2022-08-04 22:13:13,742:db_repo:DEBUG:Adding An Entry to DB.
2022-08-04 22:13:13,745:db_repo:DEBUG:Adding An Entry to DB.
2022-08-04 22:13:13,747:db_repo:DEBUG:Adding An Entry to DB.
2022-08-04 22:13:13,751:db_repo:DEBUG:Adding An Entry to DB.
2022-08-04 22:13:13,754:db_repo:DEBUG:Adding An Entry to DB.
2022-08-04 22:13:13,756:db_repo:DEBUG:Adding An Entry to DB.
2022-08-04 22:13:13,758:db_repo:DEBUG:Adding An Entry to DB.
2022-08-04 22:13:13,760:db_repo:DEBUG:Adding An Entry to DB.
2022-08-04 22:13:13,763:db_repo:DEBUG:Adding An Entry to DB.
2022-08-04 22:13:13,765:db_repo:DEBUG:Adding An Entry to DB.
2022-08-04 22:13:13,769:db_repo:DEBUG:Adding An Entry to DB.
2022-08-04 22:13:13,771:db_repo:DEBUG:Adding An Entry to DB.
2022-08-04 22:13:13,774:db_repo:DEBUG:Adding An Entry to DB.
2022-08-04 22:13:13,777:db_repo:DEBUG:Adding An Entry to DB.
2022-08-04 22:13:13,780:db_repo:DEBUG:Adding An Entry to DB.
2022-08-04 22:13:13,783:db_repo:DEBUG:Adding An Entry to DB.
2022-08-04 22:13:13,787:db_repo:DEBUG:Adding An Entry to DB.
2022-08-04 22:13:13,790:db_repo:DEBUG:Adding An Entry to DB.
2022-08-04 22:13:13,793:db_repo:DEBUG:Adding An Entry to DB.
2022-08-04 22:13:13,796:db_repo:DEBUG:Adding An Entry to DB.
2022-08-04 22:13:13,799:db_repo:DEBUG:Adding An Entry to DB.
2022-08-04 22:13:13,802:db_repo:DEBUG:Adding An Entry to DB.
2022-08-04 22:13:13,806:db_repo:DEBUG:Adding An Entry to DB.
2022-08-04 22:13:13,810:db_repo:DEBUG:Adding An Entry to DB.
2022-08-04 22:13:13,814:db_repo:DEBUG:Adding An Entry to DB.
2022-08-04 22:13:13,817:db_repo:DEBUG:Adding An Entry to DB.
2022-08-04 22:13:13,842:db_repo:DEBUG:Adding An Entry to DB.
2022-08-04 22:13:13,845:db_repo:DEBUG:Adding An Entry to DB.
2022-08-04 22:13:13,848:db_repo:DEBUG:Adding An Entry to DB.
2022-08-04 22:13:13,850:db_repo:DEBUG:Adding An Entry to DB.
2022-08-04 22:13:13,852:db_repo:DEBUG:Adding An Entry to DB.
2022-08-04 22:13:13,855:db_repo:DEBUG:Adding An Entry to DB.
2022-08-04 22:13:13,858:db_repo:DEBUG:Adding An Entry to DB.
2022-08-04 22:13:13,861:db_repo:DEBUG:Adding An Entry to DB.
2022-08-04 22:13:13,863:db_repo:DEBUG:Adding An Entry to DB.
2022-08-04 22:13:13,866:db_repo:DEBUG:Adding An Entry to DB.
2022-08-04 22:13:13,871:db_repo:DEBUG:Adding An Entry to DB.
2022-08-04 22:13:13,874:db_repo:DEBUG:Adding An Entry to DB.
2022-08-04 22:13:13,877:db_repo:DEBUG:Adding An Entry to DB.
2022-08-04 22:13:13,881:db_repo:DEBUG:Adding An Entry to DB.
2022-08-04 22:13:13,883:db_repo:DEBUG:Adding An Entry to DB.
2022-08-04 22:13:13,886:db_repo:DEBUG:Adding Multiple Entries to DB.
2022-08-04 22:13:14,532:db_repo:DEBUG:Adding Multiple Entries to DB.
2022-08-04 22:13:14,543:db_repo:DEBUG:Adding Multiple Entries to DB.
2022-08-04 22:13:14,552:db_repo:DEBUG:Adding Multiple Entries to DB.
2022-08-04 22:13:14,558:db_repo:DEBUG:Adding Multiple Entries to DB.
2022-08-04 22:13:14,567:db_repo:DEBUG:Adding Multiple Entries to DB.
2022-08-04 22:13:14,573:db_repo:DEBUG:Adding Multiple Entries to DB.
2022-08-04 22:13:14,605:db_repo:DEBUG:From C:\git\pyCodeBasement\FINAL_PROJECT\db_files\sp_file.sql - All SP were created.
2022-08-04 22:13:33,586:db_repo:DEBUG:Adding An Entry to DB.
2022-08-04 22:13:33,673:db_repo:DEBUG:Adding An Entry to DB.
2022-08-04 22:13:35,045:db_repo:DEBUG:Adding An Entry to DB.
2022-08-04 22:13:35,058:db_repo:DEBUG:Adding An Entry to DB.
2022-08-04 22:13:36,468:db_repo:DEBUG:Adding An Entry to DB.
2022-08-04 22:13:36,478:db_repo:DEBUG:Adding An Entry to DB.
2022-08-04 22:13:38,394:db_repo:DEBUG:Adding An Entry to DB.
2022-08-04 22:13:38,405:db_repo:DEBUG:Adding An Entry to DB.
2022-08-04 22:13:39,970:db_repo:DEBUG:Adding An Entry to DB.
2022-08-04 22:13:39,981:db_repo:DEBUG:Adding An Entry to DB.
2022-08-04 22:13:41,241:db_repo:DEBUG:Adding An Entry to DB.
2022-08-04 22:13:41,252:db_repo:DEBUG:Adding An Entry to DB.
2022-08-04 22:13:42,836:db_repo:DEBUG:Adding An Entry to DB.
2022-08-04 22:13:42,847:db_repo:DEBUG:Adding An Entry to DB.
2022-08-04 22:13:44,550:db_repo:DEBUG:Adding An Entry to DB.
2022-08-04 22:13:44,562:db_repo:DEBUG:Adding An Entry to DB.
2022-08-04 22:13:46,145:db_repo:DEBUG:Adding An Entry to DB.
2022-08-04 22:13:46,153:db_repo:DEBUG:Adding An Entry to DB.
2022-08-04 22:13:47,887:db_repo:DEBUG:Adding An Entry to DB.
2022-08-04 22:13:47,898:db_repo:DEBUG:Adding An Entry to DB.
2022-08-04 22:13:49,182:db_repo:DEBUG:Adding An Entry to DB.
2022-08-04 22:13:49,192:db_repo:DEBUG:Adding An Entry to DB.
2022-08-04 22:13:49,206:db_repo:DEBUG:Adding An Entry to DB.
2022-08-04 22:13:49,217:db_repo:DEBUG:Adding An Entry to DB.
2022-08-04 22:13:49,226:db_repo:DEBUG:Adding An Entry to DB.
2022-08-04 22:13:49,235:db_repo:DEBUG:Adding An Entry to DB.
2022-08-04 22:13:49,245:db_repo:DEBUG:Adding An Entry to DB.
2022-08-04 22:13:49,253:db_repo:DEBUG:Adding An Entry to DB.
2022-08-04 22:13:49,262:db_repo:DEBUG:Adding An Entry to DB.
2022-08-04 22:13:49,274:db_repo:DEBUG:Adding An Entry to DB.
2022-08-04 22:13:49,283:db_repo:DEBUG:Adding An Entry to DB.
2022-08-04 22:13:49,290:db_repo:DEBUG:Adding An Entry to DB.
2022-08-04 22:13:49,299:db_repo:DEBUG:Adding An Entry to DB.
2022-08-04 22:13:49,309:db_repo:DEBUG:Adding An Entry to DB.
2022-08-04 22:13:49,318:db_repo:DEBUG:Adding An Entry to DB.
2022-08-04 22:13:49,333:db_repo:DEBUG:Adding An Entry to DB.
2022-08-04 22:13:49,340:db_repo:DEBUG:Adding An Entry to DB.
2022-08-04 22:13:49,348:db_repo:DEBUG:Adding An Entry to DB.
2022-08-04 22:13:49,367:db_repo:DEBUG:Adding An Entry to DB.
2022-08-04 22:13:49,376:db_repo:DEBUG:Adding An Entry to DB.
2022-08-04 22:13:49,383:db_repo:DEBUG:Adding An Entry to DB.
2022-08-04 22:13:49,392:db_repo:DEBUG:Adding An Entry to DB.
2022-08-04 22:13:49,401:db_repo:DEBUG:Adding An Entry to DB.
2022-08-04 22:13:49,409:db_repo:DEBUG:Adding An Entry to DB.
2022-08-04 22:13:49,417:db_repo:DEBUG:Adding An Entry to DB.
2022-08-04 22:13:49,429:db_repo:DEBUG:Adding An Entry to DB.
2022-08-04 22:13:49,439:db_repo:DEBUG:Adding An Entry to DB.
2022-08-04 22:13:49,449:db_repo:DEBUG:Adding An Entry to DB.
2022-08-04 22:13:49,461:db_repo:DEBUG:Adding An Entry to DB.
2022-08-04 22:13:49,470:db_repo:DEBUG:Adding An Entry to DB.
2022-08-04 22:13:49,491:db_repo:DEBUG:Adding An Entry to DB.
2022-08-04 22:13:49,507:db_repo:DEBUG:Adding An Entry to DB.
2022-08-04 22:13:49,515:db_repo:DEBUG:Adding An Entry to DB.
2022-08-04 22:13:49,527:db_repo:DEBUG:Adding An Entry to DB.
2022-08-04 22:13:49,538:db_repo:DEBUG:Adding An Entry to DB.
2022-08-04 22:13:49,549:db_repo:DEBUG:Adding An Entry to DB.
2022-08-04 22:13:49,559:db_repo:DEBUG:Adding An Entry to DB.
2022-08-04 22:13:49,566:db_repo:DEBUG:Adding An Entry to DB.
2022-08-04 22:13:49,574:db_repo:DEBUG:Adding An Entry to DB.
2022-08-04 22:13:49,583:db_repo:DEBUG:Adding An Entry to DB.
2022-08-04 22:13:49,594:db_repo:DEBUG:Adding An Entry to DB.
2022-08-04 22:13:49,604:db_repo:DEBUG:Adding An Entry to DB.
2022-08-04 22:13:49,617:db_repo:DEBUG:Adding An Entry to DB.
2022-08-04 22:13:49,627:db_repo:DEBUG:Adding An Entry to DB.
2022-08-04 22:13:49,640:db_repo:DEBUG:Adding An Entry to DB.
2022-08-04 22:13:49,650:db_repo:DEBUG:Adding An Entry to DB.
2022-08-04 22:13:49,660:db_repo:DEBUG:Adding An Entry to DB.
2022-08-04 22:13:49,673:db_repo:DEBUG:Adding An Entry to DB.
2022-08-04 22:13:49,685:db_repo:DEBUG:Adding An Entry to DB.
2022-08-04 22:13:49,696:db_repo:DEBUG:Adding An Entry to DB.
2022-08-04 22:13:49,706:db_repo:DEBUG:Adding An Entry to DB.
2022-08-04 22:13:49,718:db_repo:DEBUG:Adding An Entry to DB.
2022-08-04 22:13:49,729:db_repo:DEBUG:Adding An Entry to DB.
2022-08-04 22:13:49,740:db_repo:DEBUG:Adding An Entry to DB.
