2022-08-07 12:01:57,959:facade_anonymus:DEBUG:Setting up new customer and user...
2022-08-07 12:01:58,043:facade_base:INFO:User boris22 created!
2022-08-07 12:01:58,043:db_repo:DEBUG:Adding An Entry to DB.
2022-08-07 12:01:58,092:facade_anonymus:INFO:User boris22 created!
2022-08-07 12:01:58,092:db_repo:DEBUG:Adding An Entry to DB.
2022-08-07 12:01:58,110:facade_anonymus:INFO:Customer Boris22 Musnikov22 created!
2022-08-07 14:33:55,830:facade_anonymus:DEBUG:Attempting Logging-in...
2022-08-07 14:33:56,109:facade_anonymus:INFO:Welcome, l10r
2022-08-07 14:33:56,117:facade_anonymus:DEBUG:Attempting Logging-in...
2022-08-07 14:33:56,212:facade_anonymus:INFO:Welcome, m4x1m
2022-08-07 14:33:56,221:facade_anonymus:DEBUG:Attempting Logging-in...
2022-08-07 14:33:56,320:facade_anonymus:INFO:Welcome, 3m1l
2022-08-07 14:34:57,284:facade_anonymus:DEBUG:Attempting Logging-in...
2022-08-07 14:34:57,477:facade_anonymus:INFO:Welcome, l10r
2022-08-07 14:34:57,484:facade_anonymus:DEBUG:Attempting Logging-in...
2022-08-07 14:34:57,578:facade_anonymus:INFO:Welcome, m4x1m
2022-08-07 14:34:57,584:facade_anonymus:DEBUG:Attempting Logging-in...
2022-08-07 14:34:57,679:facade_anonymus:INFO:Welcome, 3m1l
2022-08-07 14:35:31,042:facade_anonymus:DEBUG:Attempting Logging-in...
2022-08-07 14:35:31,237:facade_anonymus:INFO:Welcome, l10r
2022-08-07 14:35:31,242:facade_anonymus:DEBUG:Attempting Logging-in...
2022-08-07 14:35:31,367:facade_anonymus:INFO:Welcome, m4x1m
2022-08-07 14:35:31,373:facade_anonymus:DEBUG:Attempting Logging-in...
2022-08-07 14:35:31,508:facade_anonymus:INFO:Welcome, 3m1l
2022-08-07 14:35:46,301:facade_anonymus:DEBUG:Attempting Logging-in...
2022-08-07 14:35:46,474:facade_anonymus:INFO:Welcome, l10r
2022-08-07 14:35:46,484:facade_anonymus:DEBUG:Attempting Logging-in...
2022-08-07 14:35:46,574:facade_anonymus:INFO:Welcome, m4x1m
2022-08-07 14:35:46,581:facade_anonymus:DEBUG:Attempting Logging-in...
2022-08-07 14:35:46,666:facade_anonymus:INFO:Welcome, 3m1l
2022-08-07 14:37:18,029:facade_anonymus:DEBUG:Attempting Logging-in...
2022-08-07 14:37:18,191:facade_anonymus:INFO:Welcome, l10r
2022-08-07 14:37:18,197:facade_anonymus:DEBUG:Attempting Logging-in...
2022-08-07 14:37:18,282:facade_anonymus:INFO:Welcome, m4x1m
2022-08-07 14:37:18,289:facade_anonymus:DEBUG:Attempting Logging-in...
2022-08-07 14:37:18,421:facade_anonymus:INFO:Welcome, 3m1l
2022-08-07 14:44:06,877:facade_anonymus:DEBUG:Attempting Logging-in...
2022-08-07 14:44:07,055:facade_anonymus:INFO:Welcome, l10r
2022-08-07 14:44:07,062:facade_anonymus:DEBUG:Attempting Logging-in...
2022-08-07 14:44:07,157:facade_anonymus:INFO:Welcome, m4x1m
2022-08-07 14:44:07,162:facade_anonymus:DEBUG:Attempting Logging-in...
2022-08-07 14:44:07,300:facade_anonymus:INFO:Welcome, 3m1l
2022-08-07 14:45:52,366:facade_anonymus:DEBUG:Attempting Logging-in...
2022-08-07 14:45:52,525:facade_anonymus:INFO:Welcome, l10r
2022-08-07 14:45:52,533:facade_anonymus:DEBUG:Attempting Logging-in...
2022-08-07 14:45:52,624:facade_anonymus:INFO:Welcome, m4x1m
2022-08-07 14:45:52,631:facade_anonymus:DEBUG:Attempting Logging-in...
2022-08-07 14:45:52,764:facade_anonymus:INFO:Welcome, 3m1l
2022-08-07 14:48:28,531:facade_anonymus:DEBUG:Attempting Logging-in...
2022-08-07 14:48:28,723:facade_anonymus:INFO:Welcome, l10r
2022-08-07 14:48:28,729:facade_anonymus:DEBUG:Attempting Logging-in...
2022-08-07 14:48:28,825:facade_anonymus:INFO:Welcome, m4x1m
2022-08-07 14:48:28,832:facade_anonymus:DEBUG:Attempting Logging-in...
2022-08-07 14:48:28,914:facade_anonymus:INFO:Welcome, 3m1l
2022-08-07 14:49:51,692:facade_anonymus:DEBUG:Attempting Logging-in...
2022-08-07 14:49:51,851:facade_anonymus:INFO:Welcome, l10r
2022-08-07 14:49:51,859:facade_anonymus:DEBUG:Attempting Logging-in...
2022-08-07 14:49:52,002:facade_anonymus:INFO:Welcome, m4x1m
2022-08-07 14:49:52,008:facade_anonymus:DEBUG:Attempting Logging-in...
2022-08-07 14:49:52,096:facade_anonymus:INFO:Welcome, 3m1l
2022-08-07 14:50:27,653:facade_anonymus:DEBUG:Attempting Logging-in...
2022-08-07 14:50:27,812:facade_anonymus:INFO:Welcome, l10r
2022-08-07 14:50:27,818:facade_anonymus:DEBUG:Attempting Logging-in...
2022-08-07 14:50:27,906:facade_anonymus:INFO:Welcome, m4x1m
2022-08-07 14:50:27,913:facade_anonymus:DEBUG:Attempting Logging-in...
2022-08-07 14:50:28,061:facade_anonymus:INFO:Welcome, 3m1l
2022-08-07 14:51:02,997:facade_anonymus:DEBUG:Attempting Logging-in...
2022-08-07 14:51:03,287:facade_anonymus:INFO:Welcome, l10r
2022-08-07 14:51:03,293:facade_anonymus:DEBUG:Attempting Logging-in...
2022-08-07 14:51:03,389:facade_anonymus:INFO:Welcome, m4x1m
2022-08-07 14:51:03,395:facade_anonymus:DEBUG:Attempting Logging-in...
2022-08-07 14:51:03,542:facade_anonymus:INFO:Welcome, 3m1l
2022-08-07 14:51:41,462:facade_anonymus:DEBUG:Attempting Logging-in...
2022-08-07 14:51:41,625:facade_anonymus:INFO:Welcome, l10r
2022-08-07 14:51:41,632:facade_anonymus:DEBUG:Attempting Logging-in...
2022-08-07 14:51:41,711:facade_anonymus:INFO:Welcome, m4x1m
2022-08-07 14:51:41,717:facade_anonymus:DEBUG:Attempting Logging-in...
2022-08-07 14:51:41,860:facade_anonymus:INFO:Welcome, 3m1l
2022-08-07 14:53:25,665:facade_anonymus:DEBUG:Attempting Logging-in...
2022-08-07 14:53:25,849:facade_anonymus:INFO:Welcome, l10r
2022-08-07 14:53:25,863:facade_anonymus:DEBUG:Attempting Logging-in...
2022-08-07 14:53:25,950:facade_anonymus:INFO:Welcome, m4x1m
2022-08-07 14:53:25,955:facade_anonymus:DEBUG:Attempting Logging-in...
2022-08-07 14:53:26,046:facade_anonymus:INFO:Welcome, 3m1l
2022-08-07 14:54:26,001:facade_anonymus:DEBUG:Attempting Logging-in...
2022-08-07 14:54:26,224:facade_anonymus:INFO:Welcome, l10r
2022-08-07 14:54:26,229:facade_anonymus:DEBUG:Attempting Logging-in...
2022-08-07 14:54:26,320:facade_anonymus:INFO:Welcome, m4x1m
2022-08-07 14:54:26,326:facade_anonymus:DEBUG:Attempting Logging-in...
2022-08-07 14:54:26,416:facade_anonymus:INFO:Welcome, 3m1l
2022-08-07 14:55:53,668:facade_anonymus:DEBUG:Attempting Logging-in...
2022-08-07 14:55:53,823:facade_anonymus:INFO:Welcome, l10r
2022-08-07 14:55:53,831:facade_anonymus:DEBUG:Attempting Logging-in...
2022-08-07 14:55:53,964:facade_anonymus:INFO:Welcome, m4x1m
2022-08-07 14:55:53,971:facade_anonymus:DEBUG:Attempting Logging-in...
2022-08-07 14:55:54,059:facade_anonymus:INFO:Welcome, 3m1l
2022-08-07 15:03:58,944:facade_anonymus:DEBUG:Attempting Logging-in...
2022-08-07 15:03:59,119:facade_anonymus:INFO:Welcome, l10r
2022-08-07 15:03:59,126:facade_anonymus:DEBUG:Attempting Logging-in...
2022-08-07 15:03:59,220:facade_anonymus:INFO:Welcome, m4x1m
2022-08-07 15:03:59,229:facade_anonymus:DEBUG:Attempting Logging-in...
2022-08-07 15:03:59,362:facade_anonymus:INFO:Welcome, 3m1l
2022-08-07 15:03:59,372:db_repo:DEBUG:Reseting initial DB.
2022-08-07 15:03:59,372:db_repo:WARNING:deleting all tables.
2022-08-07 15:03:59,372:db_repo:WARNING:deleting table countries.
2022-08-07 15:03:59,393:db_repo:WARNING:deleting table flights.
2022-08-07 15:03:59,401:db_repo:WARNING:deleting table tickets.
2022-08-07 15:03:59,407:db_repo:WARNING:deleting table airline_companies.
2022-08-07 15:03:59,416:db_repo:WARNING:deleting table administrators.
2022-08-07 15:03:59,424:db_repo:WARNING:deleting table customers.
2022-08-07 15:03:59,434:db_repo:WARNING:deleting table users.
2022-08-07 15:03:59,443:db_repo:WARNING:deleting table user_roles.
2022-08-07 15:03:59,872:db_repo:DEBUG:Adding An Entry to DB.
2022-08-07 15:03:59,933:db_repo:DEBUG:Adding An Entry to DB.
2022-08-07 15:03:59,942:db_repo:DEBUG:Adding An Entry to DB.
2022-08-07 15:03:59,945:db_repo:DEBUG:Adding An Entry to DB.
2022-08-07 15:03:59,948:db_repo:DEBUG:Adding An Entry to DB.
2022-08-07 15:03:59,952:db_repo:DEBUG:Adding An Entry to DB.
2022-08-07 15:03:59,955:db_repo:DEBUG:Adding An Entry to DB.
2022-08-07 15:03:59,958:db_repo:DEBUG:Adding An Entry to DB.
2022-08-07 15:03:59,961:db_repo:DEBUG:Adding An Entry to DB.
2022-08-07 15:03:59,965:db_repo:DEBUG:Adding An Entry to DB.
2022-08-07 15:03:59,969:db_repo:DEBUG:Adding An Entry to DB.
2022-08-07 15:03:59,973:db_repo:DEBUG:Adding An Entry to DB.
2022-08-07 15:03:59,976:db_repo:DEBUG:Adding An Entry to DB.
2022-08-07 15:03:59,981:db_repo:DEBUG:Adding An Entry to DB.
2022-08-07 15:03:59,985:db_repo:DEBUG:Adding An Entry to DB.
2022-08-07 15:03:59,988:db_repo:DEBUG:Adding An Entry to DB.
2022-08-07 15:03:59,993:db_repo:DEBUG:Adding An Entry to DB.
2022-08-07 15:03:59,997:db_repo:DEBUG:Adding An Entry to DB.
2022-08-07 15:04:00,000:db_repo:DEBUG:Adding An Entry to DB.
2022-08-07 15:04:00,004:db_repo:DEBUG:Adding An Entry to DB.
2022-08-07 15:04:00,007:db_repo:DEBUG:Adding An Entry to DB.
2022-08-07 15:04:00,010:db_repo:DEBUG:Adding An Entry to DB.
2022-08-07 15:04:00,014:db_repo:DEBUG:Adding An Entry to DB.
2022-08-07 15:04:00,023:db_repo:DEBUG:Adding An Entry to DB.
2022-08-07 15:04:00,037:db_repo:DEBUG:Adding An Entry to DB.
2022-08-07 15:04:00,041:db_repo:DEBUG:Adding An Entry to DB.
2022-08-07 15:04:00,045:db_repo:DEBUG:Adding An Entry to DB.
2022-08-07 15:04:00,051:db_repo:DEBUG:Adding An Entry to DB.
2022-08-07 15:04:00,054:db_repo:DEBUG:Adding An Entry to DB.
2022-08-07 15:04:00,058:db_repo:DEBUG:Adding An Entry to DB.
2022-08-07 15:04:00,062:db_repo:DEBUG:Adding An Entry to DB.
2022-08-07 15:04:00,064:db_repo:DEBUG:Adding An Entry to DB.
2022-08-07 15:04:00,068:db_repo:DEBUG:Adding An Entry to DB.
2022-08-07 15:04:00,071:db_repo:DEBUG:Adding An Entry to DB.
2022-08-07 15:04:00,076:db_repo:DEBUG:Adding An Entry to DB.
2022-08-07 15:04:00,079:db_repo:DEBUG:Adding An Entry to DB.
2022-08-07 15:04:00,082:db_repo:DEBUG:Adding An Entry to DB.
2022-08-07 15:04:00,085:db_repo:DEBUG:Adding An Entry to DB.
2022-08-07 15:04:00,087:db_repo:DEBUG:Adding An Entry to DB.
2022-08-07 15:04:00,089:db_repo:DEBUG:Adding An Entry to DB.
2022-08-07 15:04:00,094:db_repo:DEBUG:Adding An Entry to DB.
2022-08-07 15:04:00,096:db_repo:DEBUG:Adding An Entry to DB.
2022-08-07 15:04:00,099:db_repo:DEBUG:Adding An Entry to DB.
2022-08-07 15:04:00,101:db_repo:DEBUG:Adding An Entry to DB.
2022-08-07 15:04:00,103:db_repo:DEBUG:Adding An Entry to DB.
2022-08-07 15:04:00,106:db_repo:DEBUG:Adding An Entry to DB.
2022-08-07 15:04:00,111:db_repo:DEBUG:Adding An Entry to DB.
2022-08-07 15:04:00,113:db_repo:DEBUG:Adding An Entry to DB.
2022-08-07 15:04:00,115:db_repo:DEBUG:Adding An Entry to DB.
2022-08-07 15:04:00,117:db_repo:DEBUG:Adding An Entry to DB.
2022-08-07 15:04:00,119:db_repo:DEBUG:Adding An Entry to DB.
2022-08-07 15:04:00,121:db_repo:DEBUG:Adding An Entry to DB.
2022-08-07 15:04:00,126:db_repo:DEBUG:Adding An Entry to DB.
2022-08-07 15:04:00,128:db_repo:DEBUG:Adding An Entry to DB.
2022-08-07 15:04:00,131:db_repo:DEBUG:Adding An Entry to DB.
2022-08-07 15:04:00,134:db_repo:DEBUG:Adding An Entry to DB.
2022-08-07 15:04:00,136:db_repo:DEBUG:Adding An Entry to DB.
2022-08-07 15:04:00,138:db_repo:DEBUG:Adding An Entry to DB.
2022-08-07 15:04:00,142:db_repo:DEBUG:Adding An Entry to DB.
2022-08-07 15:04:00,145:db_repo:DEBUG:Adding An Entry to DB.
2022-08-07 15:04:00,147:db_repo:DEBUG:Adding An Entry to DB.
2022-08-07 15:04:00,149:db_repo:DEBUG:Adding An Entry to DB.
2022-08-07 15:04:00,151:db_repo:DEBUG:Adding An Entry to DB.
2022-08-07 15:04:00,153:db_repo:DEBUG:Adding An Entry to DB.
2022-08-07 15:04:00,156:db_repo:DEBUG:Adding An Entry to DB.
2022-08-07 15:04:00,160:db_repo:DEBUG:Adding An Entry to DB.
2022-08-07 15:04:00,162:db_repo:DEBUG:Adding An Entry to DB.
2022-08-07 15:04:00,165:db_repo:DEBUG:Adding An Entry to DB.
2022-08-07 15:04:00,168:db_repo:DEBUG:Adding An Entry to DB.
2022-08-07 15:04:00,171:db_repo:DEBUG:Adding An Entry to DB.
2022-08-07 15:04:00,175:db_repo:DEBUG:Adding An Entry to DB.
2022-08-07 15:04:00,179:db_repo:DEBUG:Adding An Entry to DB.
2022-08-07 15:04:00,181:db_repo:DEBUG:Adding An Entry to DB.
2022-08-07 15:04:00,183:db_repo:DEBUG:Adding An Entry to DB.
2022-08-07 15:04:00,185:db_repo:DEBUG:Adding An Entry to DB.
2022-08-07 15:04:00,187:db_repo:DEBUG:Adding An Entry to DB.
2022-08-07 15:04:00,190:db_repo:DEBUG:Adding An Entry to DB.
2022-08-07 15:04:00,194:db_repo:DEBUG:Adding An Entry to DB.
2022-08-07 15:04:00,196:db_repo:DEBUG:Adding An Entry to DB.
2022-08-07 15:04:00,199:db_repo:DEBUG:Adding An Entry to DB.
2022-08-07 15:04:00,202:db_repo:DEBUG:Adding An Entry to DB.
2022-08-07 15:04:00,204:db_repo:DEBUG:Adding An Entry to DB.
2022-08-07 15:04:00,208:db_repo:DEBUG:Adding An Entry to DB.
2022-08-07 15:04:00,211:db_repo:DEBUG:Adding An Entry to DB.
2022-08-07 15:04:00,213:db_repo:DEBUG:Adding An Entry to DB.
2022-08-07 15:04:00,217:db_repo:DEBUG:Adding An Entry to DB.
2022-08-07 15:04:00,218:db_repo:DEBUG:Adding An Entry to DB.
2022-08-07 15:04:00,219:db_repo:DEBUG:Adding An Entry to DB.
2022-08-07 15:04:00,222:db_repo:DEBUG:Adding An Entry to DB.
2022-08-07 15:04:00,226:db_repo:DEBUG:Adding An Entry to DB.
2022-08-07 15:04:00,228:db_repo:DEBUG:Adding An Entry to DB.
2022-08-07 15:04:00,232:db_repo:DEBUG:Adding An Entry to DB.
2022-08-07 15:04:00,233:db_repo:DEBUG:Adding An Entry to DB.
2022-08-07 15:04:00,235:db_repo:DEBUG:Adding An Entry to DB.
2022-08-07 15:04:00,237:db_repo:DEBUG:Adding An Entry to DB.
2022-08-07 15:04:00,243:db_repo:DEBUG:Adding An Entry to DB.
2022-08-07 15:04:00,246:db_repo:DEBUG:Adding An Entry to DB.
2022-08-07 15:04:00,248:db_repo:DEBUG:Adding An Entry to DB.
2022-08-07 15:04:00,250:db_repo:DEBUG:Adding An Entry to DB.
2022-08-07 15:04:00,252:db_repo:DEBUG:Adding An Entry to DB.
2022-08-07 15:04:00,254:db_repo:DEBUG:Adding An Entry to DB.
2022-08-07 15:04:00,256:db_repo:DEBUG:Adding An Entry to DB.
2022-08-07 15:04:00,260:db_repo:DEBUG:Adding An Entry to DB.
2022-08-07 15:04:00,262:db_repo:DEBUG:Adding An Entry to DB.
2022-08-07 15:04:00,265:db_repo:DEBUG:Adding An Entry to DB.
2022-08-07 15:04:00,267:db_repo:DEBUG:Adding An Entry to DB.
2022-08-07 15:04:00,269:db_repo:DEBUG:Adding An Entry to DB.
2022-08-07 15:04:00,271:db_repo:DEBUG:Adding An Entry to DB.
2022-08-07 15:04:00,275:db_repo:DEBUG:Adding An Entry to DB.
2022-08-07 15:04:00,278:db_repo:DEBUG:Adding An Entry to DB.
2022-08-07 15:04:00,281:db_repo:DEBUG:Adding An Entry to DB.
2022-08-07 15:04:00,283:db_repo:DEBUG:Adding An Entry to DB.
2022-08-07 15:04:00,285:db_repo:DEBUG:Adding An Entry to DB.
2022-08-07 15:04:00,287:db_repo:DEBUG:Adding An Entry to DB.
2022-08-07 15:04:00,291:db_repo:DEBUG:Adding An Entry to DB.
2022-08-07 15:04:00,294:db_repo:DEBUG:Adding An Entry to DB.
2022-08-07 15:04:00,296:db_repo:DEBUG:Adding An Entry to DB.
2022-08-07 15:04:00,299:db_repo:DEBUG:Adding An Entry to DB.
2022-08-07 15:04:00,301:db_repo:DEBUG:Adding An Entry to DB.
2022-08-07 15:04:00,303:db_repo:DEBUG:Adding An Entry to DB.
2022-08-07 15:04:00,305:db_repo:DEBUG:Adding An Entry to DB.
2022-08-07 15:04:00,310:db_repo:DEBUG:Adding An Entry to DB.
2022-08-07 15:04:00,313:db_repo:DEBUG:Adding An Entry to DB.
2022-08-07 15:04:00,316:db_repo:DEBUG:Adding An Entry to DB.
2022-08-07 15:04:00,318:db_repo:DEBUG:Adding An Entry to DB.
2022-08-07 15:04:00,320:db_repo:DEBUG:Adding An Entry to DB.
2022-08-07 15:04:00,325:db_repo:DEBUG:Adding An Entry to DB.
2022-08-07 15:04:00,328:db_repo:DEBUG:Adding An Entry to DB.
2022-08-07 15:04:00,331:db_repo:DEBUG:Adding An Entry to DB.
2022-08-07 15:04:00,333:db_repo:DEBUG:Adding An Entry to DB.
2022-08-07 15:04:00,335:db_repo:DEBUG:Adding An Entry to DB.
2022-08-07 15:04:00,337:db_repo:DEBUG:Adding An Entry to DB.
2022-08-07 15:04:00,341:db_repo:DEBUG:Adding An Entry to DB.
2022-08-07 15:04:00,344:db_repo:DEBUG:Adding An Entry to DB.
2022-08-07 15:04:00,347:db_repo:DEBUG:Adding An Entry to DB.
2022-08-07 15:04:00,349:db_repo:DEBUG:Adding An Entry to DB.
2022-08-07 15:04:00,351:db_repo:DEBUG:Adding An Entry to DB.
2022-08-07 15:04:00,353:db_repo:DEBUG:Adding An Entry to DB.
2022-08-07 15:04:00,358:db_repo:DEBUG:Adding An Entry to DB.
2022-08-07 15:04:00,361:db_repo:DEBUG:Adding An Entry to DB.
2022-08-07 15:04:00,363:db_repo:DEBUG:Adding An Entry to DB.
2022-08-07 15:04:00,364:db_repo:DEBUG:Adding An Entry to DB.
2022-08-07 15:04:00,366:db_repo:DEBUG:Adding An Entry to DB.
2022-08-07 15:04:00,369:db_repo:DEBUG:Adding An Entry to DB.
2022-08-07 15:04:00,371:db_repo:DEBUG:Adding An Entry to DB.
2022-08-07 15:04:00,375:db_repo:DEBUG:Adding An Entry to DB.
2022-08-07 15:04:00,378:db_repo:DEBUG:Adding An Entry to DB.
2022-08-07 15:04:00,380:db_repo:DEBUG:Adding An Entry to DB.
2022-08-07 15:04:00,382:db_repo:DEBUG:Adding An Entry to DB.
2022-08-07 15:04:00,385:db_repo:DEBUG:Adding An Entry to DB.
2022-08-07 15:04:00,387:db_repo:DEBUG:Adding An Entry to DB.
2022-08-07 15:04:00,389:db_repo:DEBUG:Adding An Entry to DB.
2022-08-07 15:04:00,393:db_repo:DEBUG:Adding An Entry to DB.
2022-08-07 15:04:00,395:db_repo:DEBUG:Adding An Entry to DB.
2022-08-07 15:04:00,397:db_repo:DEBUG:Adding An Entry to DB.
2022-08-07 15:04:00,399:db_repo:DEBUG:Adding An Entry to DB.
2022-08-07 15:04:00,401:db_repo:DEBUG:Adding An Entry to DB.
2022-08-07 15:04:00,404:db_repo:DEBUG:Adding An Entry to DB.
2022-08-07 15:04:00,406:db_repo:DEBUG:Adding An Entry to DB.
2022-08-07 15:04:00,410:db_repo:DEBUG:Adding An Entry to DB.
2022-08-07 15:04:00,414:db_repo:DEBUG:Adding An Entry to DB.
2022-08-07 15:04:00,416:db_repo:DEBUG:Adding An Entry to DB.
2022-08-07 15:04:00,418:db_repo:DEBUG:Adding An Entry to DB.
2022-08-07 15:04:00,421:db_repo:DEBUG:Adding An Entry to DB.
2022-08-07 15:04:00,426:db_repo:DEBUG:Adding An Entry to DB.
2022-08-07 15:04:00,429:db_repo:DEBUG:Adding An Entry to DB.
2022-08-07 15:04:00,431:db_repo:DEBUG:Adding An Entry to DB.
2022-08-07 15:04:00,434:db_repo:DEBUG:Adding An Entry to DB.
2022-08-07 15:04:00,436:db_repo:DEBUG:Adding An Entry to DB.
2022-08-07 15:04:00,438:db_repo:DEBUG:Adding An Entry to DB.
2022-08-07 15:04:00,442:db_repo:DEBUG:Adding An Entry to DB.
2022-08-07 15:04:00,444:db_repo:DEBUG:Adding An Entry to DB.
2022-08-07 15:04:00,447:db_repo:DEBUG:Adding An Entry to DB.
2022-08-07 15:04:00,449:db_repo:DEBUG:Adding An Entry to DB.
2022-08-07 15:04:00,451:db_repo:DEBUG:Adding An Entry to DB.
2022-08-07 15:04:00,454:db_repo:DEBUG:Adding An Entry to DB.
2022-08-07 15:04:00,459:db_repo:DEBUG:Adding An Entry to DB.
2022-08-07 15:04:00,462:db_repo:DEBUG:Adding An Entry to DB.
2022-08-07 15:04:00,465:db_repo:DEBUG:Adding An Entry to DB.
2022-08-07 15:04:00,468:db_repo:DEBUG:Adding An Entry to DB.
2022-08-07 15:04:00,471:db_repo:DEBUG:Adding An Entry to DB.
2022-08-07 15:04:00,475:db_repo:DEBUG:Adding An Entry to DB.
2022-08-07 15:04:00,478:db_repo:DEBUG:Adding An Entry to DB.
2022-08-07 15:04:00,482:db_repo:DEBUG:Adding An Entry to DB.
2022-08-07 15:04:00,485:db_repo:DEBUG:Adding An Entry to DB.
2022-08-07 15:04:00,494:db_repo:DEBUG:Adding An Entry to DB.
2022-08-07 15:04:00,499:db_repo:DEBUG:Adding An Entry to DB.
2022-08-07 15:04:00,504:db_repo:DEBUG:Adding An Entry to DB.
2022-08-07 15:04:00,510:db_repo:DEBUG:Adding An Entry to DB.
2022-08-07 15:04:00,513:db_repo:DEBUG:Adding An Entry to DB.
2022-08-07 15:04:00,516:db_repo:DEBUG:Adding An Entry to DB.
2022-08-07 15:04:00,519:db_repo:DEBUG:Adding An Entry to DB.
2022-08-07 15:04:00,523:db_repo:DEBUG:Adding An Entry to DB.
2022-08-07 15:04:00,526:db_repo:DEBUG:Adding An Entry to DB.
2022-08-07 15:04:00,529:db_repo:DEBUG:Adding An Entry to DB.
2022-08-07 15:04:00,532:db_repo:DEBUG:Adding An Entry to DB.
2022-08-07 15:04:00,535:db_repo:DEBUG:Adding An Entry to DB.
2022-08-07 15:04:00,538:db_repo:DEBUG:Adding An Entry to DB.
2022-08-07 15:04:00,541:db_repo:DEBUG:Adding An Entry to DB.
2022-08-07 15:04:00,546:db_repo:DEBUG:Adding An Entry to DB.
2022-08-07 15:04:00,549:db_repo:DEBUG:Adding An Entry to DB.
2022-08-07 15:04:00,553:db_repo:DEBUG:Adding An Entry to DB.
2022-08-07 15:04:00,557:db_repo:DEBUG:Adding An Entry to DB.
2022-08-07 15:04:00,561:db_repo:DEBUG:Adding An Entry to DB.
2022-08-07 15:04:00,564:db_repo:DEBUG:Adding An Entry to DB.
2022-08-07 15:04:00,566:db_repo:DEBUG:Adding An Entry to DB.
2022-08-07 15:04:00,570:db_repo:DEBUG:Adding An Entry to DB.
2022-08-07 15:04:00,573:db_repo:DEBUG:Adding An Entry to DB.
2022-08-07 15:04:00,578:db_repo:DEBUG:Adding An Entry to DB.
2022-08-07 15:04:00,581:db_repo:DEBUG:Adding An Entry to DB.
2022-08-07 15:04:00,584:db_repo:DEBUG:Adding An Entry to DB.
2022-08-07 15:04:00,586:db_repo:DEBUG:Adding An Entry to DB.
2022-08-07 15:04:00,589:db_repo:DEBUG:Adding An Entry to DB.
2022-08-07 15:04:00,594:db_repo:DEBUG:Adding An Entry to DB.
2022-08-07 15:04:00,597:db_repo:DEBUG:Adding An Entry to DB.
2022-08-07 15:04:00,600:db_repo:DEBUG:Adding An Entry to DB.
2022-08-07 15:04:00,604:db_repo:DEBUG:Adding An Entry to DB.
2022-08-07 15:04:00,608:db_repo:DEBUG:Adding An Entry to DB.
2022-08-07 15:04:00,611:db_repo:DEBUG:Adding An Entry to DB.
2022-08-07 15:04:00,614:db_repo:DEBUG:Adding An Entry to DB.
2022-08-07 15:04:00,618:db_repo:DEBUG:Adding An Entry to DB.
2022-08-07 15:04:00,622:db_repo:DEBUG:Adding An Entry to DB.
2022-08-07 15:04:00,626:db_repo:DEBUG:Adding An Entry to DB.
2022-08-07 15:04:00,629:db_repo:DEBUG:Adding An Entry to DB.
2022-08-07 15:04:00,632:db_repo:DEBUG:Adding An Entry to DB.
2022-08-07 15:04:00,635:db_repo:DEBUG:Adding An Entry to DB.
2022-08-07 15:04:00,637:db_repo:DEBUG:Adding An Entry to DB.
2022-08-07 15:04:00,642:db_repo:DEBUG:Adding An Entry to DB.
2022-08-07 15:04:00,644:db_repo:DEBUG:Adding An Entry to DB.
2022-08-07 15:04:00,647:db_repo:DEBUG:Adding An Entry to DB.
2022-08-07 15:04:00,649:db_repo:DEBUG:Adding An Entry to DB.
2022-08-07 15:04:00,652:db_repo:DEBUG:Adding An Entry to DB.
2022-08-07 15:04:00,654:db_repo:DEBUG:Adding An Entry to DB.
2022-08-07 15:04:00,659:db_repo:DEBUG:Adding An Entry to DB.
2022-08-07 15:04:00,661:db_repo:DEBUG:Adding An Entry to DB.
2022-08-07 15:04:00,664:db_repo:DEBUG:Adding An Entry to DB.
2022-08-07 15:04:00,667:db_repo:DEBUG:Adding An Entry to DB.
2022-08-07 15:04:00,669:db_repo:DEBUG:Adding An Entry to DB.
2022-08-07 15:04:00,671:db_repo:DEBUG:Adding An Entry to DB.
2022-08-07 15:04:00,676:db_repo:DEBUG:Adding An Entry to DB.
2022-08-07 15:04:00,678:db_repo:DEBUG:Adding An Entry to DB.
2022-08-07 15:04:00,680:db_repo:DEBUG:Adding An Entry to DB.
2022-08-07 15:04:00,683:db_repo:DEBUG:Adding An Entry to DB.
2022-08-07 15:04:00,685:db_repo:DEBUG:Adding An Entry to DB.
2022-08-07 15:04:00,687:db_repo:DEBUG:Adding Multiple Entries to DB.
2022-08-07 15:04:01,241:db_repo:DEBUG:Adding Multiple Entries to DB.
2022-08-07 15:04:01,255:db_repo:DEBUG:Adding Multiple Entries to DB.
2022-08-07 15:04:01,267:db_repo:DEBUG:Adding Multiple Entries to DB.
2022-08-07 15:04:01,277:db_repo:DEBUG:Adding Multiple Entries to DB.
2022-08-07 15:04:01,292:db_repo:DEBUG:Adding Multiple Entries to DB.
2022-08-07 15:04:01,305:db_repo:DEBUG:Adding Multiple Entries to DB.
2022-08-07 15:04:01,385:db_repo:DEBUG:From C:\git\pyCodeBasement\FINAL_PROJECT\db_files\sp_file.sql - All SP were created.
2022-08-07 15:06:17,924:facade_anonymus:DEBUG:Attempting Logging-in...
2022-08-07 15:06:18,102:facade_anonymus:INFO:Welcome, l10r
2022-08-07 15:06:18,110:facade_anonymus:DEBUG:Attempting Logging-in...
2022-08-07 15:06:18,200:facade_anonymus:INFO:Welcome, m4x1m
2022-08-07 15:06:18,208:facade_anonymus:DEBUG:Attempting Logging-in...
2022-08-07 15:06:18,342:facade_anonymus:INFO:Welcome, 3m1l
2022-08-07 15:06:40,024:facade_anonymus:DEBUG:Attempting Logging-in...
2022-08-07 15:06:40,230:facade_anonymus:INFO:Welcome, l10r
2022-08-07 15:06:40,234:facade_anonymus:DEBUG:Attempting Logging-in...
2022-08-07 15:06:40,320:facade_anonymus:INFO:Welcome, m4x1m
2022-08-07 15:06:40,326:facade_anonymus:DEBUG:Attempting Logging-in...
2022-08-07 15:06:40,412:facade_anonymus:INFO:Welcome, 3m1l
2022-08-07 15:07:07,278:facade_anonymus:DEBUG:Attempting Logging-in...
2022-08-07 15:07:07,455:facade_anonymus:INFO:Welcome, l10r
2022-08-07 15:07:07,463:facade_anonymus:DEBUG:Attempting Logging-in...
2022-08-07 15:07:07,616:facade_anonymus:INFO:Welcome, m4x1m
2022-08-07 15:07:07,623:facade_anonymus:DEBUG:Attempting Logging-in...
2022-08-07 15:07:07,721:facade_anonymus:INFO:Welcome, 3m1l
2022-08-07 15:07:29,610:facade_anonymus:DEBUG:Attempting Logging-in...
2022-08-07 15:07:29,782:facade_anonymus:INFO:Welcome, l10r
2022-08-07 15:07:29,789:facade_anonymus:DEBUG:Attempting Logging-in...
2022-08-07 15:07:29,870:facade_anonymus:INFO:Welcome, m4x1m
2022-08-07 15:07:29,876:facade_anonymus:DEBUG:Attempting Logging-in...
2022-08-07 15:07:29,964:facade_anonymus:INFO:Welcome, 3m1l
2022-08-07 15:09:28,579:facade_anonymus:DEBUG:Attempting Logging-in...
2022-08-07 15:09:28,761:facade_anonymus:INFO:Welcome, l10r
2022-08-07 15:09:28,768:facade_anonymus:DEBUG:Attempting Logging-in...
2022-08-07 15:09:28,872:facade_anonymus:INFO:Welcome, m4x1m
2022-08-07 15:09:28,878:facade_anonymus:DEBUG:Attempting Logging-in...
2022-08-07 15:09:28,967:facade_anonymus:INFO:Welcome, 3m1l
2022-08-07 15:10:03,507:facade_anonymus:DEBUG:Attempting Logging-in...
2022-08-07 15:10:03,842:facade_anonymus:INFO:Welcome, l10r
2022-08-07 15:10:03,847:facade_anonymus:DEBUG:Attempting Logging-in...
2022-08-07 15:10:03,934:facade_anonymus:INFO:Welcome, m4x1m
2022-08-07 15:10:03,940:facade_anonymus:DEBUG:Attempting Logging-in...
2022-08-07 15:10:04,024:facade_anonymus:INFO:Welcome, 3m1l
2022-08-07 15:12:24,547:facade_anonymus:DEBUG:Attempting Logging-in...
2022-08-07 15:12:24,713:facade_anonymus:INFO:Welcome, l10r
2022-08-07 15:12:24,718:facade_anonymus:DEBUG:Attempting Logging-in...
2022-08-07 15:12:24,808:facade_anonymus:INFO:Welcome, m4x1m
2022-08-07 15:12:24,813:facade_anonymus:DEBUG:Attempting Logging-in...
2022-08-07 15:12:24,925:facade_anonymus:INFO:Welcome, 3m1l
2022-08-07 15:12:56,244:facade_anonymus:DEBUG:Attempting Logging-in...
2022-08-07 15:12:56,407:facade_anonymus:INFO:Welcome, l10r
2022-08-07 15:12:56,413:facade_anonymus:DEBUG:Attempting Logging-in...
2022-08-07 15:12:56,497:facade_anonymus:INFO:Welcome, m4x1m
2022-08-07 15:12:56,503:facade_anonymus:DEBUG:Attempting Logging-in...
2022-08-07 15:12:56,632:facade_anonymus:INFO:Welcome, 3m1l
2022-08-07 15:14:18,707:facade_anonymus:DEBUG:Attempting Logging-in...
2022-08-07 15:14:18,898:facade_anonymus:INFO:Welcome, l10r
2022-08-07 15:14:18,911:facade_anonymus:DEBUG:Attempting Logging-in...
2022-08-07 15:14:18,995:facade_anonymus:INFO:Welcome, m4x1m
2022-08-07 15:14:19,000:facade_anonymus:DEBUG:Attempting Logging-in...
2022-08-07 15:14:19,088:facade_anonymus:INFO:Welcome, 3m1l
2022-08-07 15:14:35,827:facade_anonymus:DEBUG:Attempting Logging-in...
2022-08-07 15:14:35,990:facade_anonymus:INFO:Welcome, l10r
2022-08-07 15:14:35,997:facade_anonymus:DEBUG:Attempting Logging-in...
2022-08-07 15:14:36,131:facade_anonymus:INFO:Welcome, m4x1m
2022-08-07 15:14:36,135:facade_anonymus:DEBUG:Attempting Logging-in...
2022-08-07 15:14:36,220:facade_anonymus:INFO:Welcome, 3m1l
2022-08-07 15:30:11,730:facade_anonymus:DEBUG:Attempting Logging-in...
2022-08-07 15:33:37,582:facade_anonymus:DEBUG:Attempting Logging-in...
2022-08-07 15:33:37,762:facade_anonymus:INFO:Welcome, l10r
2022-08-07 15:33:37,771:facade_anonymus:DEBUG:Attempting Logging-in...
2022-08-07 15:33:37,865:facade_anonymus:INFO:Welcome, m4x1m
2022-08-07 15:33:37,872:facade_anonymus:DEBUG:Attempting Logging-in...
2022-08-07 15:33:37,957:facade_anonymus:INFO:Welcome, 3m1l
2022-08-07 15:35:57,555:facade_anonymus:DEBUG:Attempting Logging-in...
2022-08-07 15:35:57,728:facade_anonymus:INFO:Welcome, l10r
2022-08-07 15:35:57,735:facade_anonymus:DEBUG:Attempting Logging-in...
2022-08-07 15:35:57,817:facade_anonymus:INFO:Welcome, m4x1m
2022-08-07 15:35:57,824:facade_anonymus:DEBUG:Attempting Logging-in...
2022-08-07 15:35:57,912:facade_anonymus:INFO:Welcome, 3m1l
2022-08-07 15:36:19,494:facade_anonymus:DEBUG:Attempting Logging-in...
2022-08-07 15:36:19,694:facade_anonymus:INFO:Welcome, l10r
2022-08-07 15:36:19,699:facade_anonymus:DEBUG:Attempting Logging-in...
2022-08-07 15:36:19,782:facade_anonymus:INFO:Welcome, m4x1m
2022-08-07 15:36:19,788:facade_anonymus:DEBUG:Attempting Logging-in...
2022-08-07 15:36:19,874:facade_anonymus:INFO:Welcome, 3m1l
2022-08-07 15:36:27,471:facade_anonymus:DEBUG:Attempting Logging-in...
2022-08-07 15:36:27,640:facade_anonymus:INFO:Welcome, l10r
2022-08-07 15:36:27,646:facade_anonymus:DEBUG:Attempting Logging-in...
2022-08-07 15:36:27,732:facade_anonymus:INFO:Welcome, m4x1m
2022-08-07 15:36:27,738:facade_anonymus:DEBUG:Attempting Logging-in...
2022-08-07 15:36:27,821:facade_anonymus:INFO:Welcome, 3m1l
2022-08-07 15:41:06,865:facade_anonymus:DEBUG:Attempting Logging-in...
2022-08-07 15:41:07,076:facade_anonymus:INFO:Welcome, l10r
2022-08-07 15:41:07,081:facade_anonymus:DEBUG:Attempting Logging-in...
2022-08-07 15:41:07,166:facade_anonymus:INFO:Welcome, m4x1m
2022-08-07 15:41:07,171:facade_anonymus:DEBUG:Attempting Logging-in...
2022-08-07 15:41:07,258:facade_anonymus:INFO:Welcome, 3m1l
2022-08-07 15:41:41,912:facade_anonymus:DEBUG:Attempting Logging-in...
2022-08-07 15:41:42,130:facade_anonymus:INFO:Welcome, l10r
2022-08-07 15:41:42,138:facade_anonymus:DEBUG:Attempting Logging-in...
2022-08-07 15:41:42,226:facade_anonymus:INFO:Welcome, m4x1m
2022-08-07 15:41:42,231:facade_anonymus:DEBUG:Attempting Logging-in...
2022-08-07 15:41:42,308:facade_anonymus:INFO:Welcome, 3m1l
2022-08-07 15:48:51,339:facade_anonymus:DEBUG:Attempting Logging-in...
2022-08-07 15:48:51,521:facade_anonymus:INFO:Welcome, l10r
2022-08-07 15:48:51,528:facade_anonymus:DEBUG:Attempting Logging-in...
2022-08-07 15:48:51,612:facade_anonymus:INFO:Welcome, m4x1m
2022-08-07 15:48:51,619:facade_anonymus:DEBUG:Attempting Logging-in...
2022-08-07 15:48:51,707:facade_anonymus:INFO:Welcome, 3m1l
2022-08-07 15:49:16,570:facade_anonymus:DEBUG:Attempting Logging-in...
2022-08-07 15:49:16,752:facade_anonymus:INFO:Welcome, l10r
2022-08-07 15:49:16,759:facade_anonymus:DEBUG:Attempting Logging-in...
2022-08-07 15:49:16,852:facade_anonymus:INFO:Welcome, m4x1m
2022-08-07 15:49:16,858:facade_anonymus:DEBUG:Attempting Logging-in...
2022-08-07 15:49:16,945:facade_anonymus:INFO:Welcome, 3m1l
2022-08-07 15:50:27,824:facade_anonymus:DEBUG:Attempting Logging-in...
2022-08-07 15:50:28,053:facade_anonymus:INFO:Welcome, l10r
2022-08-07 15:50:28,059:facade_anonymus:DEBUG:Attempting Logging-in...
2022-08-07 15:50:28,142:facade_anonymus:INFO:Welcome, m4x1m
2022-08-07 15:50:28,148:facade_anonymus:DEBUG:Attempting Logging-in...
2022-08-07 15:50:28,241:facade_anonymus:INFO:Welcome, 3m1l
2022-08-07 15:50:28,250:db_repo:DEBUG:Reseting initial DB.
2022-08-07 15:50:28,250:db_repo:WARNING:deleting all tables.
2022-08-07 15:50:28,250:db_repo:WARNING:deleting table countries.
2022-08-07 15:50:28,267:db_repo:WARNING:deleting table flights.
2022-08-07 15:50:28,280:db_repo:WARNING:deleting table tickets.
2022-08-07 15:50:28,289:db_repo:WARNING:deleting table airline_companies.
2022-08-07 15:50:28,302:db_repo:WARNING:deleting table administrators.
2022-08-07 15:50:28,316:db_repo:WARNING:deleting table customers.
2022-08-07 15:50:28,331:db_repo:WARNING:deleting table users.
2022-08-07 15:50:28,342:db_repo:WARNING:deleting table user_roles.
2022-08-07 15:50:28,849:db_repo:DEBUG:Adding An Entry to DB.
2022-08-07 15:50:28,898:db_repo:DEBUG:Adding An Entry to DB.
2022-08-07 15:50:28,911:db_repo:DEBUG:Adding An Entry to DB.
2022-08-07 15:50:28,915:db_repo:DEBUG:Adding An Entry to DB.
2022-08-07 15:50:28,923:db_repo:DEBUG:Adding An Entry to DB.
2022-08-07 15:50:28,929:db_repo:DEBUG:Adding An Entry to DB.
2022-08-07 15:50:28,936:db_repo:DEBUG:Adding An Entry to DB.
2022-08-07 15:50:28,940:db_repo:DEBUG:Adding An Entry to DB.
2022-08-07 15:50:28,946:db_repo:DEBUG:Adding An Entry to DB.
2022-08-07 15:50:28,952:db_repo:DEBUG:Adding An Entry to DB.
2022-08-07 15:50:28,958:db_repo:DEBUG:Adding An Entry to DB.
2022-08-07 15:50:28,964:db_repo:DEBUG:Adding An Entry to DB.
2022-08-07 15:50:28,970:db_repo:DEBUG:Adding An Entry to DB.
2022-08-07 15:50:28,974:db_repo:DEBUG:Adding An Entry to DB.
2022-08-07 15:50:28,978:db_repo:DEBUG:Adding An Entry to DB.
2022-08-07 15:50:28,983:db_repo:DEBUG:Adding An Entry to DB.
2022-08-07 15:50:28,991:db_repo:DEBUG:Adding An Entry to DB.
2022-08-07 15:50:28,997:db_repo:DEBUG:Adding An Entry to DB.
2022-08-07 15:50:29,003:db_repo:DEBUG:Adding An Entry to DB.
2022-08-07 15:50:29,008:db_repo:DEBUG:Adding An Entry to DB.
2022-08-07 15:50:29,012:db_repo:DEBUG:Adding An Entry to DB.
2022-08-07 15:50:29,017:db_repo:DEBUG:Adding An Entry to DB.
2022-08-07 15:50:29,024:db_repo:DEBUG:Adding An Entry to DB.
2022-08-07 15:50:29,028:db_repo:DEBUG:Adding An Entry to DB.
2022-08-07 15:50:29,033:db_repo:DEBUG:Adding An Entry to DB.
2022-08-07 15:50:29,040:db_repo:DEBUG:Adding An Entry to DB.
2022-08-07 15:50:29,045:db_repo:DEBUG:Adding An Entry to DB.
2022-08-07 15:50:29,050:db_repo:DEBUG:Adding An Entry to DB.
2022-08-07 15:50:29,057:db_repo:DEBUG:Adding An Entry to DB.
2022-08-07 15:50:29,061:db_repo:DEBUG:Adding An Entry to DB.
2022-08-07 15:50:29,065:db_repo:DEBUG:Adding An Entry to DB.
2022-08-07 15:50:29,073:db_repo:DEBUG:Adding An Entry to DB.
2022-08-07 15:50:29,078:db_repo:DEBUG:Adding An Entry to DB.
2022-08-07 15:50:29,082:db_repo:DEBUG:Adding An Entry to DB.
2022-08-07 15:50:29,088:db_repo:DEBUG:Adding An Entry to DB.
2022-08-07 15:50:29,093:db_repo:DEBUG:Adding An Entry to DB.
2022-08-07 15:50:29,096:db_repo:DEBUG:Adding An Entry to DB.
2022-08-07 15:50:29,103:db_repo:DEBUG:Adding An Entry to DB.
2022-08-07 15:50:29,107:db_repo:DEBUG:Adding An Entry to DB.
2022-08-07 15:50:29,113:db_repo:DEBUG:Adding An Entry to DB.
2022-08-07 15:50:29,118:db_repo:DEBUG:Adding An Entry to DB.
2022-08-07 15:50:29,124:db_repo:DEBUG:Adding An Entry to DB.
2022-08-07 15:50:29,129:db_repo:DEBUG:Adding An Entry to DB.
2022-08-07 15:50:29,132:db_repo:DEBUG:Adding An Entry to DB.
2022-08-07 15:50:29,139:db_repo:DEBUG:Adding An Entry to DB.
2022-08-07 15:50:29,144:db_repo:DEBUG:Adding An Entry to DB.
2022-08-07 15:50:29,148:db_repo:DEBUG:Adding An Entry to DB.
2022-08-07 15:50:29,154:db_repo:DEBUG:Adding An Entry to DB.
2022-08-07 15:50:29,158:db_repo:DEBUG:Adding An Entry to DB.
2022-08-07 15:50:29,162:db_repo:DEBUG:Adding An Entry to DB.
2022-08-07 15:50:29,166:db_repo:DEBUG:Adding An Entry to DB.
2022-08-07 15:50:29,171:db_repo:DEBUG:Adding An Entry to DB.
2022-08-07 15:50:29,174:db_repo:DEBUG:Adding An Entry to DB.
2022-08-07 15:50:29,178:db_repo:DEBUG:Adding An Entry to DB.
2022-08-07 15:50:29,183:db_repo:DEBUG:Adding An Entry to DB.
2022-08-07 15:50:29,189:db_repo:DEBUG:Adding An Entry to DB.
2022-08-07 15:50:29,194:db_repo:DEBUG:Adding An Entry to DB.
2022-08-07 15:50:29,198:db_repo:DEBUG:Adding An Entry to DB.
2022-08-07 15:50:29,203:db_repo:DEBUG:Adding An Entry to DB.
2022-08-07 15:50:29,208:db_repo:DEBUG:Adding An Entry to DB.
2022-08-07 15:50:29,212:db_repo:DEBUG:Adding An Entry to DB.
2022-08-07 15:50:29,217:db_repo:DEBUG:Adding An Entry to DB.
2022-08-07 15:50:29,224:db_repo:DEBUG:Adding An Entry to DB.
2022-08-07 15:50:29,228:db_repo:DEBUG:Adding An Entry to DB.
2022-08-07 15:50:29,232:db_repo:DEBUG:Adding An Entry to DB.
2022-08-07 15:50:29,237:db_repo:DEBUG:Adding An Entry to DB.
2022-08-07 15:50:29,240:db_repo:DEBUG:Adding An Entry to DB.
2022-08-07 15:50:29,243:db_repo:DEBUG:Adding An Entry to DB.
2022-08-07 15:50:29,246:db_repo:DEBUG:Adding An Entry to DB.
2022-08-07 15:50:29,249:db_repo:DEBUG:Adding An Entry to DB.
2022-08-07 15:50:29,253:db_repo:DEBUG:Adding An Entry to DB.
2022-08-07 15:50:29,257:db_repo:DEBUG:Adding An Entry to DB.
2022-08-07 15:50:29,261:db_repo:DEBUG:Adding An Entry to DB.
2022-08-07 15:50:29,264:db_repo:DEBUG:Adding An Entry to DB.
2022-08-07 15:50:29,267:db_repo:DEBUG:Adding An Entry to DB.
2022-08-07 15:50:29,270:db_repo:DEBUG:Adding An Entry to DB.
2022-08-07 15:50:29,273:db_repo:DEBUG:Adding An Entry to DB.
2022-08-07 15:50:29,276:db_repo:DEBUG:Adding An Entry to DB.
2022-08-07 15:50:29,279:db_repo:DEBUG:Adding An Entry to DB.
2022-08-07 15:50:29,283:db_repo:DEBUG:Adding An Entry to DB.
2022-08-07 15:50:29,289:db_repo:DEBUG:Adding An Entry to DB.
2022-08-07 15:50:29,292:db_repo:DEBUG:Adding An Entry to DB.
2022-08-07 15:50:29,297:db_repo:DEBUG:Adding An Entry to DB.
2022-08-07 15:50:29,302:db_repo:DEBUG:Adding An Entry to DB.
2022-08-07 15:50:29,306:db_repo:DEBUG:Adding An Entry to DB.
2022-08-07 15:50:29,309:db_repo:DEBUG:Adding An Entry to DB.
2022-08-07 15:50:29,312:db_repo:DEBUG:Adding An Entry to DB.
2022-08-07 15:50:29,315:db_repo:DEBUG:Adding An Entry to DB.
2022-08-07 15:50:29,320:db_repo:DEBUG:Adding An Entry to DB.
2022-08-07 15:50:29,323:db_repo:DEBUG:Adding An Entry to DB.
2022-08-07 15:50:29,327:db_repo:DEBUG:Adding An Entry to DB.
2022-08-07 15:50:29,330:db_repo:DEBUG:Adding An Entry to DB.
2022-08-07 15:50:29,335:db_repo:DEBUG:Adding An Entry to DB.
2022-08-07 15:50:29,339:db_repo:DEBUG:Adding An Entry to DB.
2022-08-07 15:50:29,343:db_repo:DEBUG:Adding An Entry to DB.
2022-08-07 15:50:29,346:db_repo:DEBUG:Adding An Entry to DB.
2022-08-07 15:50:29,349:db_repo:DEBUG:Adding An Entry to DB.
2022-08-07 15:50:29,354:db_repo:DEBUG:Adding An Entry to DB.
2022-08-07 15:50:29,356:db_repo:DEBUG:Adding An Entry to DB.
2022-08-07 15:50:29,359:db_repo:DEBUG:Adding An Entry to DB.
2022-08-07 15:50:29,361:db_repo:DEBUG:Adding An Entry to DB.
2022-08-07 15:50:29,363:db_repo:DEBUG:Adding An Entry to DB.
2022-08-07 15:50:29,365:db_repo:DEBUG:Adding An Entry to DB.
2022-08-07 15:50:29,370:db_repo:DEBUG:Adding An Entry to DB.
2022-08-07 15:50:29,373:db_repo:DEBUG:Adding An Entry to DB.
2022-08-07 15:50:29,412:db_repo:DEBUG:Adding An Entry to DB.
2022-08-07 15:50:29,416:db_repo:DEBUG:Adding An Entry to DB.
2022-08-07 15:50:29,419:db_repo:DEBUG:Adding An Entry to DB.
2022-08-07 15:50:29,423:db_repo:DEBUG:Adding An Entry to DB.
2022-08-07 15:50:29,426:db_repo:DEBUG:Adding An Entry to DB.
2022-08-07 15:50:29,429:db_repo:DEBUG:Adding An Entry to DB.
2022-08-07 15:50:29,435:db_repo:DEBUG:Adding An Entry to DB.
2022-08-07 15:50:29,438:db_repo:DEBUG:Adding An Entry to DB.
2022-08-07 15:50:29,441:db_repo:DEBUG:Adding An Entry to DB.
2022-08-07 15:50:29,445:db_repo:DEBUG:Adding An Entry to DB.
2022-08-07 15:50:29,448:db_repo:DEBUG:Adding An Entry to DB.
2022-08-07 15:50:29,453:db_repo:DEBUG:Adding An Entry to DB.
2022-08-07 15:50:29,457:db_repo:DEBUG:Adding An Entry to DB.
2022-08-07 15:50:29,459:db_repo:DEBUG:Adding An Entry to DB.
2022-08-07 15:50:29,463:db_repo:DEBUG:Adding An Entry to DB.
2022-08-07 15:50:29,467:db_repo:DEBUG:Adding An Entry to DB.
2022-08-07 15:50:29,470:db_repo:DEBUG:Adding An Entry to DB.
2022-08-07 15:50:29,474:db_repo:DEBUG:Adding An Entry to DB.
2022-08-07 15:50:29,478:db_repo:DEBUG:Adding An Entry to DB.
2022-08-07 15:50:29,483:db_repo:DEBUG:Adding An Entry to DB.
2022-08-07 15:50:29,488:db_repo:DEBUG:Adding An Entry to DB.
2022-08-07 15:50:29,491:db_repo:DEBUG:Adding An Entry to DB.
2022-08-07 15:50:29,494:db_repo:DEBUG:Adding An Entry to DB.
2022-08-07 15:50:29,497:db_repo:DEBUG:Adding An Entry to DB.
2022-08-07 15:50:29,499:db_repo:DEBUG:Adding An Entry to DB.
2022-08-07 15:50:29,502:db_repo:DEBUG:Adding An Entry to DB.
2022-08-07 15:50:29,506:db_repo:DEBUG:Adding An Entry to DB.
2022-08-07 15:50:29,509:db_repo:DEBUG:Adding An Entry to DB.
2022-08-07 15:50:29,511:db_repo:DEBUG:Adding An Entry to DB.
2022-08-07 15:50:29,513:db_repo:DEBUG:Adding An Entry to DB.
2022-08-07 15:50:29,515:db_repo:DEBUG:Adding An Entry to DB.
2022-08-07 15:50:29,517:db_repo:DEBUG:Adding An Entry to DB.
2022-08-07 15:50:29,521:db_repo:DEBUG:Adding An Entry to DB.
2022-08-07 15:50:29,524:db_repo:DEBUG:Adding An Entry to DB.
2022-08-07 15:50:29,526:db_repo:DEBUG:Adding An Entry to DB.
2022-08-07 15:50:29,528:db_repo:DEBUG:Adding An Entry to DB.
2022-08-07 15:50:29,530:db_repo:DEBUG:Adding An Entry to DB.
2022-08-07 15:50:29,532:db_repo:DEBUG:Adding An Entry to DB.
2022-08-07 15:50:29,535:db_repo:DEBUG:Adding An Entry to DB.
2022-08-07 15:50:29,540:db_repo:DEBUG:Adding An Entry to DB.
2022-08-07 15:50:29,543:db_repo:DEBUG:Adding An Entry to DB.
2022-08-07 15:50:29,545:db_repo:DEBUG:Adding An Entry to DB.
2022-08-07 15:50:29,547:db_repo:DEBUG:Adding An Entry to DB.
2022-08-07 15:50:29,549:db_repo:DEBUG:Adding An Entry to DB.
2022-08-07 15:50:29,551:db_repo:DEBUG:Adding An Entry to DB.
2022-08-07 15:50:29,555:db_repo:DEBUG:Adding An Entry to DB.
2022-08-07 15:50:29,558:db_repo:DEBUG:Adding An Entry to DB.
2022-08-07 15:50:29,560:db_repo:DEBUG:Adding An Entry to DB.
2022-08-07 15:50:29,562:db_repo:DEBUG:Adding An Entry to DB.
2022-08-07 15:50:29,564:db_repo:DEBUG:Adding An Entry to DB.
2022-08-07 15:50:29,567:db_repo:DEBUG:Adding An Entry to DB.
2022-08-07 15:50:29,571:db_repo:DEBUG:Adding An Entry to DB.
2022-08-07 15:50:29,574:db_repo:DEBUG:Adding An Entry to DB.
2022-08-07 15:50:29,577:db_repo:DEBUG:Adding An Entry to DB.
2022-08-07 15:50:29,579:db_repo:DEBUG:Adding An Entry to DB.
2022-08-07 15:50:29,581:db_repo:DEBUG:Adding An Entry to DB.
2022-08-07 15:50:29,583:db_repo:DEBUG:Adding An Entry to DB.
2022-08-07 15:50:29,586:db_repo:DEBUG:Adding An Entry to DB.
2022-08-07 15:50:29,592:db_repo:DEBUG:Adding An Entry to DB.
2022-08-07 15:50:29,596:db_repo:DEBUG:Adding An Entry to DB.
2022-08-07 15:50:29,599:db_repo:DEBUG:Adding An Entry to DB.
2022-08-07 15:50:29,601:db_repo:DEBUG:Adding An Entry to DB.
2022-08-07 15:50:29,603:db_repo:DEBUG:Adding An Entry to DB.
2022-08-07 15:50:29,606:db_repo:DEBUG:Adding An Entry to DB.
2022-08-07 15:50:29,610:db_repo:DEBUG:Adding An Entry to DB.
2022-08-07 15:50:29,612:db_repo:DEBUG:Adding An Entry to DB.
2022-08-07 15:50:29,614:db_repo:DEBUG:Adding An Entry to DB.
2022-08-07 15:50:29,616:db_repo:DEBUG:Adding An Entry to DB.
2022-08-07 15:50:29,620:db_repo:DEBUG:Adding An Entry to DB.
2022-08-07 15:50:29,622:db_repo:DEBUG:Adding An Entry to DB.
2022-08-07 15:50:29,627:db_repo:DEBUG:Adding An Entry to DB.
2022-08-07 15:50:29,630:db_repo:DEBUG:Adding An Entry to DB.
2022-08-07 15:50:29,632:db_repo:DEBUG:Adding An Entry to DB.
2022-08-07 15:50:29,635:db_repo:DEBUG:Adding An Entry to DB.
2022-08-07 15:50:29,638:db_repo:DEBUG:Adding An Entry to DB.
2022-08-07 15:50:29,640:db_repo:DEBUG:Adding An Entry to DB.
2022-08-07 15:50:29,643:db_repo:DEBUG:Adding An Entry to DB.
2022-08-07 15:50:29,645:db_repo:DEBUG:Adding An Entry to DB.
2022-08-07 15:50:29,647:db_repo:DEBUG:Adding An Entry to DB.
2022-08-07 15:50:29,651:db_repo:DEBUG:Adding An Entry to DB.
2022-08-07 15:50:29,656:db_repo:DEBUG:Adding An Entry to DB.
2022-08-07 15:50:29,659:db_repo:DEBUG:Adding An Entry to DB.
2022-08-07 15:50:29,661:db_repo:DEBUG:Adding An Entry to DB.
2022-08-07 15:50:29,664:db_repo:DEBUG:Adding An Entry to DB.
2022-08-07 15:50:29,667:db_repo:DEBUG:Adding An Entry to DB.
2022-08-07 15:50:29,670:db_repo:DEBUG:Adding An Entry to DB.
2022-08-07 15:50:29,674:db_repo:DEBUG:Adding An Entry to DB.
2022-08-07 15:50:29,676:db_repo:DEBUG:Adding An Entry to DB.
2022-08-07 15:50:29,678:db_repo:DEBUG:Adding An Entry to DB.
2022-08-07 15:50:29,680:db_repo:DEBUG:Adding An Entry to DB.
2022-08-07 15:50:29,683:db_repo:DEBUG:Adding An Entry to DB.
2022-08-07 15:50:29,687:db_repo:DEBUG:Adding An Entry to DB.
2022-08-07 15:50:29,691:db_repo:DEBUG:Adding An Entry to DB.
2022-08-07 15:50:29,694:db_repo:DEBUG:Adding An Entry to DB.
2022-08-07 15:50:29,697:db_repo:DEBUG:Adding An Entry to DB.
2022-08-07 15:50:29,700:db_repo:DEBUG:Adding An Entry to DB.
2022-08-07 15:50:29,703:db_repo:DEBUG:Adding An Entry to DB.
2022-08-07 15:50:29,707:db_repo:DEBUG:Adding An Entry to DB.
2022-08-07 15:50:29,710:db_repo:DEBUG:Adding An Entry to DB.
2022-08-07 15:50:29,712:db_repo:DEBUG:Adding An Entry to DB.
2022-08-07 15:50:29,714:db_repo:DEBUG:Adding An Entry to DB.
2022-08-07 15:50:29,717:db_repo:DEBUG:Adding An Entry to DB.
2022-08-07 15:50:29,722:db_repo:DEBUG:Adding An Entry to DB.
2022-08-07 15:50:29,726:db_repo:DEBUG:Adding An Entry to DB.
2022-08-07 15:50:29,728:db_repo:DEBUG:Adding An Entry to DB.
2022-08-07 15:50:29,730:db_repo:DEBUG:Adding An Entry to DB.
2022-08-07 15:50:29,733:db_repo:DEBUG:Adding An Entry to DB.
2022-08-07 15:50:29,738:db_repo:DEBUG:Adding An Entry to DB.
2022-08-07 15:50:29,741:db_repo:DEBUG:Adding An Entry to DB.
2022-08-07 15:50:29,743:db_repo:DEBUG:Adding An Entry to DB.
2022-08-07 15:50:29,746:db_repo:DEBUG:Adding An Entry to DB.
2022-08-07 15:50:29,748:db_repo:DEBUG:Adding An Entry to DB.
2022-08-07 15:50:29,751:db_repo:DEBUG:Adding An Entry to DB.
2022-08-07 15:50:29,754:db_repo:DEBUG:Adding An Entry to DB.
2022-08-07 15:50:29,758:db_repo:DEBUG:Adding An Entry to DB.
2022-08-07 15:50:29,761:db_repo:DEBUG:Adding An Entry to DB.
2022-08-07 15:50:29,764:db_repo:DEBUG:Adding An Entry to DB.
2022-08-07 15:50:29,767:db_repo:DEBUG:Adding An Entry to DB.
2022-08-07 15:50:29,770:db_repo:DEBUG:Adding An Entry to DB.
2022-08-07 15:50:29,774:db_repo:DEBUG:Adding An Entry to DB.
2022-08-07 15:50:29,778:db_repo:DEBUG:Adding An Entry to DB.
2022-08-07 15:50:29,781:db_repo:DEBUG:Adding An Entry to DB.
2022-08-07 15:50:29,783:db_repo:DEBUG:Adding An Entry to DB.
2022-08-07 15:50:29,785:db_repo:DEBUG:Adding An Entry to DB.
2022-08-07 15:50:29,789:db_repo:DEBUG:Adding An Entry to DB.
2022-08-07 15:50:29,792:db_repo:DEBUG:Adding An Entry to DB.
2022-08-07 15:50:29,795:db_repo:DEBUG:Adding An Entry to DB.
2022-08-07 15:50:29,797:db_repo:DEBUG:Adding An Entry to DB.
2022-08-07 15:50:29,799:db_repo:DEBUG:Adding An Entry to DB.
2022-08-07 15:50:29,802:db_repo:DEBUG:Adding An Entry to DB.
2022-08-07 15:50:29,806:db_repo:DEBUG:Adding An Entry to DB.
2022-08-07 15:50:29,808:db_repo:DEBUG:Adding An Entry to DB.
2022-08-07 15:50:29,810:db_repo:DEBUG:Adding An Entry to DB.
2022-08-07 15:50:29,813:db_repo:DEBUG:Adding An Entry to DB.
2022-08-07 15:50:29,815:db_repo:DEBUG:Adding An Entry to DB.
2022-08-07 15:50:29,818:db_repo:DEBUG:Adding An Entry to DB.
2022-08-07 15:50:29,821:db_repo:DEBUG:Adding An Entry to DB.
2022-08-07 15:50:29,825:db_repo:DEBUG:Adding An Entry to DB.
2022-08-07 15:50:29,827:db_repo:DEBUG:Adding An Entry to DB.
2022-08-07 15:50:29,829:db_repo:DEBUG:Adding Multiple Entries to DB.
2022-08-07 15:50:30,377:db_repo:DEBUG:Adding Multiple Entries to DB.
2022-08-07 15:50:30,390:db_repo:DEBUG:Adding Multiple Entries to DB.
2022-08-07 15:50:30,402:db_repo:DEBUG:Adding Multiple Entries to DB.
2022-08-07 15:50:30,413:db_repo:DEBUG:Adding Multiple Entries to DB.
2022-08-07 15:50:30,428:db_repo:DEBUG:Adding Multiple Entries to DB.
2022-08-07 15:50:30,440:db_repo:DEBUG:Adding Multiple Entries to DB.
2022-08-07 15:50:30,495:db_repo:DEBUG:From C:\git\pyCodeBasement\FINAL_PROJECT\db_files\sp_file.sql - All SP were created.
2022-08-07 15:52:58,816:facade_anonymus:DEBUG:Attempting Logging-in...
2022-08-07 15:52:59,041:facade_anonymus:INFO:Welcome, l10r
2022-08-07 15:52:59,047:facade_anonymus:DEBUG:Attempting Logging-in...
2022-08-07 15:52:59,129:facade_anonymus:INFO:Welcome, m4x1m
2022-08-07 15:52:59,135:facade_anonymus:DEBUG:Attempting Logging-in...
2022-08-07 15:52:59,221:facade_anonymus:INFO:Welcome, 3m1l
2022-08-07 15:56:15,076:facade_anonymus:DEBUG:Attempting Logging-in...
2022-08-07 15:56:15,225:facade_anonymus:INFO:Welcome, l10r
2022-08-07 15:56:15,225:facade_anonymus:DEBUG:Attempting Logging-in...
2022-08-07 15:56:15,373:facade_anonymus:INFO:Welcome, m4x1m
2022-08-07 15:56:15,377:facade_anonymus:DEBUG:Attempting Logging-in...
2022-08-07 15:56:15,457:facade_anonymus:INFO:Welcome, 3m1l
2022-08-07 15:58:37,896:facade_anonymus:DEBUG:Attempting Logging-in...
2022-08-07 15:58:38,047:facade_anonymus:INFO:Welcome, l10r
2022-08-07 15:58:38,053:facade_anonymus:DEBUG:Attempting Logging-in...
2022-08-07 15:58:38,134:facade_anonymus:INFO:Welcome, m4x1m
2022-08-07 15:58:38,141:facade_anonymus:DEBUG:Attempting Logging-in...
2022-08-07 15:58:38,223:facade_anonymus:INFO:Welcome, 3m1l
2022-08-07 16:03:00,944:facade_anonymus:DEBUG:Attempting Logging-in...
2022-08-07 16:03:01,100:facade_anonymus:INFO:Welcome, l10r
2022-08-07 16:03:01,108:facade_anonymus:DEBUG:Attempting Logging-in...
2022-08-07 16:03:01,197:facade_anonymus:INFO:Welcome, m4x1m
2022-08-07 16:03:01,204:facade_anonymus:DEBUG:Attempting Logging-in...
2022-08-07 16:03:01,316:facade_anonymus:INFO:Welcome, 3m1l
2022-08-07 16:08:47,068:facade_anonymus:DEBUG:Attempting Logging-in...
2022-08-07 16:08:47,228:facade_anonymus:INFO:Welcome, l10r
2022-08-07 16:08:47,237:facade_anonymus:DEBUG:Attempting Logging-in...
2022-08-07 16:08:47,322:facade_anonymus:INFO:Welcome, m4x1m
2022-08-07 16:08:47,328:facade_anonymus:DEBUG:Attempting Logging-in...
2022-08-07 16:08:47,407:facade_anonymus:INFO:Welcome, 3m1l
2022-08-07 16:10:55,722:facade_anonymus:DEBUG:Attempting Logging-in...
2022-08-07 16:10:55,904:facade_anonymus:INFO:Welcome, l10r
2022-08-07 16:10:55,914:facade_anonymus:DEBUG:Attempting Logging-in...
2022-08-07 16:10:55,999:facade_anonymus:INFO:Welcome, m4x1m
2022-08-07 16:10:56,010:facade_anonymus:DEBUG:Attempting Logging-in...
2022-08-07 16:10:56,096:facade_anonymus:INFO:Welcome, 3m1l
2022-08-07 16:11:15,682:facade_anonymus:DEBUG:Attempting Logging-in...
2022-08-07 16:11:15,850:facade_anonymus:INFO:Welcome, l10r
2022-08-07 16:11:15,856:facade_anonymus:DEBUG:Attempting Logging-in...
2022-08-07 16:11:15,940:facade_anonymus:INFO:Welcome, m4x1m
2022-08-07 16:11:15,947:facade_anonymus:DEBUG:Attempting Logging-in...
2022-08-07 16:11:16,033:facade_anonymus:INFO:Welcome, 3m1l
2022-08-07 16:12:08,589:facade_anonymus:DEBUG:Attempting Logging-in...
2022-08-07 16:12:08,756:facade_anonymus:INFO:Welcome, l10r
2022-08-07 16:12:08,761:facade_anonymus:DEBUG:Attempting Logging-in...
2022-08-07 16:12:08,879:facade_anonymus:INFO:Welcome, m4x1m
2022-08-07 16:12:08,888:facade_anonymus:DEBUG:Attempting Logging-in...
2022-08-07 16:12:08,996:facade_anonymus:INFO:Welcome, 3m1l
