2022-08-16 21:28:42,970:facade_anonymus:DEBUG:Setting up new customer and user...
2022-08-16 21:28:43,025:facade_base:INFO:User boris2 created!
2022-08-16 21:28:43,025:db_repo:DEBUG:Adding An Entry to DB.
2022-08-16 21:28:43,041:facade_anonymus:INFO:User boris2 created!
2022-08-16 21:28:43,041:db_repo:DEBUG:Adding An Entry to DB.
2022-08-16 21:28:43,055:facade_anonymus:INFO:Customer Boris22 Musnikov22 created!
2022-08-16 21:29:29,485:facade_anonymus:DEBUG:Setting up new customer and user...
2022-08-16 21:29:29,491:facade_base:INFO:User boris3 created!
2022-08-16 21:29:29,491:db_repo:DEBUG:Adding An Entry to DB.
2022-08-16 21:29:29,502:facade_anonymus:INFO:User boris3 created!
2022-08-16 21:29:29,502:db_repo:DEBUG:Adding An Entry to DB.
2022-08-16 21:29:29,509:facade_anonymus:INFO:Customer Boris333 Musnikov333 created!
2022-08-16 21:40:50,277:facade_anonymus:DEBUG:Setting up new customer and user...
2022-08-16 21:40:50,281:facade_base:INFO:User boris4 created!
2022-08-16 21:40:50,282:db_repo:DEBUG:Adding An Entry to DB.
2022-08-16 21:40:50,294:facade_anonymus:INFO:User boris4 created!
2022-08-16 21:40:50,294:db_repo:DEBUG:Adding An Entry to DB.
2022-08-16 21:40:50,302:facade_anonymus:INFO:Customer Boris44 Musnikov44 created!
2022-08-16 21:49:09,428:facade_anonymus:DEBUG:Setting up new customer and user...
2022-08-16 21:49:09,433:facade_base:INFO:User boris5 created!
2022-08-16 21:49:09,433:db_repo:DEBUG:Adding An Entry to DB.
2022-08-16 21:49:09,445:facade_anonymus:INFO:User boris5 created!
2022-08-16 21:49:09,445:db_repo:DEBUG:Adding An Entry to DB.
2022-08-16 21:49:09,451:facade_anonymus:INFO:Customer Boris5 Musnikov5 created!
2022-08-16 21:56:12,720:facade_anonymus:DEBUG:Setting up new customer and user...
2022-08-16 21:56:12,732:facade_base:INFO:User boris6 created!
2022-08-16 21:56:12,732:db_repo:DEBUG:Adding An Entry to DB.
2022-08-16 21:56:12,745:facade_anonymus:INFO:User boris6 created!
2022-08-16 21:56:12,745:db_repo:DEBUG:Adding An Entry to DB.
2022-08-16 21:56:12,753:facade_anonymus:INFO:Customer Boris6 Musnikov6 created!
